<?xml version="1.0" encoding="UTF-8"?>
<coverage generated="1764783904710" clover="3.2.0">
  <project timestamp="1764783904710" name="All files">
    <metrics statements="5439" coveredstatements="3886" conditionals="1310" coveredconditionals="862" methods="268" coveredmethods="139" elements="7017" coveredelements="4887" complexity="0" loc="5439" ncloc="5439" packages="3" files="15" classes="15"/>
    <package name="src">
      <metrics statements="484" coveredstatements="388" conditionals="125" coveredconditionals="74" methods="37" coveredmethods="31"/>
      <file name="App.jsx" path="C:\Users\c23055508\Documents\Frameworks assignment\Working\team-13-group-project\frontend\src\App.jsx">
        <metrics statements="171" coveredstatements="130" conditionals="54" coveredconditionals="31" methods="9" coveredmethods="6"/>
        <line num="1" count="1" type="stmt"/>
        <line num="2" count="1" type="stmt"/>
        <line num="3" count="1" type="stmt"/>
        <line num="4" count="1" type="stmt"/>
        <line num="5" count="1" type="stmt"/>
        <line num="6" count="1" type="stmt"/>
        <line num="7" count="1" type="stmt"/>
        <line num="8" count="1" type="stmt"/>
        <line num="9" count="1" type="stmt"/>
        <line num="10" count="1" type="stmt"/>
        <line num="11" count="1" type="stmt"/>
        <line num="12" count="1" type="stmt"/>
        <line num="13" count="1" type="stmt"/>
        <line num="14" count="1" type="stmt"/>
        <line num="15" count="1" type="stmt"/>
        <line num="16" count="1" type="stmt"/>
        <line num="17" count="1" type="stmt"/>
        <line num="19" count="1" type="cond" truecount="1" falsecount="0"/>
        <line num="20" count="11" type="cond" truecount="0" falsecount="1"/>
        <line num="21" count="11" type="stmt"/>
        <line num="22" count="11" type="stmt"/>
        <line num="23" count="11" type="cond" truecount="0" falsecount="2"/>
        <line num="24" count="11" type="cond" truecount="2" falsecount="0"/>
        <line num="25" count="11" type="cond" truecount="2" falsecount="0"/>
        <line num="26" count="11" type="cond" truecount="2" falsecount="0"/>
        <line num="27" count="11" type="stmt"/>
        <line num="28" count="11" type="cond" truecount="0" falsecount="1"/>
        <line num="29" count="11" type="stmt"/>
        <line num="30" count="11" type="stmt"/>
        <line num="31" count="11" type="stmt"/>
        <line num="33" count="11" type="cond" truecount="0" falsecount="1"/>
        <line num="34" count="11" type="cond" truecount="0" falsecount="2"/>
        <line num="35" count="11" type="stmt"/>
        <line num="38" count="1" type="stmt"/>
        <line num="39" count="1" type="stmt"/>
        <line num="40" count="1" type="stmt"/>
        <line num="43" count="15" type="cond" truecount="1" falsecount="0"/>
        <line num="44" count="15" type="stmt"/>
        <line num="45" count="15" type="cond" truecount="1" falsecount="0"/>
        <line num="46" count="13" type="cond" truecount="1" falsecount="0"/>
        <line num="47" count="13" type="cond" truecount="1" falsecount="0"/>
        <line num="48" count="8" type="cond" truecount="0" falsecount="1"/>
        <line num="49" count="8" type="stmt"/>
        <line num="50" count="8" type="cond" truecount="1" falsecount="0"/>
        <line num="51" count="5" type="cond" truecount="0" falsecount="1"/>
        <line num="52" count="5" type="cond" truecount="1" falsecount="0"/>
        <line num="53" count="1" type="stmt"/>
        <line num="54" count="1" type="stmt"/>
        <line num="55" count="1" type="stmt"/>
        <line num="56" count="1" type="cond" truecount="1" falsecount="0"/>
        <line num="57" count="5" type="cond" truecount="1" falsecount="2"/>
        <line num="58" count="4" type="stmt"/>
        <line num="59" count="4" type="cond" truecount="1" falsecount="0"/>
        <line num="61" count="4" type="stmt"/>
        <line num="62" count="4" type="cond" truecount="0" falsecount="1"/>
        <line num="63" count="0" type="stmt"/>
        <line num="64" count="0" type="stmt"/>
        <line num="65" count="0" type="stmt"/>
        <line num="66" count="0" type="stmt"/>
        <line num="67" count="0" type="stmt"/>
        <line num="68" count="0" type="stmt"/>
        <line num="70" count="4" type="stmt"/>
        <line num="71" count="4" type="cond" truecount="1" falsecount="0"/>
        <line num="73" count="4" type="cond" truecount="2" falsecount="0"/>
        <line num="74" count="1" type="stmt"/>
        <line num="76" count="1" type="stmt"/>
        <line num="77" count="1" type="stmt"/>
        <line num="78" count="4" type="cond" truecount="0" falsecount="1"/>
        <line num="80" count="4" type="stmt"/>
        <line num="81" count="4" type="cond" truecount="0" falsecount="1"/>
        <line num="82" count="0" type="stmt"/>
        <line num="83" count="0" type="stmt"/>
        <line num="84" count="0" type="stmt"/>
        <line num="85" count="0" type="stmt"/>
        <line num="87" count="0" type="stmt"/>
        <line num="88" count="0" type="cond" truecount="1" falsecount="0"/>
        <line num="90" count="1" type="stmt"/>
        <line num="91" count="4" type="cond" truecount="0" falsecount="1"/>
        <line num="92" count="0" type="stmt"/>
        <line num="93" count="0" type="stmt"/>
        <line num="94" count="0" type="stmt"/>
        <line num="95" count="0" type="stmt"/>
        <line num="96" count="0" type="stmt"/>
        <line num="97" count="0" type="cond" truecount="1" falsecount="0"/>
        <line num="99" count="1" type="cond" truecount="1" falsecount="0"/>
        <line num="100" count="4" type="stmt"/>
        <line num="101" count="4" type="stmt"/>
        <line num="102" count="4" type="stmt"/>
        <line num="103" count="5" type="cond" truecount="1" falsecount="0"/>
        <line num="105" count="8" type="cond" truecount="2" falsecount="0"/>
        <line num="106" count="3" type="cond" truecount="0" falsecount="1"/>
        <line num="107" count="3" type="cond" truecount="0" falsecount="1"/>
        <line num="108" count="0" type="stmt"/>
        <line num="109" count="0" type="stmt"/>
        <line num="110" count="0" type="stmt"/>
        <line num="111" count="0" type="stmt"/>
        <line num="112" count="3" type="stmt"/>
        <line num="113" count="3" type="cond" truecount="1" falsecount="0"/>
        <line num="114" count="3" type="stmt"/>
        <line num="115" count="3" type="stmt"/>
        <line num="116" count="3" type="cond" truecount="0" falsecount="1"/>
        <line num="117" count="3" type="stmt"/>
        <line num="118" count="3" type="stmt"/>
        <line num="119" count="3" type="cond" truecount="1" falsecount="1"/>
        <line num="120" count="0" type="cond" truecount="0" falsecount="1"/>
        <line num="121" count="0" type="stmt"/>
        <line num="122" count="3" type="stmt"/>
        <line num="123" count="3" type="cond" truecount="0" falsecount="1"/>
        <line num="124" count="3" type="stmt"/>
        <line num="125" count="3" type="stmt"/>
        <line num="126" count="3" type="cond" truecount="0" falsecount="1"/>
        <line num="128" count="8" type="cond" truecount="0" falsecount="1"/>
        <line num="129" count="0" type="stmt"/>
        <line num="130" count="0" type="stmt"/>
        <line num="131" count="0" type="stmt"/>
        <line num="132" count="0" type="stmt"/>
        <line num="133" count="0" type="stmt"/>
        <line num="134" count="0" type="stmt"/>
        <line num="135" count="0" type="stmt"/>
        <line num="136" count="8" type="stmt"/>
        <line num="137" count="13" type="stmt"/>
        <line num="138" count="13" type="cond" truecount="1" falsecount="0"/>
        <line num="139" count="15" type="stmt"/>
        <line num="140" count="15" type="stmt"/>
        <line num="141" count="15" type="stmt"/>
        <line num="143" count="9" type="cond" truecount="1" falsecount="0"/>
        <line num="144" count="9" type="cond" truecount="1" falsecount="0"/>
        <line num="145" count="9" type="cond" truecount="1" falsecount="0"/>
        <line num="146" count="9" type="stmt"/>
        <line num="147" count="9" type="stmt"/>
        <line num="148" count="9" type="stmt"/>
        <line num="150" count="9" type="stmt"/>
        <line num="151" count="9" type="stmt"/>
        <line num="152" count="9" type="stmt"/>
        <line num="153" count="9" type="stmt"/>
        <line num="154" count="0" type="stmt"/>
        <line num="155" count="0" type="stmt"/>
        <line num="156" count="0" type="stmt"/>
        <line num="157" count="0" type="stmt"/>
        <line num="158" count="9" type="stmt"/>
        <line num="160" count="9" type="stmt"/>
        <line num="161" count="9" type="stmt"/>
        <line num="162" count="9" type="stmt"/>
        <line num="163" count="9" type="stmt"/>
        <line num="164" count="9" type="stmt"/>
        <line num="165" count="9" type="stmt"/>
        <line num="166" count="9" type="stmt"/>
        <line num="167" count="9" type="stmt"/>
        <line num="168" count="9" type="stmt"/>
        <line num="169" count="9" type="stmt"/>
        <line num="170" count="9" type="stmt"/>
        <line num="171" count="9" type="stmt"/>
        <line num="172" count="9" type="stmt"/>
        <line num="173" count="9" type="stmt"/>
        <line num="174" count="9" type="stmt"/>
        <line num="175" count="9" type="stmt"/>
        <line num="176" count="9" type="stmt"/>
        <line num="177" count="9" type="stmt"/>
        <line num="178" count="9" type="stmt"/>
        <line num="179" count="9" type="stmt"/>
        <line num="180" count="9" type="stmt"/>
        <line num="181" count="9" type="stmt"/>
        <line num="182" count="9" type="stmt"/>
        <line num="184" count="9" type="stmt"/>
        <line num="186" count="0" type="stmt"/>
        <line num="187" count="0" type="stmt"/>
        <line num="188" count="0" type="stmt"/>
        <line num="189" count="0" type="stmt"/>
        <line num="190" count="0" type="stmt"/>
        <line num="191" count="0" type="stmt"/>
        <line num="193" count="1" type="stmt"/>
      </file>
      <file name="api.js" path="C:\Users\c23055508\Documents\Frameworks assignment\Working\team-13-group-project\frontend\src\api.js">
        <metrics statements="255" coveredstatements="215" conditionals="57" coveredconditionals="37" methods="25" coveredmethods="23"/>
        <line num="1" count="1" type="stmt"/>
        <line num="2" count="1" type="stmt"/>
        <line num="3" count="1" type="stmt"/>
        <line num="4" count="1" type="cond" truecount="1" falsecount="0"/>
        <line num="5" count="2" type="stmt"/>
        <line num="6" count="2" type="stmt"/>
        <line num="7" count="2" type="stmt"/>
        <line num="8" count="2" type="stmt"/>
        <line num="9" count="2" type="stmt"/>
        <line num="10" count="2" type="cond" truecount="1" falsecount="1"/>
        <line num="11" count="1" type="stmt"/>
        <line num="12" count="1" type="stmt"/>
        <line num="13" count="1" type="stmt"/>
        <line num="14" count="1" type="cond" truecount="1" falsecount="0"/>
        <line num="15" count="2" type="stmt"/>
        <line num="16" count="2" type="stmt"/>
        <line num="17" count="2" type="stmt"/>
        <line num="18" count="2" type="stmt"/>
        <line num="19" count="2" type="stmt"/>
        <line num="20" count="2" type="cond" truecount="1" falsecount="1"/>
        <line num="21" count="1" type="stmt"/>
        <line num="22" count="1" type="stmt"/>
        <line num="23" count="1" type="stmt"/>
        <line num="24" count="1" type="cond" truecount="1" falsecount="0"/>
        <line num="25" count="3" type="stmt"/>
        <line num="26" count="3" type="cond" truecount="1" falsecount="0"/>
        <line num="27" count="2" type="cond" truecount="1" falsecount="0"/>
        <line num="28" count="2" type="stmt"/>
        <line num="29" count="2" type="stmt"/>
        <line num="30" count="3" type="cond" truecount="1" falsecount="1"/>
        <line num="31" count="1" type="stmt"/>
        <line num="32" count="1" type="stmt"/>
        <line num="33" count="1" type="stmt"/>
        <line num="34" count="1" type="cond" truecount="1" falsecount="0"/>
        <line num="35" count="2" type="stmt"/>
        <line num="36" count="2" type="cond" truecount="1" falsecount="0"/>
        <line num="37" count="1" type="stmt"/>
        <line num="38" count="1" type="stmt"/>
        <line num="39" count="1" type="stmt"/>
        <line num="40" count="1" type="cond" truecount="1" falsecount="0"/>
        <line num="41" count="2" type="stmt"/>
        <line num="42" count="2" type="cond" truecount="1" falsecount="0"/>
        <line num="43" count="1" type="stmt"/>
        <line num="44" count="1" type="stmt"/>
        <line num="45" count="1" type="stmt"/>
        <line num="46" count="1" type="cond" truecount="1" falsecount="0"/>
        <line num="47" count="4" type="stmt"/>
        <line num="48" count="4" type="cond" truecount="2" falsecount="0"/>
        <line num="49" count="4" type="cond" truecount="1" falsecount="0"/>
        <line num="50" count="4" type="cond" truecount="2" falsecount="0"/>
        <line num="51" count="4" type="stmt"/>
        <line num="52" count="4" type="cond" truecount="0" falsecount="1"/>
        <line num="53" count="4" type="stmt"/>
        <line num="54" count="4" type="stmt"/>
        <line num="55" count="1" type="stmt"/>
        <line num="56" count="1" type="cond" truecount="1" falsecount="0"/>
        <line num="57" count="1" type="stmt"/>
        <line num="58" count="1" type="cond" truecount="0" falsecount="1"/>
        <line num="59" count="1" type="stmt"/>
        <line num="60" count="1" type="stmt"/>
        <line num="61" count="1" type="stmt"/>
        <line num="62" count="1" type="cond" truecount="1" falsecount="0"/>
        <line num="63" count="1" type="stmt"/>
        <line num="64" count="1" type="stmt"/>
        <line num="65" count="1" type="stmt"/>
        <line num="66" count="1" type="stmt"/>
        <line num="67" count="1" type="stmt"/>
        <line num="68" count="1" type="stmt"/>
        <line num="69" count="1" type="stmt"/>
        <line num="70" count="1" type="stmt"/>
        <line num="71" count="1" type="stmt"/>
        <line num="72" count="1" type="cond" truecount="0" falsecount="1"/>
        <line num="73" count="0" type="stmt"/>
        <line num="74" count="0" type="stmt"/>
        <line num="75" count="0" type="stmt"/>
        <line num="76" count="1" type="stmt"/>
        <line num="77" count="1" type="stmt"/>
        <line num="78" count="1" type="stmt"/>
        <line num="79" count="1" type="stmt"/>
        <line num="80" count="1" type="stmt"/>
        <line num="81" count="1" type="cond" truecount="1" falsecount="0"/>
        <line num="82" count="15" type="stmt"/>
        <line num="83" count="15" type="cond" truecount="2" falsecount="0"/>
        <line num="84" count="15" type="stmt"/>
        <line num="85" count="1" type="stmt"/>
        <line num="86" count="1" type="cond" truecount="1" falsecount="0"/>
        <line num="87" count="1" type="stmt"/>
        <line num="88" count="1" type="cond" truecount="0" falsecount="1"/>
        <line num="89" count="0" type="stmt"/>
        <line num="90" count="0" type="stmt"/>
        <line num="91" count="1" type="stmt"/>
        <line num="92" count="1" type="stmt"/>
        <line num="93" count="1" type="stmt"/>
        <line num="94" count="1" type="stmt"/>
        <line num="95" count="1" type="cond" truecount="1" falsecount="0"/>
        <line num="96" count="1" type="stmt"/>
        <line num="97" count="1" type="cond" truecount="0" falsecount="1"/>
        <line num="98" count="1" type="stmt"/>
        <line num="99" count="1" type="stmt"/>
        <line num="100" count="1" type="stmt"/>
        <line num="101" count="1" type="cond" truecount="1" falsecount="0"/>
        <line num="102" count="1" type="stmt"/>
        <line num="103" count="1" type="stmt"/>
        <line num="104" count="1" type="stmt"/>
        <line num="105" count="1" type="stmt"/>
        <line num="106" count="1" type="stmt"/>
        <line num="107" count="1" type="cond" truecount="0" falsecount="1"/>
        <line num="108" count="0" type="stmt"/>
        <line num="109" count="0" type="stmt"/>
        <line num="110" count="0" type="stmt"/>
        <line num="111" count="1" type="stmt"/>
        <line num="112" count="1" type="stmt"/>
        <line num="113" count="1" type="stmt"/>
        <line num="114" count="1" type="cond" truecount="1" falsecount="0"/>
        <line num="115" count="1" type="stmt"/>
        <line num="116" count="1" type="stmt"/>
        <line num="117" count="1" type="stmt"/>
        <line num="118" count="1" type="cond" truecount="0" falsecount="1"/>
        <line num="119" count="1" type="stmt"/>
        <line num="120" count="1" type="stmt"/>
        <line num="121" count="1" type="stmt"/>
        <line num="122" count="1" type="cond" truecount="1" falsecount="0"/>
        <line num="123" count="1" type="stmt"/>
        <line num="124" count="1" type="stmt"/>
        <line num="125" count="1" type="stmt"/>
        <line num="126" count="1" type="stmt"/>
        <line num="127" count="1" type="stmt"/>
        <line num="128" count="1" type="cond" truecount="0" falsecount="1"/>
        <line num="129" count="1" type="stmt"/>
        <line num="130" count="1" type="stmt"/>
        <line num="131" count="1" type="stmt"/>
        <line num="132" count="1" type="cond" truecount="1" falsecount="0"/>
        <line num="133" count="1" type="stmt"/>
        <line num="134" count="1" type="stmt"/>
        <line num="135" count="1" type="stmt"/>
        <line num="136" count="1" type="stmt"/>
        <line num="137" count="1" type="cond" truecount="0" falsecount="1"/>
        <line num="138" count="1" type="stmt"/>
        <line num="139" count="1" type="stmt"/>
        <line num="140" count="1" type="stmt"/>
        <line num="141" count="1" type="cond" truecount="1" falsecount="0"/>
        <line num="142" count="1" type="stmt"/>
        <line num="143" count="1" type="stmt"/>
        <line num="144" count="1" type="stmt"/>
        <line num="145" count="1" type="stmt"/>
        <line num="146" count="1" type="cond" truecount="0" falsecount="1"/>
        <line num="147" count="1" type="stmt"/>
        <line num="148" count="1" type="stmt"/>
        <line num="149" count="1" type="stmt"/>
        <line num="150" count="1" type="cond" truecount="1" falsecount="0"/>
        <line num="151" count="1" type="stmt"/>
        <line num="152" count="1" type="stmt"/>
        <line num="153" count="1" type="stmt"/>
        <line num="154" count="1" type="cond" truecount="0" falsecount="1"/>
        <line num="155" count="1" type="stmt"/>
        <line num="156" count="1" type="stmt"/>
        <line num="157" count="1" type="stmt"/>
        <line num="158" count="1" type="cond" truecount="1" falsecount="0"/>
        <line num="159" count="1" type="stmt"/>
        <line num="160" count="1" type="stmt"/>
        <line num="161" count="1" type="stmt"/>
        <line num="162" count="1" type="stmt"/>
        <line num="163" count="1" type="stmt"/>
        <line num="164" count="1" type="cond" truecount="0" falsecount="1"/>
        <line num="165" count="1" type="stmt"/>
        <line num="166" count="1" type="stmt"/>
        <line num="167" count="1" type="stmt"/>
        <line num="168" count="1" type="cond" truecount="1" falsecount="0"/>
        <line num="169" count="1" type="stmt"/>
        <line num="170" count="1" type="stmt"/>
        <line num="171" count="1" type="stmt"/>
        <line num="172" count="1" type="stmt"/>
        <line num="173" count="1" type="stmt"/>
        <line num="174" count="1" type="cond" truecount="0" falsecount="1"/>
        <line num="175" count="1" type="stmt"/>
        <line num="176" count="1" type="stmt"/>
        <line num="177" count="1" type="stmt"/>
        <line num="178" count="1" type="cond" truecount="1" falsecount="0"/>
        <line num="179" count="1" type="stmt"/>
        <line num="180" count="1" type="stmt"/>
        <line num="181" count="1" type="stmt"/>
        <line num="182" count="1" type="stmt"/>
        <line num="183" count="1" type="stmt"/>
        <line num="184" count="1" type="stmt"/>
        <line num="185" count="1" type="stmt"/>
        <line num="186" count="1" type="stmt"/>
        <line num="187" count="1" type="stmt"/>
        <line num="188" count="1" type="cond" truecount="0" falsecount="1"/>
        <line num="189" count="0" type="stmt"/>
        <line num="190" count="0" type="stmt"/>
        <line num="191" count="0" type="stmt"/>
        <line num="192" count="1" type="stmt"/>
        <line num="193" count="1" type="stmt"/>
        <line num="194" count="1" type="stmt"/>
        <line num="195" count="1" type="stmt"/>
        <line num="196" count="1" type="stmt"/>
        <line num="197" count="1" type="stmt"/>
        <line num="198" count="1" type="cond" truecount="1" falsecount="0"/>
        <line num="199" count="1" type="stmt"/>
        <line num="200" count="1" type="stmt"/>
        <line num="201" count="1" type="stmt"/>
        <line num="202" count="1" type="cond" truecount="0" falsecount="1"/>
        <line num="203" count="0" type="stmt"/>
        <line num="204" count="0" type="stmt"/>
        <line num="205" count="0" type="stmt"/>
        <line num="206" count="1" type="stmt"/>
        <line num="207" count="1" type="stmt"/>
        <line num="208" count="1" type="stmt"/>
        <line num="209" count="1" type="cond" truecount="1" falsecount="0"/>
        <line num="210" count="1" type="stmt"/>
        <line num="211" count="1" type="stmt"/>
        <line num="212" count="1" type="stmt"/>
        <line num="213" count="1" type="stmt"/>
        <line num="214" count="1" type="cond" truecount="0" falsecount="1"/>
        <line num="215" count="0" type="stmt"/>
        <line num="216" count="0" type="stmt"/>
        <line num="217" count="0" type="stmt"/>
        <line num="218" count="1" type="stmt"/>
        <line num="219" count="1" type="stmt"/>
        <line num="220" count="1" type="stmt"/>
        <line num="221" count="1" type="cond" truecount="1" falsecount="0"/>
        <line num="222" count="1" type="stmt"/>
        <line num="223" count="1" type="stmt"/>
        <line num="224" count="1" type="stmt"/>
        <line num="225" count="1" type="stmt"/>
        <line num="226" count="1" type="cond" truecount="0" falsecount="1"/>
        <line num="227" count="0" type="stmt"/>
        <line num="228" count="0" type="stmt"/>
        <line num="229" count="0" type="stmt"/>
        <line num="230" count="1" type="stmt"/>
        <line num="231" count="1" type="stmt"/>
        <line num="232" count="1" type="stmt"/>
        <line num="233" count="1" type="stmt"/>
        <line num="234" count="0" type="stmt"/>
        <line num="235" count="0" type="stmt"/>
        <line num="236" count="0" type="stmt"/>
        <line num="237" count="0" type="stmt"/>
        <line num="238" count="0" type="stmt"/>
        <line num="239" count="0" type="stmt"/>
        <line num="240" count="0" type="stmt"/>
        <line num="241" count="0" type="stmt"/>
        <line num="242" count="0" type="stmt"/>
        <line num="243" count="0" type="stmt"/>
        <line num="244" count="0" type="stmt"/>
        <line num="245" count="1" type="stmt"/>
        <line num="246" count="1" type="stmt"/>
        <line num="247" count="0" type="stmt"/>
        <line num="248" count="0" type="stmt"/>
        <line num="249" count="0" type="stmt"/>
        <line num="250" count="0" type="stmt"/>
        <line num="251" count="0" type="stmt"/>
        <line num="252" count="0" type="stmt"/>
        <line num="253" count="0" type="stmt"/>
        <line num="254" count="0" type="stmt"/>
        <line num="255" count="0" type="stmt"/>
      </file>
      <file name="main.jsx" path="C:\Users\c23055508\Documents\Frameworks assignment\Working\team-13-group-project\frontend\src\main.jsx">
        <metrics statements="10" coveredstatements="0" conditionals="1" coveredconditionals="0" methods="1" coveredmethods="0"/>
        <line num="1" count="0" type="cond" truecount="0" falsecount="1"/>
        <line num="2" count="0" type="stmt"/>
        <line num="3" count="0" type="stmt"/>
        <line num="4" count="0" type="stmt"/>
        <line num="5" count="0" type="stmt"/>
        <line num="6" count="0" type="stmt"/>
        <line num="7" count="0" type="stmt"/>
        <line num="8" count="0" type="stmt"/>
        <line num="9" count="0" type="stmt"/>
        <line num="10" count="0" type="stmt"/>
      </file>
      <file name="settings.js" path="C:\Users\c23055508\Documents\Frameworks assignment\Working\team-13-group-project\frontend\src\settings.js">
        <metrics statements="48" coveredstatements="43" conditionals="13" coveredconditionals="6" methods="2" coveredmethods="2"/>
        <line num="1" count="1" type="stmt"/>
        <line num="2" count="1" type="stmt"/>
        <line num="3" count="1" type="stmt"/>
        <line num="4" count="1" type="stmt"/>
        <line num="5" count="1" type="stmt"/>
        <line num="6" count="1" type="stmt"/>
        <line num="7" count="1" type="stmt"/>
        <line num="8" count="1" type="stmt"/>
        <line num="9" count="1" type="stmt"/>
        <line num="10" count="1" type="stmt"/>
        <line num="11" count="1" type="stmt"/>
        <line num="12" count="1" type="stmt"/>
        <line num="13" count="1" type="stmt"/>
        <line num="14" count="1" type="stmt"/>
        <line num="15" count="1" type="stmt"/>
        <line num="16" count="1" type="stmt"/>
        <line num="17" count="1" type="stmt"/>
        <line num="18" count="1" type="stmt"/>
        <line num="19" count="1" type="stmt"/>
        <line num="20" count="1" type="cond" truecount="1" falsecount="0"/>
        <line num="21" count="11" type="cond" truecount="0" falsecount="1"/>
        <line num="22" count="11" type="stmt"/>
        <line num="23" count="11" type="stmt"/>
        <line num="24" count="11" type="cond" truecount="1" falsecount="0"/>
        <line num="25" count="11" type="cond" truecount="2" falsecount="1"/>
        <line num="26" count="11" type="cond" truecount="0" falsecount="1"/>
        <line num="27" count="11" type="cond" truecount="1" falsecount="0"/>
        <line num="28" count="11" type="stmt"/>
        <line num="29" count="11" type="cond" truecount="0" falsecount="1"/>
        <line num="30" count="0" type="stmt"/>
        <line num="31" count="0" type="stmt"/>
        <line num="32" count="0" type="stmt"/>
        <line num="33" count="11" type="stmt"/>
        <line num="34" count="1" type="stmt"/>
        <line num="35" count="1" type="cond" truecount="1" falsecount="0"/>
        <line num="36" count="1" type="cond" truecount="0" falsecount="1"/>
        <line num="37" count="1" type="stmt"/>
        <line num="38" count="1" type="stmt"/>
        <line num="39" count="1" type="stmt"/>
        <line num="40" count="1" type="stmt"/>
        <line num="41" count="1" type="stmt"/>
        <line num="42" count="1" type="cond" truecount="0" falsecount="1"/>
        <line num="43" count="1" type="stmt"/>
        <line num="44" count="1" type="cond" truecount="0" falsecount="1"/>
        <line num="45" count="0" type="stmt"/>
        <line num="46" count="0" type="stmt"/>
        <line num="47" count="1" type="stmt"/>
        <line num="48" count="1" type="stmt"/>
      </file>
    </package>
    <package name="src.components">
      <metrics statements="231" coveredstatements="189" conditionals="37" coveredconditionals="30" methods="12" coveredmethods="8"/>
      <file name="Navbar.jsx" path="C:\Users\c23055508\Documents\Frameworks assignment\Working\team-13-group-project\frontend\src\components\Navbar.jsx">
        <metrics statements="207" coveredstatements="165" conditionals="30" coveredconditionals="23" methods="9" coveredmethods="5"/>
        <line num="1" count="1" type="stmt"/>
        <line num="7" count="1" type="stmt"/>
        <line num="8" count="1" type="stmt"/>
        <line num="9" count="1" type="stmt"/>
        <line num="10" count="1" type="stmt"/>
        <line num="11" count="1" type="stmt"/>
        <line num="13" count="120" type="cond" truecount="1" falsecount="0"/>
        <line num="14" count="120" type="stmt"/>
        <line num="15" count="120" type="stmt"/>
        <line num="17" count="19" type="cond" truecount="1" falsecount="0"/>
        <line num="19" count="19" type="stmt"/>
        <line num="20" count="19" type="stmt"/>
        <line num="21" count="19" type="stmt"/>
        <line num="24" count="19" type="stmt"/>
        <line num="25" count="19" type="stmt"/>
        <line num="26" count="19" type="stmt"/>
        <line num="27" count="19" type="stmt"/>
        <line num="28" count="19" type="stmt"/>
        <line num="30" count="19" type="cond" truecount="1" falsecount="0"/>
        <line num="31" count="8" type="cond" truecount="1" falsecount="0"/>
        <line num="32" count="8" type="cond" truecount="1" falsecount="0"/>
        <line num="33" count="8" type="stmt"/>
        <line num="34" count="8" type="stmt"/>
        <line num="35" count="8" type="cond" truecount="1" falsecount="0"/>
        <line num="36" count="8" type="stmt"/>
        <line num="37" count="8" type="stmt"/>
        <line num="38" count="8" type="stmt"/>
        <line num="39" count="19" type="stmt"/>
        <line num="41" count="19" type="stmt"/>
        <line num="42" count="0" type="stmt"/>
        <line num="43" count="0" type="stmt"/>
        <line num="44" count="0" type="stmt"/>
        <line num="45" count="0" type="stmt"/>
        <line num="46" count="0" type="stmt"/>
        <line num="49" count="19" type="cond" truecount="1" falsecount="0"/>
        <line num="50" count="9" type="stmt"/>
        <line num="51" count="9" type="cond" truecount="1" falsecount="0"/>
        <line num="52" count="8" type="stmt"/>
        <line num="53" count="8" type="stmt"/>
        <line num="54" count="8" type="cond" truecount="1" falsecount="0"/>
        <line num="56" count="1" type="stmt"/>
        <line num="57" count="0" type="stmt"/>
        <line num="58" count="0" type="stmt"/>
        <line num="59" count="0" type="stmt"/>
        <line num="60" count="0" type="stmt"/>
        <line num="61" count="0" type="stmt"/>
        <line num="62" count="0" type="stmt"/>
        <line num="63" count="0" type="stmt"/>
        <line num="64" count="0" type="stmt"/>
        <line num="65" count="0" type="stmt"/>
        <line num="66" count="0" type="stmt"/>
        <line num="67" count="0" type="stmt"/>
        <line num="68" count="0" type="stmt"/>
        <line num="69" count="0" type="stmt"/>
        <line num="70" count="0" type="stmt"/>
        <line num="71" count="0" type="stmt"/>
        <line num="72" count="1" type="stmt"/>
        <line num="74" count="1" type="cond" truecount="1" falsecount="0"/>
        <line num="75" count="19" type="stmt"/>
        <line num="77" count="19" type="cond" truecount="1" falsecount="0"/>
        <line num="78" count="8" type="stmt"/>
        <line num="79" count="0" type="stmt"/>
        <line num="80" count="0" type="stmt"/>
        <line num="81" count="0" type="stmt"/>
        <line num="82" count="8" type="stmt"/>
        <line num="83" count="8" type="cond" truecount="1" falsecount="0"/>
        <line num="84" count="19" type="stmt"/>
        <line num="86" count="19" type="stmt"/>
        <line num="87" count="0" type="stmt"/>
        <line num="88" count="0" type="stmt"/>
        <line num="89" count="0" type="stmt"/>
        <line num="90" count="0" type="stmt"/>
        <line num="91" count="0" type="stmt"/>
        <line num="92" count="0" type="stmt"/>
        <line num="94" count="19" type="stmt"/>
        <line num="95" count="19" type="stmt"/>
        <line num="96" count="19" type="stmt"/>
        <line num="97" count="19" type="stmt"/>
        <line num="99" count="19" type="stmt"/>
        <line num="100" count="19" type="stmt"/>
        <line num="101" count="19" type="stmt"/>
        <line num="102" count="19" type="stmt"/>
        <line num="103" count="19" type="stmt"/>
        <line num="104" count="19" type="stmt"/>
        <line num="107" count="19" type="stmt"/>
        <line num="108" count="19" type="stmt"/>
        <line num="109" count="19" type="stmt"/>
        <line num="110" count="19" type="stmt"/>
        <line num="111" count="19" type="stmt"/>
        <line num="112" count="19" type="stmt"/>
        <line num="113" count="19" type="stmt"/>
        <line num="114" count="19" type="stmt"/>
        <line num="115" count="19" type="stmt"/>
        <line num="116" count="19" type="cond" truecount="2" falsecount="0"/>
        <line num="117" count="19" type="stmt"/>
        <line num="118" count="19" type="stmt"/>
        <line num="119" count="19" type="stmt"/>
        <line num="120" count="19" type="stmt"/>
        <line num="121" count="19" type="cond" truecount="0" falsecount="1"/>
        <line num="122" count="19" type="stmt"/>
        <line num="123" count="19" type="stmt"/>
        <line num="124" count="19" type="cond" truecount="0" falsecount="1"/>
        <line num="126" count="19" type="stmt"/>
        <line num="127" count="19" type="stmt"/>
        <line num="128" count="19" type="stmt"/>
        <line num="129" count="19" type="stmt"/>
        <line num="132" count="19" type="stmt"/>
        <line num="133" count="19" type="stmt"/>
        <line num="134" count="19" type="stmt"/>
        <line num="135" count="19" type="cond" truecount="0" falsecount="1"/>
        <line num="137" count="19" type="stmt"/>
        <line num="138" count="19" type="stmt"/>
        <line num="139" count="19" type="stmt"/>
        <line num="140" count="19" type="cond" truecount="1" falsecount="0"/>
        <line num="141" count="19" type="stmt"/>
        <line num="142" count="19" type="stmt"/>
        <line num="143" count="19" type="stmt"/>
        <line num="144" count="19" type="stmt"/>
        <line num="145" count="19" type="stmt"/>
        <line num="146" count="19" type="stmt"/>
        <line num="147" count="19" type="cond" truecount="0" falsecount="2"/>
        <line num="148" count="0" type="stmt"/>
        <line num="149" count="0" type="stmt"/>
        <line num="150" count="0" type="stmt"/>
        <line num="151" count="0" type="stmt"/>
        <line num="152" count="0" type="stmt"/>
        <line num="153" count="0" type="stmt"/>
        <line num="154" count="0" type="stmt"/>
        <line num="155" count="0" type="stmt"/>
        <line num="157" count="0" type="stmt"/>
        <line num="158" count="0" type="stmt"/>
        <line num="159" count="0" type="stmt"/>
        <line num="160" count="0" type="stmt"/>
        <line num="161" count="0" type="stmt"/>
        <line num="163" count="19" type="stmt"/>
        <line num="164" count="19" type="stmt"/>
        <line num="167" count="19" type="stmt"/>
        <line num="169" count="19" type="stmt"/>
        <line num="170" count="19" type="cond" truecount="1" falsecount="0"/>
        <line num="171" count="6" type="stmt"/>
        <line num="172" count="6" type="stmt"/>
        <line num="173" count="6" type="stmt"/>
        <line num="174" count="6" type="stmt"/>
        <line num="175" count="6" type="stmt"/>
        <line num="176" count="6" type="stmt"/>
        <line num="177" count="6" type="stmt"/>
        <line num="179" count="6" type="stmt"/>
        <line num="181" count="19" type="cond" truecount="2" falsecount="0"/>
        <line num="182" count="38" type="stmt"/>
        <line num="183" count="38" type="stmt"/>
        <line num="184" count="38" type="stmt"/>
        <line num="185" count="38" type="stmt"/>
        <line num="186" count="38" type="cond" truecount="0" falsecount="1"/>
        <line num="187" count="38" type="stmt"/>
        <line num="188" count="38" type="stmt"/>
        <line num="189" count="38" type="cond" truecount="0" falsecount="1"/>
        <line num="191" count="38" type="stmt"/>
        <line num="192" count="38" type="stmt"/>
        <line num="193" count="19" type="stmt"/>
        <line num="194" count="19" type="stmt"/>
        <line num="196" count="19" type="stmt"/>
        <line num="197" count="19" type="stmt"/>
        <line num="198" count="19" type="stmt"/>
        <line num="199" count="19" type="stmt"/>
        <line num="201" count="19" type="stmt"/>
        <line num="202" count="19" type="stmt"/>
        <line num="203" count="19" type="stmt"/>
        <line num="204" count="19" type="cond" truecount="1" falsecount="0"/>
        <line num="205" count="6" type="stmt"/>
        <line num="206" count="6" type="stmt"/>
        <line num="207" count="6" type="stmt"/>
        <line num="208" count="6" type="stmt"/>
        <line num="209" count="6" type="stmt"/>
        <line num="210" count="6" type="stmt"/>
        <line num="211" count="6" type="stmt"/>
        <line num="212" count="6" type="cond" truecount="1" falsecount="0"/>
        <line num="214" count="13" type="stmt"/>
        <line num="215" count="13" type="stmt"/>
        <line num="216" count="13" type="stmt"/>
        <line num="217" count="13" type="stmt"/>
        <line num="218" count="13" type="stmt"/>
        <line num="219" count="13" type="stmt"/>
        <line num="220" count="13" type="stmt"/>
        <line num="221" count="13" type="stmt"/>
        <line num="223" count="19" type="stmt"/>
        <line num="224" count="19" type="stmt"/>
        <line num="225" count="19" type="stmt"/>
        <line num="226" count="19" type="stmt"/>
        <line num="227" count="19" type="stmt"/>
        <line num="230" count="19" type="stmt"/>
        <line num="231" count="19" type="stmt"/>
        <line num="232" count="19" type="cond" truecount="1" falsecount="0"/>
        <line num="233" count="57" type="stmt"/>
        <line num="234" count="57" type="stmt"/>
        <line num="235" count="57" type="stmt"/>
        <line num="236" count="57" type="stmt"/>
        <line num="237" count="57" type="stmt"/>
        <line num="238" count="57" type="cond" truecount="2" falsecount="0"/>
        <line num="239" count="57" type="stmt"/>
        <line num="240" count="57" type="stmt"/>
        <line num="242" count="57" type="stmt"/>
        <line num="243" count="57" type="stmt"/>
        <line num="244" count="19" type="stmt"/>
        <line num="245" count="19" type="stmt"/>
        <line num="246" count="19" type="stmt"/>
        <line num="247" count="19" type="stmt"/>
        <line num="249" count="19" type="stmt"/>
      </file>
      <file name="ToastHost.jsx" path="C:\Users\c23055508\Documents\Frameworks assignment\Working\team-13-group-project\frontend\src\components\ToastHost.jsx">
        <metrics statements="24" coveredstatements="24" conditionals="7" coveredconditionals="7" methods="3" coveredmethods="3"/>
        <line num="1" count="1" type="stmt"/>
        <line num="3" count="1" type="stmt"/>
        <line num="5" count="1" type="cond" truecount="1" falsecount="0"/>
        <line num="6" count="6" type="cond" truecount="1" falsecount="0"/>
        <line num="7" count="6" type="stmt"/>
        <line num="9" count="8" type="cond" truecount="1" falsecount="0"/>
        <line num="10" count="8" type="stmt"/>
        <line num="12" count="8" type="cond" truecount="1" falsecount="0"/>
        <line num="13" count="4" type="cond" truecount="1" falsecount="0"/>
        <line num="14" count="4" type="stmt"/>
        <line num="15" count="4" type="stmt"/>
        <line num="16" count="4" type="stmt"/>
        <line num="17" count="4" type="cond" truecount="1" falsecount="0"/>
        <line num="18" count="4" type="stmt"/>
        <line num="19" count="4" type="stmt"/>
        <line num="20" count="8" type="stmt"/>
        <line num="22" count="8" type="cond" truecount="1" falsecount="0"/>
        <line num="23" count="4" type="stmt"/>
        <line num="24" count="4" type="stmt"/>
        <line num="25" count="4" type="stmt"/>
        <line num="26" count="4" type="stmt"/>
        <line num="27" count="4" type="stmt"/>
        <line num="28" count="4" type="stmt"/>
        <line num="30" count="4" type="stmt"/>
      </file>
    </package>
    <package name="src.pages">
      <metrics statements="4724" coveredstatements="3309" conditionals="1148" coveredconditionals="758" methods="219" coveredmethods="100"/>
      <file name="Game.jsx" path="C:\Users\c23055508\Documents\Frameworks assignment\Working\team-13-group-project\frontend\src\pages\Game.jsx">
        <metrics statements="1059" coveredstatements="706" conditionals="229" coveredconditionals="141" methods="39" coveredmethods="13"/>
        <line num="1" count="1" type="stmt"/>
        <line num="9" count="1" type="stmt"/>
        <line num="11" count="99" type="cond" truecount="1" falsecount="0"/>
        <line num="12" count="99" type="cond" truecount="1" falsecount="0"/>
        <line num="13" count="99" type="stmt"/>
        <line num="14" count="99" type="stmt"/>
        <line num="15" count="99" type="cond" truecount="1" falsecount="0"/>
        <line num="16" count="495" type="stmt"/>
        <line num="17" count="495" type="stmt"/>
        <line num="18" count="495" type="stmt"/>
        <line num="19" count="495" type="stmt"/>
        <line num="20" count="495" type="cond" truecount="2" falsecount="0"/>
        <line num="21" count="495" type="stmt"/>
        <line num="23" count="495" type="stmt"/>
        <line num="24" count="495" type="stmt"/>
        <line num="25" count="99" type="stmt"/>
        <line num="26" count="99" type="stmt"/>
        <line num="28" count="99" type="stmt"/>
        <line num="30" count="110" type="cond" truecount="1" falsecount="0"/>
        <line num="31" count="110" type="stmt"/>
        <line num="32" count="110" type="cond" truecount="1" falsecount="0"/>
        <line num="33" count="110" type="stmt"/>
        <line num="34" count="110" type="stmt"/>
        <line num="35" count="110" type="stmt"/>
        <line num="36" count="110" type="stmt"/>
        <line num="37" count="110" type="stmt"/>
        <line num="38" count="110" type="stmt"/>
        <line num="39" count="110" type="stmt"/>
        <line num="40" count="110" type="stmt"/>
        <line num="41" count="110" type="stmt"/>
        <line num="42" count="110" type="stmt"/>
        <line num="43" count="110" type="stmt"/>
        <line num="44" count="110" type="stmt"/>
        <line num="45" count="110" type="stmt"/>
        <line num="46" count="110" type="stmt"/>
        <line num="47" count="110" type="stmt"/>
        <line num="48" count="110" type="stmt"/>
        <line num="49" count="110" type="stmt"/>
        <line num="50" count="110" type="stmt"/>
        <line num="51" count="110" type="stmt"/>
        <line num="52" count="110" type="stmt"/>
        <line num="53" count="110" type="stmt"/>
        <line num="54" count="110" type="stmt"/>
        <line num="55" count="110" type="stmt"/>
        <line num="57" count="110" type="stmt"/>
        <line num="58" count="110" type="stmt"/>
        <line num="59" count="110" type="stmt"/>
        <line num="60" count="110" type="stmt"/>
        <line num="61" count="110" type="stmt"/>
        <line num="62" count="110" type="stmt"/>
        <line num="63" count="110" type="stmt"/>
        <line num="64" count="110" type="stmt"/>
        <line num="65" count="110" type="stmt"/>
        <line num="66" count="110" type="stmt"/>
        <line num="67" count="110" type="stmt"/>
        <line num="68" count="110" type="stmt"/>
        <line num="69" count="110" type="stmt"/>
        <line num="70" count="110" type="stmt"/>
        <line num="71" count="110" type="stmt"/>
        <line num="73" count="110" type="stmt"/>
        <line num="74" count="110" type="cond" truecount="1" falsecount="0"/>
        <line num="75" count="51" type="stmt"/>
        <line num="76" count="51" type="cond" truecount="2" falsecount="0"/>
        <line num="77" count="2" type="stmt"/>
        <line num="78" count="2" type="stmt"/>
        <line num="79" count="2" type="stmt"/>
        <line num="80" count="2" type="stmt"/>
        <line num="86" count="2" type="stmt"/>
        <line num="87" count="110" type="stmt"/>
        <line num="89" count="110" type="cond" truecount="1" falsecount="0"/>
        <line num="90" count="5" type="cond" truecount="0" falsecount="1"/>
        <line num="91" count="5" type="stmt"/>
        <line num="92" count="5" type="stmt"/>
        <line num="93" count="5" type="stmt"/>
        <line num="94" count="5" type="stmt"/>
        <line num="96" count="110" type="cond" truecount="1" falsecount="0"/>
        <line num="97" count="51" type="stmt"/>
        <line num="98" count="51" type="cond" truecount="1" falsecount="0"/>
        <line num="99" count="51" type="stmt"/>
        <line num="100" count="51" type="stmt"/>
        <line num="101" count="51" type="stmt"/>
        <line num="102" count="51" type="cond" truecount="1" falsecount="0"/>
        <line num="103" count="47" type="cond" truecount="1" falsecount="1"/>
        <line num="104" count="47" type="stmt"/>
        <line num="105" count="51" type="cond" truecount="1" falsecount="0"/>
        <line num="106" count="3" type="cond" truecount="0" falsecount="1"/>
        <line num="107" count="3" type="cond" truecount="0" falsecount="1"/>
        <line num="108" count="51" type="cond" truecount="1" falsecount="0"/>
        <line num="109" count="50" type="stmt"/>
        <line num="110" count="50" type="stmt"/>
        <line num="111" count="51" type="stmt"/>
        <line num="112" count="51" type="cond" truecount="1" falsecount="0"/>
        <line num="113" count="110" type="stmt"/>
        <line num="115" count="110" type="cond" truecount="2" falsecount="0"/>
        <line num="117" count="110" type="cond" truecount="1" falsecount="0"/>
        <line num="118" count="51" type="cond" truecount="1" falsecount="0"/>
        <line num="119" count="51" type="stmt"/>
        <line num="120" count="51" type="stmt"/>
        <line num="121" count="51" type="cond" truecount="1" falsecount="0"/>
        <line num="122" count="50" type="stmt"/>
        <line num="123" count="50" type="stmt"/>
        <line num="124" count="50" type="stmt"/>
        <line num="125" count="110" type="stmt"/>
        <line num="127" count="110" type="cond" truecount="1" falsecount="0"/>
        <line num="128" count="51" type="stmt"/>
        <line num="129" count="110" type="stmt"/>
        <line num="131" count="110" type="cond" truecount="1" falsecount="0"/>
        <line num="132" count="71" type="stmt"/>
        <line num="133" count="71" type="cond" truecount="1" falsecount="0"/>
        <line num="134" count="71" type="cond" truecount="3" falsecount="0"/>
        <line num="135" count="20" type="stmt"/>
        <line num="136" count="20" type="stmt"/>
        <line num="137" count="70" type="cond" truecount="1" falsecount="0"/>
        <line num="138" count="14" type="stmt"/>
        <line num="139" count="14" type="stmt"/>
        <line num="140" count="14" type="cond" truecount="1" falsecount="0"/>
        <line num="141" count="14" type="stmt"/>
        <line num="142" count="71" type="cond" truecount="0" falsecount="1"/>
        <line num="143" count="0" type="stmt"/>
        <line num="144" count="0" type="stmt"/>
        <line num="145" count="0" type="stmt"/>
        <line num="146" count="0" type="stmt"/>
        <line num="147" count="71" type="stmt"/>
        <line num="148" count="71" type="stmt"/>
        <line num="149" count="71" type="cond" truecount="1" falsecount="0"/>
        <line num="150" count="110" type="stmt"/>
        <line num="152" count="110" type="cond" truecount="1" falsecount="0"/>
        <line num="153" count="99" type="stmt"/>
        <line num="154" count="99" type="cond" truecount="1" falsecount="0"/>
        <line num="155" count="99" type="cond" truecount="4" falsecount="0"/>
        <line num="156" count="21" type="stmt"/>
        <line num="157" count="21" type="stmt"/>
        <line num="158" count="98" type="cond" truecount="2" falsecount="0"/>
        <line num="159" count="99" type="cond" truecount="0" falsecount="1"/>
        <line num="160" count="99" type="stmt"/>
        <line num="161" count="99" type="stmt"/>
        <line num="162" count="99" type="cond" truecount="1" falsecount="0"/>
        <line num="163" count="110" type="stmt"/>
        <line num="165" count="110" type="cond" truecount="1" falsecount="0"/>
        <line num="166" count="99" type="cond" truecount="4" falsecount="0"/>
        <line num="167" count="21" type="cond" truecount="1" falsecount="0"/>
        <line num="168" count="42" type="cond" truecount="0" falsecount="2"/>
        <line num="169" count="42" type="stmt"/>
        <line num="170" count="21" type="stmt"/>
        <line num="171" count="21" type="stmt"/>
        <line num="172" count="21" type="stmt"/>
        <line num="173" count="21" type="stmt"/>
        <line num="174" count="21" type="stmt"/>
        <line num="175" count="21" type="stmt"/>
        <line num="176" count="110" type="stmt"/>
        <line num="178" count="110" type="cond" truecount="1" falsecount="0"/>
        <line num="179" count="53" type="stmt"/>
        <line num="180" count="53" type="stmt"/>
        <line num="181" count="53" type="cond" truecount="0" falsecount="1"/>
        <line num="183" count="0" type="stmt"/>
        <line num="184" count="0" type="stmt"/>
        <line num="185" count="0" type="stmt"/>
        <line num="186" count="0" type="stmt"/>
        <line num="187" count="0" type="stmt"/>
        <line num="188" count="0" type="stmt"/>
        <line num="189" count="0" type="stmt"/>
        <line num="190" count="0" type="stmt"/>
        <line num="191" count="0" type="stmt"/>
        <line num="192" count="0" type="stmt"/>
        <line num="193" count="0" type="stmt"/>
        <line num="194" count="0" type="stmt"/>
        <line num="195" count="0" type="stmt"/>
        <line num="196" count="0" type="stmt"/>
        <line num="197" count="0" type="stmt"/>
        <line num="198" count="0" type="stmt"/>
        <line num="199" count="0" type="stmt"/>
        <line num="200" count="0" type="stmt"/>
        <line num="201" count="0" type="stmt"/>
        <line num="202" count="0" type="stmt"/>
        <line num="204" count="0" type="stmt"/>
        <line num="205" count="0" type="stmt"/>
        <line num="206" count="0" type="stmt"/>
        <line num="207" count="0" type="stmt"/>
        <line num="208" count="0" type="stmt"/>
        <line num="210" count="0" type="stmt"/>
        <line num="211" count="0" type="stmt"/>
        <line num="212" count="53" type="cond" truecount="0" falsecount="1"/>
        <line num="213" count="0" type="stmt"/>
        <line num="214" count="0" type="stmt"/>
        <line num="215" count="53" type="cond" truecount="0" falsecount="1"/>
        <line num="216" count="0" type="stmt"/>
        <line num="217" count="0" type="stmt"/>
        <line num="219" count="0" type="stmt"/>
        <line num="220" count="0" type="stmt"/>
        <line num="221" count="0" type="stmt"/>
        <line num="222" count="0" type="stmt"/>
        <line num="223" count="0" type="stmt"/>
        <line num="224" count="0" type="stmt"/>
        <line num="225" count="0" type="stmt"/>
        <line num="226" count="0" type="stmt"/>
        <line num="227" count="0" type="stmt"/>
        <line num="228" count="0" type="stmt"/>
        <line num="229" count="110" type="stmt"/>
        <line num="231" count="110" type="cond" truecount="1" falsecount="0"/>
        <line num="232" count="51" type="cond" truecount="1" falsecount="0"/>
        <line num="233" count="1" type="cond" truecount="0" falsecount="1"/>
        <line num="234" count="1" type="stmt"/>
        <line num="235" count="1" type="stmt"/>
        <line num="236" count="1" type="stmt"/>
        <line num="237" count="1" type="stmt"/>
        <line num="238" count="51" type="stmt"/>
        <line num="239" count="51" type="stmt"/>
        <line num="240" count="51" type="cond" truecount="1" falsecount="0"/>
        <line num="241" count="50" type="stmt"/>
        <line num="242" count="50" type="stmt"/>
        <line num="243" count="50" type="stmt"/>
        <line num="244" count="110" type="stmt"/>
        <line num="246" count="110" type="cond" truecount="1" falsecount="0"/>
        <line num="247" count="53" type="cond" truecount="1" falsecount="0"/>
        <line num="248" count="1" type="cond" truecount="1" falsecount="0"/>
        <line num="249" count="1" type="cond" truecount="0" falsecount="1"/>
        <line num="250" count="1" type="stmt"/>
        <line num="251" count="1" type="stmt"/>
        <line num="252" count="1" type="stmt"/>
        <line num="253" count="110" type="stmt"/>
        <line num="255" count="110" type="cond" truecount="1" falsecount="0"/>
        <line num="256" count="51" type="cond" truecount="0" falsecount="1"/>
        <line num="257" count="0" type="stmt"/>
        <line num="258" count="0" type="stmt"/>
        <line num="259" count="110" type="stmt"/>
        <line num="261" count="110" type="cond" truecount="1" falsecount="0"/>
        <line num="262" count="51" type="stmt"/>
        <line num="263" count="51" type="stmt"/>
        <line num="264" count="51" type="stmt"/>
        <line num="265" count="51" type="stmt"/>
        <line num="266" count="51" type="stmt"/>
        <line num="267" count="51" type="stmt"/>
        <line num="268" count="51" type="stmt"/>
        <line num="269" count="51" type="stmt"/>
        <line num="270" count="51" type="stmt"/>
        <line num="271" count="110" type="stmt"/>
        <line num="273" count="110" type="cond" truecount="1" falsecount="0"/>
        <line num="274" count="101" type="cond" truecount="1" falsecount="0"/>
        <line num="275" count="7" type="cond" truecount="0" falsecount="1"/>
        <line num="276" count="7" type="cond" truecount="0" falsecount="1"/>
        <line num="277" count="0" type="stmt"/>
        <line num="278" count="0" type="stmt"/>
        <line num="279" count="0" type="stmt"/>
        <line num="280" count="0" type="stmt"/>
        <line num="281" count="0" type="stmt"/>
        <line num="282" count="0" type="stmt"/>
        <line num="283" count="0" type="stmt"/>
        <line num="284" count="0" type="stmt"/>
        <line num="285" count="7" type="cond" truecount="0" falsecount="1"/>
        <line num="286" count="7" type="stmt"/>
        <line num="287" count="7" type="cond" truecount="0" falsecount="1"/>
        <line num="288" count="7" type="cond" truecount="0" falsecount="1"/>
        <line num="289" count="0" type="stmt"/>
        <line num="290" count="0" type="stmt"/>
        <line num="291" count="0" type="stmt"/>
        <line num="292" count="0" type="stmt"/>
        <line num="293" count="0" type="stmt"/>
        <line num="294" count="7" type="cond" truecount="0" falsecount="1"/>
        <line num="295" count="0" type="stmt"/>
        <line num="296" count="0" type="stmt"/>
        <line num="297" count="0" type="stmt"/>
        <line num="298" count="0" type="stmt"/>
        <line num="299" count="7" type="cond" truecount="0" falsecount="1"/>
        <line num="300" count="0" type="stmt"/>
        <line num="301" count="0" type="stmt"/>
        <line num="302" count="0" type="stmt"/>
        <line num="303" count="0" type="stmt"/>
        <line num="304" count="7" type="cond" truecount="1" falsecount="0"/>
        <line num="305" count="1" type="stmt"/>
        <line num="306" count="1" type="stmt"/>
        <line num="307" count="1" type="stmt"/>
        <line num="308" count="7" type="cond" truecount="1" falsecount="0"/>
        <line num="309" count="2" type="stmt"/>
        <line num="310" count="2" type="stmt"/>
        <line num="311" count="2" type="stmt"/>
        <line num="312" count="2" type="stmt"/>
        <line num="313" count="7" type="cond" truecount="0" falsecount="1"/>
        <line num="314" count="0" type="stmt"/>
        <line num="315" count="0" type="stmt"/>
        <line num="316" count="0" type="stmt"/>
        <line num="317" count="0" type="stmt"/>
        <line num="318" count="7" type="cond" truecount="1" falsecount="0"/>
        <line num="319" count="2" type="stmt"/>
        <line num="320" count="2" type="stmt"/>
        <line num="321" count="2" type="stmt"/>
        <line num="322" count="2" type="cond" truecount="0" falsecount="1"/>
        <line num="323" count="0" type="stmt"/>
        <line num="324" count="0" type="stmt"/>
        <line num="325" count="0" type="stmt"/>
        <line num="326" count="7" type="cond" truecount="0" falsecount="1"/>
        <line num="327" count="0" type="stmt"/>
        <line num="328" count="0" type="stmt"/>
        <line num="329" count="0" type="stmt"/>
        <line num="330" count="0" type="stmt"/>
        <line num="331" count="7" type="cond" truecount="0" falsecount="1"/>
        <line num="332" count="0" type="stmt"/>
        <line num="333" count="0" type="stmt"/>
        <line num="334" count="0" type="stmt"/>
        <line num="335" count="7" type="cond" truecount="1" falsecount="0"/>
        <line num="336" count="1" type="stmt"/>
        <line num="337" count="1" type="cond" truecount="0" falsecount="1"/>
        <line num="338" count="1" type="cond" truecount="1" falsecount="0"/>
        <line num="339" count="1" type="stmt"/>
        <line num="340" count="7" type="cond" truecount="1" falsecount="0"/>
        <line num="341" count="1" type="stmt"/>
        <line num="342" count="1" type="cond" truecount="1" falsecount="0"/>
        <line num="343" count="1" type="cond" truecount="0" falsecount="1"/>
        <line num="344" count="1" type="stmt"/>
        <line num="345" count="1" type="stmt"/>
        <line num="346" count="1" type="stmt"/>
        <line num="347" count="1" type="stmt"/>
        <line num="348" count="1" type="cond" truecount="0" falsecount="1"/>
        <line num="349" count="0" type="stmt"/>
        <line num="350" count="1" type="stmt"/>
        <line num="351" count="1" type="cond" truecount="1" falsecount="0"/>
        <line num="352" count="1" type="cond" truecount="0" falsecount="1"/>
        <line num="353" count="0" type="stmt"/>
        <line num="354" count="0" type="stmt"/>
        <line num="355" count="0" type="stmt"/>
        <line num="356" count="0" type="stmt"/>
        <line num="357" count="1" type="stmt"/>
        <line num="358" count="1" type="stmt"/>
        <line num="359" count="1" type="stmt"/>
        <line num="360" count="7" type="cond" truecount="0" falsecount="1"/>
        <line num="361" count="0" type="stmt"/>
        <line num="362" count="0" type="stmt"/>
        <line num="363" count="7" type="cond" truecount="0" falsecount="1"/>
        <line num="364" count="0" type="stmt"/>
        <line num="365" count="0" type="stmt"/>
        <line num="366" count="0" type="stmt"/>
        <line num="367" count="7" type="cond" truecount="0" falsecount="1"/>
        <line num="368" count="0" type="stmt"/>
        <line num="369" count="0" type="stmt"/>
        <line num="370" count="0" type="stmt"/>
        <line num="371" count="7" type="cond" truecount="0" falsecount="1"/>
        <line num="372" count="0" type="stmt"/>
        <line num="373" count="0" type="stmt"/>
        <line num="374" count="0" type="stmt"/>
        <line num="375" count="7" type="cond" truecount="0" falsecount="1"/>
        <line num="376" count="0" type="stmt"/>
        <line num="377" count="0" type="stmt"/>
        <line num="378" count="0" type="stmt"/>
        <line num="379" count="7" type="cond" truecount="0" falsecount="1"/>
        <line num="380" count="0" type="stmt"/>
        <line num="381" count="7" type="stmt"/>
        <line num="382" count="7" type="stmt"/>
        <line num="383" count="101" type="stmt"/>
        <line num="384" count="101" type="cond" truecount="1" falsecount="0"/>
        <line num="385" count="110" type="stmt"/>
        <line num="387" count="110" type="cond" truecount="1" falsecount="0"/>
        <line num="388" count="2" type="stmt"/>
        <line num="389" count="2" type="cond" truecount="1" falsecount="0"/>
        <line num="390" count="1" type="stmt"/>
        <line num="391" count="1" type="stmt"/>
        <line num="392" count="1" type="stmt"/>
        <line num="393" count="1" type="stmt"/>
        <line num="394" count="2" type="stmt"/>
        <line num="395" count="2" type="stmt"/>
        <line num="397" count="110" type="stmt"/>
        <line num="398" count="0" type="stmt"/>
        <line num="399" count="0" type="stmt"/>
        <line num="400" count="0" type="stmt"/>
        <line num="402" count="110" type="cond" truecount="1" falsecount="0"/>
        <line num="403" count="1" type="stmt"/>
        <line num="404" count="1" type="cond" truecount="0" falsecount="1"/>
        <line num="405" count="0" type="stmt"/>
        <line num="406" count="0" type="stmt"/>
        <line num="407" count="0" type="stmt"/>
        <line num="408" count="1" type="stmt"/>
        <line num="409" count="1" type="stmt"/>
        <line num="410" count="1" type="stmt"/>
        <line num="412" count="1" type="stmt"/>
        <line num="413" count="1" type="stmt"/>
        <line num="414" count="1" type="stmt"/>
        <line num="415" count="1" type="stmt"/>
        <line num="417" count="1" type="stmt"/>
        <line num="418" count="1" type="stmt"/>
        <line num="419" count="1" type="stmt"/>
        <line num="420" count="1" type="stmt"/>
        <line num="421" count="1" type="cond" truecount="0" falsecount="1"/>
        <line num="422" count="0" type="stmt"/>
        <line num="423" count="1" type="stmt"/>
        <line num="424" count="1" type="stmt"/>
        <line num="425" count="1" type="stmt"/>
        <line num="426" count="1" type="stmt"/>
        <line num="428" count="110" type="stmt"/>
        <line num="429" count="0" type="stmt"/>
        <line num="430" count="0" type="stmt"/>
        <line num="431" count="0" type="stmt"/>
        <line num="432" count="0" type="stmt"/>
        <line num="433" count="0" type="stmt"/>
        <line num="434" count="0" type="stmt"/>
        <line num="435" count="0" type="stmt"/>
        <line num="436" count="0" type="stmt"/>
        <line num="437" count="0" type="stmt"/>
        <line num="438" count="0" type="stmt"/>
        <line num="439" count="0" type="stmt"/>
        <line num="440" count="0" type="stmt"/>
        <line num="441" count="0" type="stmt"/>
        <line num="443" count="110" type="stmt"/>
        <line num="444" count="0" type="stmt"/>
        <line num="445" count="0" type="stmt"/>
        <line num="446" count="0" type="stmt"/>
        <line num="448" count="110" type="stmt"/>
        <line num="449" count="0" type="stmt"/>
        <line num="450" count="0" type="stmt"/>
        <line num="451" count="0" type="stmt"/>
        <line num="452" count="0" type="stmt"/>
        <line num="453" count="0" type="stmt"/>
        <line num="454" count="0" type="stmt"/>
        <line num="455" count="0" type="stmt"/>
        <line num="456" count="0" type="stmt"/>
        <line num="457" count="0" type="stmt"/>
        <line num="458" count="0" type="stmt"/>
        <line num="459" count="0" type="stmt"/>
        <line num="460" count="0" type="stmt"/>
        <line num="461" count="0" type="stmt"/>
        <line num="462" count="0" type="stmt"/>
        <line num="463" count="0" type="stmt"/>
        <line num="464" count="0" type="stmt"/>
        <line num="465" count="0" type="stmt"/>
        <line num="466" count="0" type="stmt"/>
        <line num="467" count="0" type="stmt"/>
        <line num="468" count="0" type="stmt"/>
        <line num="469" count="0" type="stmt"/>
        <line num="470" count="0" type="stmt"/>
        <line num="472" count="110" type="cond" truecount="1" falsecount="0"/>
        <line num="473" count="2" type="stmt"/>
        <line num="474" count="2" type="cond" truecount="1" falsecount="0"/>
        <line num="475" count="1" type="stmt"/>
        <line num="476" count="1" type="stmt"/>
        <line num="477" count="2" type="cond" truecount="1" falsecount="1"/>
        <line num="478" count="2" type="cond" truecount="3" falsecount="2"/>
        <line num="479" count="2" type="stmt"/>
        <line num="480" count="2" type="cond" truecount="1" falsecount="0"/>
        <line num="481" count="1" type="stmt"/>
        <line num="482" count="1" type="stmt"/>
        <line num="483" count="1" type="stmt"/>
        <line num="484" count="1" type="stmt"/>
        <line num="485" count="1" type="cond" truecount="0" falsecount="1"/>
        <line num="486" count="0" type="stmt"/>
        <line num="487" count="0" type="stmt"/>
        <line num="488" count="1" type="stmt"/>
        <line num="489" count="1" type="cond" truecount="0" falsecount="1"/>
        <line num="490" count="0" type="stmt"/>
        <line num="491" count="0" type="stmt"/>
        <line num="492" count="2" type="stmt"/>
        <line num="494" count="110" type="stmt"/>
        <line num="495" count="0" type="stmt"/>
        <line num="496" count="0" type="stmt"/>
        <line num="497" count="0" type="stmt"/>
        <line num="498" count="0" type="stmt"/>
        <line num="499" count="0" type="stmt"/>
        <line num="500" count="0" type="stmt"/>
        <line num="501" count="0" type="stmt"/>
        <line num="502" count="0" type="stmt"/>
        <line num="503" count="0" type="stmt"/>
        <line num="504" count="0" type="stmt"/>
        <line num="505" count="0" type="stmt"/>
        <line num="506" count="0" type="stmt"/>
        <line num="507" count="0" type="stmt"/>
        <line num="508" count="0" type="stmt"/>
        <line num="509" count="0" type="stmt"/>
        <line num="510" count="0" type="stmt"/>
        <line num="511" count="0" type="stmt"/>
        <line num="512" count="0" type="stmt"/>
        <line num="513" count="0" type="stmt"/>
        <line num="514" count="0" type="stmt"/>
        <line num="516" count="110" type="stmt"/>
        <line num="517" count="0" type="stmt"/>
        <line num="518" count="0" type="stmt"/>
        <line num="519" count="0" type="stmt"/>
        <line num="520" count="0" type="stmt"/>
        <line num="521" count="0" type="stmt"/>
        <line num="522" count="0" type="stmt"/>
        <line num="523" count="0" type="stmt"/>
        <line num="525" count="0" type="stmt"/>
        <line num="526" count="0" type="stmt"/>
        <line num="527" count="0" type="stmt"/>
        <line num="528" count="0" type="stmt"/>
        <line num="529" count="0" type="stmt"/>
        <line num="530" count="0" type="stmt"/>
        <line num="531" count="0" type="stmt"/>
        <line num="532" count="0" type="stmt"/>
        <line num="533" count="0" type="stmt"/>
        <line num="534" count="0" type="stmt"/>
        <line num="536" count="0" type="stmt"/>
        <line num="537" count="0" type="stmt"/>
        <line num="538" count="0" type="stmt"/>
        <line num="539" count="0" type="stmt"/>
        <line num="540" count="0" type="stmt"/>
        <line num="542" count="110" type="stmt"/>
        <line num="543" count="0" type="stmt"/>
        <line num="544" count="0" type="stmt"/>
        <line num="545" count="0" type="stmt"/>
        <line num="546" count="0" type="stmt"/>
        <line num="547" count="0" type="stmt"/>
        <line num="548" count="0" type="stmt"/>
        <line num="549" count="0" type="stmt"/>
        <line num="550" count="0" type="stmt"/>
        <line num="551" count="0" type="stmt"/>
        <line num="552" count="0" type="stmt"/>
        <line num="553" count="0" type="stmt"/>
        <line num="554" count="0" type="stmt"/>
        <line num="555" count="0" type="stmt"/>
        <line num="556" count="0" type="stmt"/>
        <line num="557" count="0" type="stmt"/>
        <line num="558" count="0" type="stmt"/>
        <line num="559" count="0" type="stmt"/>
        <line num="560" count="0" type="stmt"/>
        <line num="561" count="0" type="stmt"/>
        <line num="562" count="0" type="stmt"/>
        <line num="563" count="0" type="stmt"/>
        <line num="564" count="0" type="stmt"/>
        <line num="565" count="0" type="stmt"/>
        <line num="566" count="0" type="stmt"/>
        <line num="568" count="110" type="cond" truecount="2" falsecount="0"/>
        <line num="569" count="110" type="stmt"/>
        <line num="570" count="110" type="cond" truecount="1" falsecount="0"/>
        <line num="571" count="50" type="stmt"/>
        <line num="572" count="110" type="stmt"/>
        <line num="573" count="110" type="stmt"/>
        <line num="575" count="110" type="cond" truecount="1" falsecount="1"/>
        <line num="576" count="110" type="cond" truecount="3" falsecount="0"/>
        <line num="577" count="49" type="cond" truecount="1" falsecount="0"/>
        <line num="578" count="61" type="stmt"/>
        <line num="579" count="110" type="cond" truecount="1" falsecount="1"/>
        <line num="580" count="110" type="cond" truecount="0" falsecount="1"/>
        <line num="581" count="110" type="stmt"/>
        <line num="583" count="110" type="stmt"/>
        <line num="584" count="110" type="cond" truecount="1" falsecount="0"/>
        <line num="585" count="62" type="cond" truecount="1" falsecount="0"/>
        <line num="586" count="48" type="stmt"/>
        <line num="588" count="110" type="stmt"/>
        <line num="589" count="110" type="stmt"/>
        <line num="590" count="110" type="stmt"/>
        <line num="591" count="110" type="stmt"/>
        <line num="593" count="110" type="cond" truecount="0" falsecount="1"/>
        <line num="594" count="0" type="stmt"/>
        <line num="595" count="110" type="cond" truecount="0" falsecount="1"/>
        <line num="596" count="0" type="stmt"/>
        <line num="597" count="110" type="stmt"/>
        <line num="599" count="110" type="cond" truecount="0" falsecount="1"/>
        <line num="600" count="0" type="stmt"/>
        <line num="601" count="110" type="cond" truecount="0" falsecount="1"/>
        <line num="602" count="0" type="stmt"/>
        <line num="603" count="110" type="stmt"/>
        <line num="605" count="110" type="cond" truecount="0" falsecount="1"/>
        <line num="606" count="0" type="stmt"/>
        <line num="607" count="110" type="cond" truecount="0" falsecount="1"/>
        <line num="608" count="0" type="stmt"/>
        <line num="609" count="110" type="stmt"/>
        <line num="611" count="110" type="cond" truecount="0" falsecount="1"/>
        <line num="612" count="0" type="stmt"/>
        <line num="613" count="110" type="cond" truecount="0" falsecount="1"/>
        <line num="614" count="0" type="stmt"/>
        <line num="615" count="110" type="stmt"/>
        <line num="617" count="110" type="cond" truecount="0" falsecount="2"/>
        <line num="618" count="110" type="cond" truecount="0" falsecount="2"/>
        <line num="619" count="110" type="cond" truecount="2" falsecount="0"/>
        <line num="620" count="110" type="cond" truecount="0" falsecount="1"/>
        <line num="621" count="110" type="cond" truecount="0" falsecount="2"/>
        <line num="622" count="110" type="cond" truecount="0" falsecount="2"/>
        <line num="624" count="110" type="cond" truecount="1" falsecount="0"/>
        <line num="625" count="53" type="stmt"/>
        <line num="626" count="53" type="stmt"/>
        <line num="627" count="53" type="stmt"/>
        <line num="628" count="53" type="stmt"/>
        <line num="629" count="53" type="stmt"/>
        <line num="630" count="53" type="stmt"/>
        <line num="632" count="53" type="cond" truecount="2" falsecount="0"/>
        <line num="634" count="110" type="cond" truecount="2" falsecount="0"/>
        <line num="635" count="3" type="stmt"/>
        <line num="636" count="3" type="stmt"/>
        <line num="637" count="3" type="stmt"/>
        <line num="638" count="3" type="stmt"/>
        <line num="639" count="3" type="stmt"/>
        <line num="640" count="3" type="cond" truecount="0" falsecount="1"/>
        <line num="641" count="3" type="stmt"/>
        <line num="642" count="3" type="stmt"/>
        <line num="643" count="3" type="stmt"/>
        <line num="644" count="3" type="stmt"/>
        <line num="646" count="3" type="cond" truecount="1" falsecount="0"/>
        <line num="648" count="54" type="cond" truecount="1" falsecount="0"/>
        <line num="649" count="25" type="cond" truecount="2" falsecount="1"/>
        <line num="650" count="29" type="cond" truecount="1" falsecount="0"/>
        <line num="651" count="110" type="stmt"/>
        <line num="652" count="110" type="cond" truecount="4" falsecount="2"/>
        <line num="653" count="110" type="cond" truecount="2" falsecount="0"/>
        <line num="654" count="110" type="stmt"/>
        <line num="655" count="110" type="stmt"/>
        <line num="656" count="110" type="cond" truecount="4" falsecount="0"/>
        <line num="657" count="110" type="cond" truecount="2" falsecount="0"/>
        <line num="659" count="110" type="stmt"/>
        <line num="660" count="110" type="stmt"/>
        <line num="661" count="110" type="stmt"/>
        <line num="662" count="110" type="stmt"/>
        <line num="663" count="110" type="cond" truecount="0" falsecount="1"/>
        <line num="664" count="0" type="cond" truecount="1" falsecount="0"/>
        <line num="665" count="54" type="cond" truecount="0" falsecount="1"/>
        <line num="666" count="0" type="stmt"/>
        <line num="667" count="54" type="stmt"/>
        <line num="668" count="110" type="stmt"/>
        <line num="669" count="110" type="cond" truecount="0" falsecount="1"/>
        <line num="670" count="0" type="cond" truecount="1" falsecount="0"/>
        <line num="671" count="54" type="cond" truecount="0" falsecount="1"/>
        <line num="672" count="0" type="stmt"/>
        <line num="673" count="54" type="stmt"/>
        <line num="675" count="110" type="stmt"/>
        <line num="676" count="110" type="stmt"/>
        <line num="677" count="110" type="stmt"/>
        <line num="678" count="110" type="stmt"/>
        <line num="679" count="110" type="stmt"/>
        <line num="680" count="110" type="stmt"/>
        <line num="682" count="110" type="stmt"/>
        <line num="683" count="110" type="stmt"/>
        <line num="684" count="110" type="stmt"/>
        <line num="685" count="110" type="stmt"/>
        <line num="686" count="110" type="stmt"/>
        <line num="687" count="110" type="stmt"/>
        <line num="688" count="110" type="stmt"/>
        <line num="689" count="110" type="stmt"/>
        <line num="690" count="110" type="stmt"/>
        <line num="691" count="110" type="stmt"/>
        <line num="692" count="110" type="stmt"/>
        <line num="693" count="110" type="stmt"/>
        <line num="694" count="110" type="stmt"/>
        <line num="695" count="110" type="stmt"/>
        <line num="696" count="110" type="stmt"/>
        <line num="698" count="110" type="cond" truecount="1" falsecount="1"/>
        <line num="699" count="110" type="stmt"/>
        <line num="700" count="110" type="stmt"/>
        <line num="701" count="110" type="stmt"/>
        <line num="703" count="110" type="cond" truecount="0" falsecount="1"/>
        <line num="704" count="0" type="stmt"/>
        <line num="705" count="0" type="stmt"/>
        <line num="706" count="0" type="stmt"/>
        <line num="707" count="0" type="stmt"/>
        <line num="709" count="0" type="stmt"/>
        <line num="710" count="0" type="stmt"/>
        <line num="711" count="0" type="stmt"/>
        <line num="712" count="0" type="stmt"/>
        <line num="713" count="0" type="stmt"/>
        <line num="714" count="0" type="stmt"/>
        <line num="715" count="0" type="stmt"/>
        <line num="717" count="0" type="stmt"/>
        <line num="718" count="0" type="stmt"/>
        <line num="719" count="0" type="stmt"/>
        <line num="720" count="0" type="stmt"/>
        <line num="721" count="0" type="stmt"/>
        <line num="722" count="0" type="stmt"/>
        <line num="723" count="0" type="stmt"/>
        <line num="724" count="0" type="stmt"/>
        <line num="725" count="0" type="stmt"/>
        <line num="726" count="0" type="stmt"/>
        <line num="727" count="0" type="stmt"/>
        <line num="730" count="110" type="stmt"/>
        <line num="731" count="110" type="stmt"/>
        <line num="732" count="110" type="stmt"/>
        <line num="733" count="110" type="stmt"/>
        <line num="734" count="110" type="stmt"/>
        <line num="735" count="110" type="stmt"/>
        <line num="736" count="110" type="stmt"/>
        <line num="737" count="110" type="stmt"/>
        <line num="739" count="110" type="stmt"/>
        <line num="740" count="110" type="stmt"/>
        <line num="741" count="110" type="stmt"/>
        <line num="742" count="110" type="stmt"/>
        <line num="743" count="110" type="stmt"/>
        <line num="744" count="110" type="cond" truecount="2" falsecount="0"/>
        <line num="745" count="110" type="stmt"/>
        <line num="746" count="110" type="stmt"/>
        <line num="747" count="110" type="stmt"/>
        <line num="748" count="110" type="stmt"/>
        <line num="749" count="110" type="stmt"/>
        <line num="750" count="110" type="stmt"/>
        <line num="751" count="110" type="stmt"/>
        <line num="752" count="110" type="cond" truecount="2" falsecount="0"/>
        <line num="753" count="110" type="stmt"/>
        <line num="754" count="110" type="stmt"/>
        <line num="756" count="110" type="cond" truecount="1" falsecount="0"/>
        <line num="757" count="53" type="stmt"/>
        <line num="758" count="53" type="cond" truecount="1" falsecount="0"/>
        <line num="759" count="104" type="stmt"/>
        <line num="760" count="104" type="stmt"/>
        <line num="761" count="104" type="cond" truecount="0" falsecount="2"/>
        <line num="763" count="104" type="stmt"/>
        <line num="764" count="104" type="stmt"/>
        <line num="765" count="53" type="stmt"/>
        <line num="766" count="53" type="stmt"/>
        <line num="768" count="110" type="stmt"/>
        <line num="769" count="110" type="stmt"/>
        <line num="771" count="110" type="stmt"/>
        <line num="772" count="110" type="stmt"/>
        <line num="773" count="110" type="stmt"/>
        <line num="774" count="110" type="stmt"/>
        <line num="775" count="110" type="stmt"/>
        <line num="776" count="110" type="stmt"/>
        <line num="777" count="110" type="stmt"/>
        <line num="779" count="110" type="stmt"/>
        <line num="780" count="110" type="stmt"/>
        <line num="781" count="110" type="stmt"/>
        <line num="782" count="110" type="stmt"/>
        <line num="783" count="110" type="stmt"/>
        <line num="784" count="110" type="stmt"/>
        <line num="785" count="0" type="stmt"/>
        <line num="786" count="0" type="stmt"/>
        <line num="787" count="0" type="stmt"/>
        <line num="788" count="0" type="stmt"/>
        <line num="789" count="0" type="stmt"/>
        <line num="790" count="0" type="stmt"/>
[...]
        <line num="522" count="42" type="stmt"/>
        <line num="523" count="42" type="stmt"/>
        <line num="524" count="42" type="stmt"/>
        <line num="525" count="42" type="stmt"/>
        <line num="526" count="0" type="stmt"/>
        <line num="527" count="0" type="stmt"/>
        <line num="528" count="0" type="stmt"/>
        <line num="529" count="42" type="stmt"/>
        <line num="530" count="42" type="stmt"/>
        <line num="531" count="14" type="stmt"/>
        <line num="532" count="14" type="stmt"/>
        <line num="533" count="14" type="stmt"/>
        <line num="535" count="14" type="stmt"/>
        <line num="536" count="14" type="stmt"/>
        <line num="537" count="14" type="stmt"/>
        <line num="538" count="14" type="stmt"/>
        <line num="539" count="14" type="cond" truecount="2" falsecount="0"/>
        <line num="540" count="14" type="stmt"/>
        <line num="541" count="14" type="stmt"/>
        <line num="542" count="14" type="stmt"/>
        <line num="543" count="14" type="stmt"/>
        <line num="545" count="14" type="stmt"/>
        <line num="546" count="14" type="stmt"/>
        <line num="547" count="14" type="stmt"/>
        <line num="548" count="14" type="stmt"/>
        <line num="549" count="14" type="stmt"/>
        <line num="550" count="14" type="stmt"/>
        <line num="551" count="14" type="stmt"/>
        <line num="553" count="14" type="stmt"/>
        <line num="554" count="14" type="stmt"/>
        <line num="555" count="14" type="stmt"/>
        <line num="556" count="14" type="stmt"/>
        <line num="557" count="14" type="stmt"/>
        <line num="558" count="14" type="stmt"/>
        <line num="559" count="14" type="stmt"/>
        <line num="560" count="14" type="stmt"/>
        <line num="561" count="14" type="stmt"/>
        <line num="562" count="14" type="stmt"/>
        <line num="563" count="14" type="stmt"/>
        <line num="564" count="14" type="stmt"/>
        <line num="565" count="14" type="stmt"/>
        <line num="566" count="14" type="stmt"/>
        <line num="568" count="14" type="stmt"/>
      </file>
      <file name="Signup.jsx" path="C:\Users\c23055508\Documents\Frameworks assignment\Working\team-13-group-project\frontend\src\pages\Signup.jsx">
        <metrics statements="312" coveredstatements="259" conditionals="87" coveredconditionals="49" methods="13" coveredmethods="11"/>
        <line num="1" count="1" type="stmt"/>
        <line num="6" count="195" type="cond" truecount="1" falsecount="0"/>
        <line num="7" count="195" type="stmt"/>
        <line num="8" count="195" type="stmt"/>
        <line num="9" count="195" type="stmt"/>
        <line num="10" count="195" type="stmt"/>
        <line num="11" count="195" type="stmt"/>
        <line num="12" count="195" type="stmt"/>
        <line num="13" count="195" type="stmt"/>
        <line num="14" count="195" type="stmt"/>
        <line num="15" count="195" type="stmt"/>
        <line num="16" count="195" type="stmt"/>
        <line num="17" count="195" type="stmt"/>
        <line num="18" count="195" type="stmt"/>
        <line num="19" count="195" type="stmt"/>
        <line num="20" count="195" type="stmt"/>
        <line num="22" count="195" type="cond" truecount="1" falsecount="0"/>
        <line num="23" count="25" type="stmt"/>
        <line num="24" count="25" type="stmt"/>
        <line num="25" count="25" type="cond" truecount="1" falsecount="0"/>
        <line num="26" count="4" type="stmt"/>
        <line num="27" count="4" type="stmt"/>
        <line num="28" count="4" type="cond" truecount="1" falsecount="0"/>
        <line num="29" count="21" type="stmt"/>
        <line num="30" count="21" type="stmt"/>
        <line num="31" count="21" type="cond" truecount="1" falsecount="0"/>
        <line num="32" count="25" type="cond" truecount="1" falsecount="0"/>
        <line num="33" count="11" type="stmt"/>
        <line num="34" count="11" type="stmt"/>
        <line num="35" count="11" type="cond" truecount="1" falsecount="0"/>
        <line num="36" count="12" type="stmt"/>
        <line num="37" count="12" type="stmt"/>
        <line num="38" count="25" type="cond" truecount="1" falsecount="0"/>
        <line num="39" count="7" type="cond" truecount="1" falsecount="0"/>
        <line num="40" count="25" type="cond" truecount="1" falsecount="0"/>
        <line num="41" count="19" type="stmt"/>
        <line num="42" count="19" type="stmt"/>
        <line num="43" count="25" type="stmt"/>
        <line num="45" count="195" type="cond" truecount="1" falsecount="0"/>
        <line num="46" count="35" type="cond" truecount="1" falsecount="0"/>
        <line num="47" count="12" type="cond" truecount="0" falsecount="1"/>
        <line num="48" count="12" type="cond" truecount="0" falsecount="1"/>
        <line num="49" count="0" type="stmt"/>
        <line num="50" count="0" type="stmt"/>
        <line num="51" count="0" type="stmt"/>
        <line num="52" count="0" type="stmt"/>
        <line num="53" count="0" type="stmt"/>
        <line num="54" count="12" type="cond" truecount="2" falsecount="0"/>
        <line num="55" count="12" type="cond" truecount="1" falsecount="1"/>
        <line num="57" count="12" type="cond" truecount="1" falsecount="0"/>
        <line num="58" count="2" type="stmt"/>
        <line num="59" count="2" type="cond" truecount="0" falsecount="1"/>
        <line num="60" count="2" type="stmt"/>
        <line num="61" count="2" type="cond" truecount="1" falsecount="0"/>
        <line num="62" count="1" type="stmt"/>
        <line num="63" count="1" type="stmt"/>
        <line num="64" count="1" type="stmt"/>
        <line num="65" count="1" type="stmt"/>
        <line num="66" count="2" type="cond" truecount="0" falsecount="1"/>
        <line num="67" count="2" type="cond" truecount="1" falsecount="0"/>
        <line num="68" count="1" type="stmt"/>
        <line num="69" count="1" type="stmt"/>
        <line num="70" count="1" type="stmt"/>
        <line num="71" count="1" type="stmt"/>
        <line num="72" count="2" type="cond" truecount="0" falsecount="1"/>
        <line num="73" count="0" type="stmt"/>
        <line num="74" count="0" type="stmt"/>
        <line num="75" count="0" type="stmt"/>
        <line num="76" count="0" type="stmt"/>
        <line num="77" count="2" type="cond" truecount="0" falsecount="1"/>
        <line num="78" count="0" type="stmt"/>
        <line num="79" count="0" type="stmt"/>
        <line num="80" count="0" type="stmt"/>
        <line num="81" count="0" type="stmt"/>
        <line num="82" count="2" type="cond" truecount="0" falsecount="1"/>
        <line num="83" count="0" type="stmt"/>
        <line num="84" count="2" type="stmt"/>
        <line num="85" count="2" type="stmt"/>
        <line num="86" count="2" type="cond" truecount="1" falsecount="0"/>
        <line num="88" count="12" type="cond" truecount="1" falsecount="0"/>
        <line num="89" count="3" type="stmt"/>
        <line num="90" count="3" type="stmt"/>
        <line num="91" count="3" type="cond" truecount="0" falsecount="1"/>
        <line num="92" count="0" type="stmt"/>
        <line num="93" count="0" type="stmt"/>
        <line num="94" count="0" type="stmt"/>
        <line num="95" count="3" type="cond" truecount="1" falsecount="0"/>
        <line num="96" count="3" type="cond" truecount="1" falsecount="0"/>
        <line num="97" count="1" type="stmt"/>
        <line num="98" count="1" type="stmt"/>
        <line num="99" count="1" type="stmt"/>
        <line num="100" count="3" type="cond" truecount="1" falsecount="0"/>
        <line num="101" count="1" type="stmt"/>
        <line num="102" count="1" type="stmt"/>
        <line num="103" count="1" type="stmt"/>
        <line num="104" count="3" type="cond" truecount="1" falsecount="0"/>
        <line num="105" count="1" type="stmt"/>
        <line num="106" count="1" type="stmt"/>
        <line num="107" count="1" type="stmt"/>
        <line num="108" count="3" type="cond" truecount="0" falsecount="1"/>
        <line num="109" count="0" type="stmt"/>
        <line num="110" count="3" type="stmt"/>
        <line num="111" count="3" type="stmt"/>
        <line num="112" count="3" type="stmt"/>
        <line num="114" count="12" type="cond" truecount="1" falsecount="0"/>
        <line num="115" count="1" type="stmt"/>
        <line num="116" count="1" type="cond" truecount="0" falsecount="1"/>
        <line num="117" count="1" type="stmt"/>
        <line num="118" count="1" type="stmt"/>
        <line num="119" count="1" type="cond" truecount="0" falsecount="1"/>
        <line num="120" count="0" type="stmt"/>
        <line num="121" count="0" type="stmt"/>
        <line num="122" count="0" type="stmt"/>
        <line num="123" count="0" type="stmt"/>
        <line num="124" count="0" type="stmt"/>
        <line num="125" count="1" type="stmt"/>
        <line num="126" count="1" type="cond" truecount="0" falsecount="1"/>
        <line num="127" count="0" type="stmt"/>
        <line num="128" count="0" type="stmt"/>
        <line num="129" count="1" type="stmt"/>
        <line num="130" count="1" type="stmt"/>
        <line num="131" count="1" type="stmt"/>
        <line num="132" count="1" type="cond" truecount="0" falsecount="1"/>
        <line num="133" count="0" type="stmt"/>
        <line num="134" count="0" type="stmt"/>
        <line num="135" count="1" type="cond" truecount="0" falsecount="1"/>
        <line num="136" count="0" type="stmt"/>
        <line num="137" count="0" type="stmt"/>
        <line num="138" count="1" type="cond" truecount="0" falsecount="1"/>
        <line num="139" count="0" type="stmt"/>
        <line num="140" count="1" type="stmt"/>
        <line num="141" count="1" type="stmt"/>
        <line num="142" count="1" type="cond" truecount="1" falsecount="0"/>
        <line num="144" count="12" type="cond" truecount="1" falsecount="0"/>
        <line num="145" count="1" type="stmt"/>
        <line num="146" count="1" type="stmt"/>
        <line num="147" count="1" type="stmt"/>
        <line num="148" count="1" type="cond" truecount="0" falsecount="1"/>
        <line num="149" count="0" type="stmt"/>
        <line num="150" count="0" type="stmt"/>
        <line num="151" count="1" type="stmt"/>
        <line num="152" count="1" type="stmt"/>
        <line num="154" count="1" type="stmt"/>
        <line num="155" count="1" type="stmt"/>
        <line num="156" count="1" type="stmt"/>
        <line num="157" count="1" type="stmt"/>
        <line num="158" count="1" type="stmt"/>
        <line num="159" count="1" type="stmt"/>
        <line num="160" count="1" type="stmt"/>
        <line num="161" count="1" type="stmt"/>
        <line num="162" count="1" type="stmt"/>
        <line num="163" count="12" type="stmt"/>
        <line num="164" count="35" type="stmt"/>
        <line num="165" count="35" type="cond" truecount="1" falsecount="0"/>
        <line num="166" count="195" type="stmt"/>
        <line num="168" count="195" type="cond" truecount="1" falsecount="0"/>
        <line num="169" count="2" type="cond" truecount="1" falsecount="0"/>
        <line num="170" count="2" type="cond" truecount="0" falsecount="1"/>
        <line num="171" count="2" type="cond" truecount="0" falsecount="1"/>
        <line num="172" count="2" type="cond" truecount="0" falsecount="1"/>
        <line num="173" count="2" type="cond" truecount="0" falsecount="1"/>
        <line num="174" count="2" type="cond" truecount="0" falsecount="1"/>
        <line num="175" count="2" type="stmt"/>
        <line num="176" count="2" type="stmt"/>
        <line num="177" count="2" type="cond" truecount="0" falsecount="1"/>
        <line num="178" count="2" type="cond" truecount="0" falsecount="1"/>
        <line num="179" count="2" type="cond" truecount="1" falsecount="0"/>
        <line num="180" count="2" type="cond" truecount="0" falsecount="1"/>
        <line num="181" count="2" type="cond" truecount="0" falsecount="1"/>
        <line num="182" count="2" type="stmt"/>
        <line num="183" count="2" type="stmt"/>
        <line num="184" count="2" type="stmt"/>
        <line num="185" count="2" type="cond" truecount="0" falsecount="1"/>
        <line num="186" count="2" type="cond" truecount="1" falsecount="0"/>
        <line num="187" count="2" type="cond" truecount="0" falsecount="1"/>
        <line num="188" count="2" type="cond" truecount="0" falsecount="1"/>
        <line num="189" count="2" type="stmt"/>
        <line num="190" count="2" type="stmt"/>
        <line num="191" count="2" type="stmt"/>
        <line num="192" count="2" type="stmt"/>
        <line num="194" count="195" type="stmt"/>
        <line num="195" count="195" type="stmt"/>
        <line num="196" count="195" type="stmt"/>
        <line num="197" count="195" type="stmt"/>
        <line num="198" count="195" type="stmt"/>
        <line num="199" count="195" type="stmt"/>
        <line num="200" count="195" type="stmt"/>
        <line num="201" count="195" type="stmt"/>
        <line num="202" count="195" type="stmt"/>
        <line num="203" count="195" type="stmt"/>
        <line num="205" count="195" type="cond" truecount="1" falsecount="0"/>
        <line num="206" count="35" type="cond" truecount="1" falsecount="0"/>
        <line num="207" count="12" type="cond" truecount="0" falsecount="1"/>
        <line num="208" count="12" type="cond" truecount="2" falsecount="0"/>
        <line num="209" count="12" type="cond" truecount="1" falsecount="0"/>
        <line num="210" count="1" type="cond" truecount="0" falsecount="1"/>
        <line num="211" count="1" type="cond" truecount="0" falsecount="1"/>
        <line num="212" count="0" type="stmt"/>
        <line num="213" count="0" type="stmt"/>
        <line num="214" count="1" type="cond" truecount="0" falsecount="2"/>
        <line num="215" count="1" type="stmt"/>
        <line num="216" count="1" type="stmt"/>
        <line num="217" count="1" type="cond" truecount="0" falsecount="1"/>
        <line num="218" count="0" type="stmt"/>
        <line num="219" count="0" type="stmt"/>
        <line num="220" count="0" type="stmt"/>
        <line num="221" count="0" type="stmt"/>
        <line num="222" count="0" type="stmt"/>
        <line num="223" count="0" type="stmt"/>
        <line num="224" count="1" type="stmt"/>
        <line num="225" count="1" type="stmt"/>
        <line num="226" count="1" type="stmt"/>
        <line num="227" count="1" type="stmt"/>
        <line num="228" count="1" type="stmt"/>
        <line num="229" count="1" type="stmt"/>
        <line num="230" count="1" type="stmt"/>
        <line num="231" count="1" type="cond" truecount="1" falsecount="0"/>
        <line num="232" count="12" type="cond" truecount="1" falsecount="0"/>
        <line num="233" count="1" type="stmt"/>
        <line num="234" count="1" type="stmt"/>
        <line num="235" count="1" type="cond" truecount="1" falsecount="0"/>
        <line num="236" count="12" type="cond" truecount="1" falsecount="1"/>
        <line num="237" count="2" type="stmt"/>
        <line num="238" count="2" type="stmt"/>
        <line num="239" count="12" type="stmt"/>
        <line num="240" count="35" type="stmt"/>
        <line num="241" count="35" type="cond" truecount="1" falsecount="0"/>
        <line num="242" count="195" type="stmt"/>
        <line num="244" count="195" type="stmt"/>
        <line num="245" count="195" type="stmt"/>
        <line num="246" count="195" type="stmt"/>
        <line num="247" count="195" type="stmt"/>
        <line num="248" count="195" type="stmt"/>
        <line num="249" count="195" type="stmt"/>
        <line num="251" count="195" type="stmt"/>
        <line num="252" count="195" type="stmt"/>
        <line num="253" count="195" type="stmt"/>
        <line num="254" count="195" type="stmt"/>
        <line num="255" count="195" type="stmt"/>
        <line num="256" count="195" type="stmt"/>
        <line num="257" count="195" type="stmt"/>
        <line num="258" count="195" type="stmt"/>
        <line num="260" count="195" type="cond" truecount="0" falsecount="1"/>
        <line num="261" count="195" type="stmt"/>
        <line num="262" count="195" type="stmt"/>
        <line num="263" count="195" type="cond" truecount="0" falsecount="1"/>
        <line num="264" count="0" type="stmt"/>
        <line num="265" count="0" type="stmt"/>
        <line num="266" count="0" type="stmt"/>
        <line num="267" count="0" type="stmt"/>
        <line num="269" count="0" type="stmt"/>
        <line num="270" count="0" type="stmt"/>
        <line num="271" count="0" type="stmt"/>
        <line num="272" count="0" type="stmt"/>
        <line num="273" count="0" type="stmt"/>
        <line num="274" count="0" type="stmt"/>
        <line num="275" count="0" type="stmt"/>
        <line num="276" count="0" type="stmt"/>
        <line num="277" count="0" type="stmt"/>
        <line num="279" count="195" type="cond" truecount="1" falsecount="0"/>
        <line num="280" count="195" type="stmt"/>
        <line num="281" count="195" type="stmt"/>
        <line num="282" count="195" type="stmt"/>
        <line num="283" count="195" type="stmt"/>
        <line num="284" count="195" type="stmt"/>
        <line num="285" count="195" type="cond" truecount="1" falsecount="0"/>
        <line num="286" count="195" type="stmt"/>
        <line num="287" count="195" type="stmt"/>
        <line num="288" count="195" type="stmt"/>
        <line num="289" count="195" type="stmt"/>
        <line num="290" count="195" type="stmt"/>
        <line num="291" count="195" type="stmt"/>
        <line num="292" count="195" type="stmt"/>
        <line num="293" count="195" type="stmt"/>
        <line num="294" count="195" type="stmt"/>
        <line num="295" count="195" type="stmt"/>
        <line num="296" count="195" type="cond" truecount="1" falsecount="0"/>
        <line num="297" count="195" type="stmt"/>
        <line num="298" count="195" type="stmt"/>
        <line num="299" count="195" type="stmt"/>
        <line num="300" count="195" type="stmt"/>
        <line num="301" count="195" type="stmt"/>
        <line num="302" count="195" type="stmt"/>
        <line num="303" count="195" type="stmt"/>
        <line num="304" count="195" type="stmt"/>
        <line num="305" count="195" type="stmt"/>
        <line num="306" count="195" type="stmt"/>
        <line num="307" count="195" type="cond" truecount="1" falsecount="0"/>
        <line num="308" count="195" type="stmt"/>
        <line num="309" count="195" type="stmt"/>
        <line num="310" count="195" type="stmt"/>
        <line num="311" count="195" type="stmt"/>
        <line num="312" count="195" type="stmt"/>
        <line num="313" count="195" type="stmt"/>
        <line num="314" count="195" type="stmt"/>
        <line num="315" count="195" type="stmt"/>
        <line num="316" count="195" type="stmt"/>
        <line num="317" count="195" type="stmt"/>
        <line num="318" count="195" type="cond" truecount="1" falsecount="0"/>
        <line num="319" count="195" type="stmt"/>
        <line num="320" count="195" type="stmt"/>
        <line num="321" count="195" type="stmt"/>
        <line num="322" count="195" type="stmt"/>
        <line num="323" count="195" type="stmt"/>
        <line num="324" count="195" type="stmt"/>
        <line num="325" count="195" type="stmt"/>
        <line num="326" count="195" type="stmt"/>
        <line num="328" count="195" type="cond" truecount="2" falsecount="0"/>
        <line num="329" count="195" type="stmt"/>
        <line num="330" count="195" type="stmt"/>
        <line num="331" count="195" type="stmt"/>
        <line num="333" count="195" type="stmt"/>
      </file>
    </package>
  </project>
</coverage>
