{"C:\\Users\\c23055508\\Documents\\Frameworks assignment\\Working\\team-13-group-project\\frontend\\src\\App.jsx": {"path":"C:\\Users\\c23055508\\Documents\\Frameworks assignment\\Working\\team-13-group-project\\frontend\\src\\App.jsx","all":false,"statementMap":{"0":{"start":{"line":1,"column":0},"end":{"line":1,"column":34}},"1":{"start":{"line":2,"column":0},"end":{"line":2,"column":19}},"2":{"start":{"line":3,"column":0},"end":{"line":3,"column":21}},"3":{"start":{"line":4,"column":0},"end":{"line":4,"column":32}},"4":{"start":{"line":5,"column":0},"end":{"line":5,"column":36}},"5":{"start":{"line":6,"column":0},"end":{"line":6,"column":74}},"6":{"start":{"line":7,"column":0},"end":{"line":7,"column":36}},"7":{"start":{"line":8,"column":0},"end":{"line":8,"column":45}},"8":{"start":{"line":9,"column":0},"end":{"line":9,"column":38}},"9":{"start":{"line":10,"column":0},"end":{"line":10,"column":40}},"10":{"start":{"line":11,"column":0},"end":{"line":11,"column":51}},"11":{"start":{"line":12,"column":0},"end":{"line":12,"column":44}},"12":{"start":{"line":13,"column":0},"end":{"line":13,"column":42}},"13":{"start":{"line":14,"column":0},"end":{"line":14,"column":46}},"14":{"start":{"line":15,"column":0},"end":{"line":15,"column":42}},"16":{"start":{"line":17,"column":0},"end":{"line":17,"column":46}},"17":{"start":{"line":18,"column":0},"end":{"line":18,"column":46}},"18":{"start":{"line":19,"column":0},"end":{"line":19,"column":29}},"19":{"start":{"line":20,"column":0},"end":{"line":20,"column":62}},"20":{"start":{"line":21,"column":0},"end":{"line":21,"column":52}},"21":{"start":{"line":22,"column":0},"end":{"line":22,"column":108}},"22":{"start":{"line":23,"column":0},"end":{"line":23,"column":101}},"23":{"start":{"line":24,"column":0},"end":{"line":24,"column":115}},"24":{"start":{"line":25,"column":0},"end":{"line":25,"column":29}},"25":{"start":{"line":26,"column":0},"end":{"line":26,"column":52}},"26":{"start":{"line":27,"column":0},"end":{"line":27,"column":35}},"27":{"start":{"line":28,"column":0},"end":{"line":28,"column":33}},"28":{"start":{"line":29,"column":0},"end":{"line":29,"column":39}},"30":{"start":{"line":31,"column":0},"end":{"line":31,"column":81}},"31":{"start":{"line":32,"column":0},"end":{"line":32,"column":95}},"32":{"start":{"line":33,"column":0},"end":{"line":33,"column":2}},"35":{"start":{"line":36,"column":0},"end":{"line":36,"column":36}},"36":{"start":{"line":37,"column":0},"end":{"line":37,"column":41}},"37":{"start":{"line":38,"column":0},"end":{"line":38,"column":1}},"39":{"start":{"line":40,"column":0},"end":{"line":40,"column":16}},"40":{"start":{"line":41,"column":0},"end":{"line":41,"column":19}},"41":{"start":{"line":42,"column":0},"end":{"line":42,"column":79}},"42":{"start":{"line":43,"column":0},"end":{"line":43,"column":12}},"43":{"start":{"line":44,"column":0},"end":{"line":44,"column":46}},"44":{"start":{"line":45,"column":0},"end":{"line":45,"column":36}},"45":{"start":{"line":46,"column":0},"end":{"line":46,"column":60}},"46":{"start":{"line":47,"column":0},"end":{"line":47,"column":50}},"47":{"start":{"line":48,"column":0},"end":{"line":48,"column":18}},"48":{"start":{"line":49,"column":0},"end":{"line":49,"column":65}},"49":{"start":{"line":50,"column":0},"end":{"line":50,"column":55}},"50":{"start":{"line":51,"column":0},"end":{"line":51,"column":6}},"51":{"start":{"line":52,"column":0},"end":{"line":52,"column":9}},"53":{"start":{"line":54,"column":0},"end":{"line":54,"column":10}},"54":{"start":{"line":55,"column":0},"end":{"line":55,"column":12}},"55":{"start":{"line":56,"column":0},"end":{"line":56,"column":76}},"56":{"start":{"line":57,"column":0},"end":{"line":57,"column":16}},"57":{"start":{"line":58,"column":0},"end":{"line":58,"column":45}},"58":{"start":{"line":59,"column":0},"end":{"line":59,"column":14}},"59":{"start":{"line":60,"column":0},"end":{"line":60,"column":45}},"60":{"start":{"line":61,"column":0},"end":{"line":61,"column":53}},"61":{"start":{"line":62,"column":0},"end":{"line":62,"column":54}},"62":{"start":{"line":63,"column":0},"end":{"line":63,"column":51}},"63":{"start":{"line":64,"column":0},"end":{"line":64,"column":53}},"64":{"start":{"line":65,"column":0},"end":{"line":65,"column":57}},"65":{"start":{"line":66,"column":0},"end":{"line":66,"column":55}},"66":{"start":{"line":67,"column":0},"end":{"line":67,"column":59}},"67":{"start":{"line":68,"column":0},"end":{"line":68,"column":14}},"68":{"start":{"line":69,"column":0},"end":{"line":69,"column":23}},"69":{"start":{"line":70,"column":0},"end":{"line":70,"column":37}},"70":{"start":{"line":71,"column":0},"end":{"line":71,"column":10}},"71":{"start":{"line":72,"column":0},"end":{"line":72,"column":15}},"72":{"start":{"line":73,"column":0},"end":{"line":73,"column":19}},"73":{"start":{"line":74,"column":0},"end":{"line":74,"column":13}},"75":{"start":{"line":76,"column":0},"end":{"line":76,"column":1}},"77":{"start":{"line":78,"column":0},"end":{"line":78,"column":26}},"78":{"start":{"line":79,"column":0},"end":{"line":79,"column":19}},"79":{"start":{"line":80,"column":0},"end":{"line":80,"column":75}},"80":{"start":{"line":81,"column":0},"end":{"line":81,"column":9}},"81":{"start":{"line":82,"column":0},"end":{"line":82,"column":18}},"82":{"start":{"line":83,"column":0},"end":{"line":83,"column":1}},"84":{"start":{"line":85,"column":0},"end":{"line":85,"column":19}}},"s":{"0":1,"1":1,"2":1,"3":1,"4":1,"5":1,"6":1,"7":1,"8":1,"9":1,"10":1,"11":1,"12":1,"13":1,"14":1,"16":1,"17":6,"18":6,"19":6,"20":6,"21":6,"22":6,"23":6,"24":6,"25":6,"26":6,"27":6,"28":6,"30":6,"31":6,"32":6,"35":1,"36":1,"37":1,"39":5,"40":5,"41":5,"42":5,"43":5,"44":5,"45":5,"46":5,"47":5,"48":0,"49":0,"50":0,"51":5,"53":5,"54":5,"55":5,"56":5,"57":5,"58":5,"59":5,"60":5,"61":5,"62":5,"63":5,"64":5,"65":5,"66":5,"67":5,"68":5,"69":5,"70":5,"71":5,"72":5,"73":5,"75":5,"77":0,"78":0,"79":0,"80":0,"81":0,"82":0,"84":1},"branchMap":{"0":{"type":"branch","line":17,"loc":{"start":{"line":17,"column":31},"end":{"line":33,"column":2}},"locations":[{"start":{"line":17,"column":31},"end":{"line":33,"column":2}}]},"1":{"type":"branch","line":18,"loc":{"start":{"line":18,"column":39},"end":{"line":18,"column":46}},"locations":[{"start":{"line":18,"column":39},"end":{"line":18,"column":46}}]},"2":{"type":"branch","line":20,"loc":{"start":{"line":20,"column":36},"end":{"line":20,"column":54}},"locations":[{"start":{"line":20,"column":36},"end":{"line":20,"column":54}}]},"3":{"type":"branch","line":22,"loc":{"start":{"line":22,"column":88},"end":{"line":22,"column":108}},"locations":[{"start":{"line":22,"column":88},"end":{"line":22,"column":108}}]},"4":{"type":"branch","line":23,"loc":{"start":{"line":23,"column":83},"end":{"line":23,"column":101}},"locations":[{"start":{"line":23,"column":83},"end":{"line":23,"column":101}}]},"5":{"type":"branch","line":24,"loc":{"start":{"line":24,"column":93},"end":{"line":24,"column":115}},"locations":[{"start":{"line":24,"column":93},"end":{"line":24,"column":115}}]},"6":{"type":"branch","line":26,"loc":{"start":{"line":26,"column":20},"end":{"line":26,"column":44}},"locations":[{"start":{"line":26,"column":20},"end":{"line":26,"column":44}}]},"7":{"type":"branch","line":31,"loc":{"start":{"line":31,"column":48},"end":{"line":31,"column":73}},"locations":[{"start":{"line":31,"column":48},"end":{"line":31,"column":73}}]},"8":{"type":"branch","line":32,"loc":{"start":{"line":32,"column":37},"end":{"line":32,"column":56}},"locations":[{"start":{"line":32,"column":37},"end":{"line":32,"column":56}}]},"9":{"type":"branch","line":32,"loc":{"start":{"line":32,"column":69},"end":{"line":32,"column":88}},"locations":[{"start":{"line":32,"column":69},"end":{"line":32,"column":88}}]},"10":{"type":"branch","line":40,"loc":{"start":{"line":40,"column":0},"end":{"line":76,"column":1}},"locations":[{"start":{"line":40,"column":0},"end":{"line":76,"column":1}}]},"11":{"type":"branch","line":41,"loc":{"start":{"line":41,"column":12},"end":{"line":52,"column":5}},"locations":[{"start":{"line":41,"column":12},"end":{"line":52,"column":5}}]},"12":{"type":"branch","line":42,"loc":{"start":{"line":42,"column":18},"end":{"line":42,"column":79}},"locations":[{"start":{"line":42,"column":18},"end":{"line":42,"column":79}}]}},"b":{"0":[6],"1":[0],"2":[0],"3":[0],"4":[0],"5":[0],"6":[0],"7":[0],"8":[0],"9":[0],"10":[5],"11":[5],"12":[5]},"fnMap":{"0":{"name":"applyThemeFromSettings","decl":{"start":{"line":17,"column":31},"end":{"line":33,"column":2}},"loc":{"start":{"line":17,"column":31},"end":{"line":33,"column":2}},"line":17},"1":{"name":"App","decl":{"start":{"line":40,"column":0},"end":{"line":76,"column":1}},"loc":{"start":{"line":40,"column":0},"end":{"line":76,"column":1}},"line":40},"2":{"name":"apply","decl":{"start":{"line":42,"column":18},"end":{"line":42,"column":79}},"loc":{"start":{"line":42,"column":18},"end":{"line":42,"column":79}},"line":42},"3":{"name":"onSettings","decl":{"start":{"line":44,"column":23},"end":{"line":44,"column":46}},"loc":{"start":{"line":44,"column":23},"end":{"line":44,"column":46}},"line":44},"4":{"name":"onStorage","decl":{"start":{"line":45,"column":22},"end":{"line":45,"column":36}},"loc":{"start":{"line":45,"column":22},"end":{"line":45,"column":36}},"line":45},"5":{"name":"AdminRedirect","decl":{"start":{"line":78,"column":0},"end":{"line":83,"column":1}},"loc":{"start":{"line":78,"column":0},"end":{"line":83,"column":1}},"line":78}},"f":{"0":6,"1":5,"2":5,"3":0,"4":0,"5":0}}
,"C:\\Users\\c23055508\\Documents\\Frameworks assignment\\Working\\team-13-group-project\\frontend\\src\\api.js": {"path":"C:\\Users\\c23055508\\Documents\\Frameworks assignment\\Working\\team-13-group-project\\frontend\\src\\api.js","all":false,"statementMap":{"0":{"start":{"line":1,"column":0},"end":{"line":1,"column":54}},"1":{"start":{"line":2,"column":0},"end":{"line":2,"column":77}},"2":{"start":{"line":3,"column":0},"end":{"line":3,"column":0}},"3":{"start":{"line":4,"column":0},"end":{"line":4,"column":66}},"4":{"start":{"line":5,"column":0},"end":{"line":5,"column":55}},"5":{"start":{"line":6,"column":0},"end":{"line":6,"column":19}},"6":{"start":{"line":7,"column":0},"end":{"line":7,"column":52}},"7":{"start":{"line":8,"column":0},"end":{"line":8,"column":56}},"8":{"start":{"line":9,"column":0},"end":{"line":9,"column":5}},"9":{"start":{"line":10,"column":0},"end":{"line":10,"column":84}},"10":{"start":{"line":11,"column":0},"end":{"line":11,"column":20}},"11":{"start":{"line":12,"column":0},"end":{"line":12,"column":2}},"12":{"start":{"line":13,"column":0},"end":{"line":13,"column":0}},"13":{"start":{"line":14,"column":0},"end":{"line":14,"column":58}},"14":{"start":{"line":15,"column":0},"end":{"line":15,"column":52}},"15":{"start":{"line":16,"column":0},"end":{"line":16,"column":19}},"16":{"start":{"line":17,"column":0},"end":{"line":17,"column":52}},"17":{"start":{"line":18,"column":0},"end":{"line":18,"column":51}},"18":{"start":{"line":19,"column":0},"end":{"line":19,"column":5}},"19":{"start":{"line":20,"column":0},"end":{"line":20,"column":77}},"20":{"start":{"line":21,"column":0},"end":{"line":21,"column":20}},"21":{"start":{"line":22,"column":0},"end":{"line":22,"column":2}},"22":{"start":{"line":23,"column":0},"end":{"line":23,"column":0}},"23":{"start":{"line":24,"column":0},"end":{"line":24,"column":45}},"24":{"start":{"line":25,"column":0},"end":{"line":25,"column":46}},"25":{"start":{"line":26,"column":0},"end":{"line":26,"column":51}},"26":{"start":{"line":27,"column":0},"end":{"line":27,"column":49}},"27":{"start":{"line":28,"column":0},"end":{"line":28,"column":50}},"28":{"start":{"line":29,"column":0},"end":{"line":29,"column":5}},"29":{"start":{"line":30,"column":0},"end":{"line":30,"column":87}},"30":{"start":{"line":31,"column":0},"end":{"line":31,"column":20}},"31":{"start":{"line":32,"column":0},"end":{"line":32,"column":2}},"32":{"start":{"line":33,"column":0},"end":{"line":33,"column":0}},"33":{"start":{"line":34,"column":0},"end":{"line":34,"column":43}},"34":{"start":{"line":35,"column":0},"end":{"line":35,"column":51}},"35":{"start":{"line":36,"column":0},"end":{"line":36,"column":60}},"36":{"start":{"line":37,"column":0},"end":{"line":37,"column":20}},"37":{"start":{"line":38,"column":0},"end":{"line":38,"column":2}},"38":{"start":{"line":39,"column":0},"end":{"line":39,"column":0}},"39":{"start":{"line":40,"column":0},"end":{"line":40,"column":39}},"40":{"start":{"line":41,"column":0},"end":{"line":41,"column":46}},"41":{"start":{"line":42,"column":0},"end":{"line":42,"column":55}},"42":{"start":{"line":43,"column":0},"end":{"line":43,"column":20}},"43":{"start":{"line":44,"column":0},"end":{"line":44,"column":2}},"44":{"start":{"line":45,"column":0},"end":{"line":45,"column":0}},"45":{"start":{"line":46,"column":0},"end":{"line":46,"column":66}},"46":{"start":{"line":47,"column":0},"end":{"line":47,"column":39}},"47":{"start":{"line":48,"column":0},"end":{"line":48,"column":47}},"48":{"start":{"line":49,"column":0},"end":{"line":49,"column":81}},"49":{"start":{"line":50,"column":0},"end":{"line":50,"column":91}},"50":{"start":{"line":51,"column":0},"end":{"line":51,"column":31}},"51":{"start":{"line":52,"column":0},"end":{"line":52,"column":57}},"52":{"start":{"line":53,"column":0},"end":{"line":53,"column":20}},"53":{"start":{"line":54,"column":0},"end":{"line":54,"column":2}},"54":{"start":{"line":55,"column":0},"end":{"line":55,"column":0}},"55":{"start":{"line":56,"column":0},"end":{"line":56,"column":35}},"56":{"start":{"line":57,"column":0},"end":{"line":57,"column":54}},"57":{"start":{"line":58,"column":0},"end":{"line":58,"column":96}},"58":{"start":{"line":59,"column":0},"end":{"line":59,"column":22}},"59":{"start":{"line":60,"column":0},"end":{"line":60,"column":1}},"60":{"start":{"line":61,"column":0},"end":{"line":61,"column":0}},"61":{"start":{"line":62,"column":0},"end":{"line":62,"column":57}},"62":{"start":{"line":63,"column":0},"end":{"line":63,"column":65}},"63":{"start":{"line":64,"column":0},"end":{"line":64,"column":19}},"64":{"start":{"line":65,"column":0},"end":{"line":65,"column":14}},"65":{"start":{"line":66,"column":0},"end":{"line":66,"column":41}},"66":{"start":{"line":67,"column":0},"end":{"line":67,"column":23}},"67":{"start":{"line":68,"column":0},"end":{"line":68,"column":6}},"68":{"start":{"line":69,"column":0},"end":{"line":69,"column":54}},"69":{"start":{"line":70,"column":0},"end":{"line":70,"column":5}},"70":{"start":{"line":71,"column":0},"end":{"line":71,"column":0}},"71":{"start":{"line":72,"column":0},"end":{"line":72,"column":16}},"72":{"start":{"line":73,"column":0},"end":{"line":73,"column":51}},"73":{"start":{"line":74,"column":0},"end":{"line":74,"column":62}},"74":{"start":{"line":75,"column":0},"end":{"line":75,"column":3}},"75":{"start":{"line":76,"column":0},"end":{"line":76,"column":0}},"76":{"start":{"line":77,"column":0},"end":{"line":77,"column":20}},"77":{"start":{"line":78,"column":0},"end":{"line":78,"column":1}},"78":{"start":{"line":79,"column":0},"end":{"line":79,"column":0}},"79":{"start":{"line":80,"column":0},"end":{"line":80,"column":0}},"80":{"start":{"line":81,"column":0},"end":{"line":81,"column":31}},"81":{"start":{"line":82,"column":0},"end":{"line":82,"column":46}},"82":{"start":{"line":83,"column":0},"end":{"line":83,"column":59}},"83":{"start":{"line":84,"column":0},"end":{"line":84,"column":1}},"84":{"start":{"line":85,"column":0},"end":{"line":85,"column":0}},"85":{"start":{"line":86,"column":0},"end":{"line":86,"column":49}},"86":{"start":{"line":87,"column":0},"end":{"line":87,"column":64}},"87":{"start":{"line":88,"column":0},"end":{"line":88,"column":16}},"88":{"start":{"line":89,"column":0},"end":{"line":89,"column":47}},"89":{"start":{"line":90,"column":0},"end":{"line":90,"column":3}},"90":{"start":{"line":91,"column":0},"end":{"line":91,"column":57}},"91":{"start":{"line":92,"column":0},"end":{"line":92,"column":1}},"92":{"start":{"line":93,"column":0},"end":{"line":93,"column":0}},"93":{"start":{"line":94,"column":0},"end":{"line":94,"column":0}},"94":{"start":{"line":95,"column":0},"end":{"line":95,"column":34}},"95":{"start":{"line":96,"column":0},"end":{"line":96,"column":48}},"96":{"start":{"line":97,"column":0},"end":{"line":97,"column":91}},"97":{"start":{"line":98,"column":0},"end":{"line":98,"column":22}},"98":{"start":{"line":99,"column":0},"end":{"line":99,"column":1}},"99":{"start":{"line":100,"column":0},"end":{"line":100,"column":0}},"100":{"start":{"line":101,"column":0},"end":{"line":101,"column":48}},"101":{"start":{"line":102,"column":0},"end":{"line":102,"column":65}},"102":{"start":{"line":103,"column":0},"end":{"line":103,"column":14}},"103":{"start":{"line":104,"column":0},"end":{"line":104,"column":22}},"104":{"start":{"line":105,"column":0},"end":{"line":105,"column":5}},"105":{"start":{"line":106,"column":0},"end":{"line":106,"column":5}},"106":{"start":{"line":107,"column":0},"end":{"line":107,"column":16}},"107":{"start":{"line":108,"column":0},"end":{"line":108,"column":51}},"108":{"start":{"line":109,"column":0},"end":{"line":109,"column":66}},"109":{"start":{"line":110,"column":0},"end":{"line":110,"column":3}},"110":{"start":{"line":111,"column":0},"end":{"line":111,"column":20}},"111":{"start":{"line":112,"column":0},"end":{"line":112,"column":1}},"112":{"start":{"line":113,"column":0},"end":{"line":113,"column":43}},"113":{"start":{"line":114,"column":0},"end":{"line":114,"column":59}},"114":{"start":{"line":115,"column":0},"end":{"line":115,"column":83}},"115":{"start":{"line":116,"column":0},"end":{"line":116,"column":33}},"116":{"start":{"line":117,"column":0},"end":{"line":117,"column":5}},"117":{"start":{"line":118,"column":0},"end":{"line":118,"column":105}},"118":{"start":{"line":119,"column":0},"end":{"line":119,"column":20}},"119":{"start":{"line":120,"column":0},"end":{"line":120,"column":1}},"120":{"start":{"line":121,"column":0},"end":{"line":121,"column":0}},"121":{"start":{"line":122,"column":0},"end":{"line":122,"column":69}},"122":{"start":{"line":123,"column":0},"end":{"line":123,"column":83}},"123":{"start":{"line":124,"column":0},"end":{"line":124,"column":20}},"124":{"start":{"line":125,"column":0},"end":{"line":125,"column":70}},"125":{"start":{"line":126,"column":0},"end":{"line":126,"column":31}},"126":{"start":{"line":127,"column":0},"end":{"line":127,"column":5}},"127":{"start":{"line":128,"column":0},"end":{"line":128,"column":107}},"128":{"start":{"line":129,"column":0},"end":{"line":129,"column":20}},"129":{"start":{"line":130,"column":0},"end":{"line":130,"column":1}},"130":{"start":{"line":131,"column":0},"end":{"line":131,"column":0}},"131":{"start":{"line":132,"column":0},"end":{"line":132,"column":50}},"132":{"start":{"line":133,"column":0},"end":{"line":133,"column":74}},"133":{"start":{"line":134,"column":0},"end":{"line":134,"column":19}},"134":{"start":{"line":135,"column":0},"end":{"line":135,"column":33}},"135":{"start":{"line":136,"column":0},"end":{"line":136,"column":5}},"136":{"start":{"line":137,"column":0},"end":{"line":137,"column":81}},"137":{"start":{"line":138,"column":0},"end":{"line":138,"column":20}},"138":{"start":{"line":139,"column":0},"end":{"line":139,"column":1}},"139":{"start":{"line":140,"column":0},"end":{"line":140,"column":0}},"140":{"start":{"line":141,"column":0},"end":{"line":141,"column":52}},"141":{"start":{"line":142,"column":0},"end":{"line":142,"column":74}},"142":{"start":{"line":143,"column":0},"end":{"line":143,"column":21}},"143":{"start":{"line":144,"column":0},"end":{"line":144,"column":33}},"144":{"start":{"line":145,"column":0},"end":{"line":145,"column":5}},"145":{"start":{"line":146,"column":0},"end":{"line":146,"column":83}},"146":{"start":{"line":147,"column":0},"end":{"line":147,"column":20}},"147":{"start":{"line":148,"column":0},"end":{"line":148,"column":1}},"148":{"start":{"line":149,"column":0},"end":{"line":149,"column":0}},"149":{"start":{"line":150,"column":0},"end":{"line":150,"column":48}},"150":{"start":{"line":151,"column":0},"end":{"line":151,"column":72}},"151":{"start":{"line":152,"column":0},"end":{"line":152,"column":33}},"152":{"start":{"line":153,"column":0},"end":{"line":153,"column":5}},"153":{"start":{"line":154,"column":0},"end":{"line":154,"column":94}},"154":{"start":{"line":155,"column":0},"end":{"line":155,"column":20}},"155":{"start":{"line":156,"column":0},"end":{"line":156,"column":1}},"156":{"start":{"line":157,"column":0},"end":{"line":157,"column":0}},"157":{"start":{"line":158,"column":0},"end":{"line":158,"column":55}},"158":{"start":{"line":159,"column":0},"end":{"line":159,"column":57}},"159":{"start":{"line":160,"column":0},"end":{"line":160,"column":20}},"160":{"start":{"line":161,"column":0},"end":{"line":161,"column":70}},"161":{"start":{"line":162,"column":0},"end":{"line":162,"column":30}},"162":{"start":{"line":163,"column":0},"end":{"line":163,"column":5}},"163":{"start":{"line":164,"column":0},"end":{"line":164,"column":87}},"164":{"start":{"line":165,"column":0},"end":{"line":165,"column":20}},"165":{"start":{"line":166,"column":0},"end":{"line":166,"column":1}},"166":{"start":{"line":167,"column":0},"end":{"line":167,"column":0}},"167":{"start":{"line":168,"column":0},"end":{"line":168,"column":80}},"168":{"start":{"line":169,"column":0},"end":{"line":169,"column":66}},"169":{"start":{"line":170,"column":0},"end":{"line":170,"column":20}},"170":{"start":{"line":171,"column":0},"end":{"line":171,"column":70}},"171":{"start":{"line":172,"column":0},"end":{"line":172,"column":58}},"172":{"start":{"line":173,"column":0},"end":{"line":173,"column":5}},"173":{"start":{"line":174,"column":0},"end":{"line":174,"column":88}},"174":{"start":{"line":175,"column":0},"end":{"line":175,"column":20}},"175":{"start":{"line":176,"column":0},"end":{"line":176,"column":1}},"176":{"start":{"line":177,"column":0},"end":{"line":177,"column":0}},"177":{"start":{"line":178,"column":0},"end":{"line":178,"column":51}},"178":{"start":{"line":179,"column":0},"end":{"line":179,"column":65}},"179":{"start":{"line":180,"column":0},"end":{"line":180,"column":19}},"180":{"start":{"line":181,"column":0},"end":{"line":181,"column":14}},"181":{"start":{"line":182,"column":0},"end":{"line":182,"column":41}},"182":{"start":{"line":183,"column":0},"end":{"line":183,"column":23}},"183":{"start":{"line":184,"column":0},"end":{"line":184,"column":6}},"184":{"start":{"line":185,"column":0},"end":{"line":185,"column":38}},"185":{"start":{"line":186,"column":0},"end":{"line":186,"column":5}},"186":{"start":{"line":187,"column":0},"end":{"line":187,"column":0}},"187":{"start":{"line":188,"column":0},"end":{"line":188,"column":16}},"188":{"start":{"line":189,"column":0},"end":{"line":189,"column":51}},"189":{"start":{"line":190,"column":0},"end":{"line":190,"column":62}},"190":{"start":{"line":191,"column":0},"end":{"line":191,"column":3}},"191":{"start":{"line":192,"column":0},"end":{"line":192,"column":0}},"192":{"start":{"line":193,"column":0},"end":{"line":193,"column":85}},"193":{"start":{"line":194,"column":0},"end":{"line":194,"column":79}},"194":{"start":{"line":195,"column":0},"end":{"line":195,"column":42}},"195":{"start":{"line":196,"column":0},"end":{"line":196,"column":1}},"196":{"start":{"line":197,"column":0},"end":{"line":197,"column":0}},"197":{"start":{"line":198,"column":0},"end":{"line":198,"column":40}},"198":{"start":{"line":199,"column":0},"end":{"line":199,"column":55}},"199":{"start":{"line":200,"column":0},"end":{"line":200,"column":34}},"200":{"start":{"line":201,"column":0},"end":{"line":201,"column":5}},"201":{"start":{"line":202,"column":0},"end":{"line":202,"column":16}},"202":{"start":{"line":203,"column":0},"end":{"line":203,"column":51}},"203":{"start":{"line":204,"column":0},"end":{"line":204,"column":61}},"204":{"start":{"line":205,"column":0},"end":{"line":205,"column":3}},"205":{"start":{"line":206,"column":0},"end":{"line":206,"column":20}},"206":{"start":{"line":207,"column":0},"end":{"line":207,"column":1}},"207":{"start":{"line":208,"column":0},"end":{"line":208,"column":0}},"208":{"start":{"line":209,"column":0},"end":{"line":209,"column":45}},"209":{"start":{"line":210,"column":0},"end":{"line":210,"column":61}},"210":{"start":{"line":211,"column":0},"end":{"line":211,"column":20}},"211":{"start":{"line":212,"column":0},"end":{"line":212,"column":34}},"212":{"start":{"line":213,"column":0},"end":{"line":213,"column":5}},"213":{"start":{"line":214,"column":0},"end":{"line":214,"column":16}},"214":{"start":{"line":215,"column":0},"end":{"line":215,"column":51}},"215":{"start":{"line":216,"column":0},"end":{"line":216,"column":63}},"216":{"start":{"line":217,"column":0},"end":{"line":217,"column":3}},"217":{"start":{"line":218,"column":0},"end":{"line":218,"column":42}},"218":{"start":{"line":219,"column":0},"end":{"line":219,"column":1}},"219":{"start":{"line":220,"column":0},"end":{"line":220,"column":0}},"220":{"start":{"line":221,"column":0},"end":{"line":221,"column":38}},"221":{"start":{"line":222,"column":0},"end":{"line":222,"column":53}},"222":{"start":{"line":223,"column":0},"end":{"line":223,"column":21}},"223":{"start":{"line":224,"column":0},"end":{"line":224,"column":34}},"224":{"start":{"line":225,"column":0},"end":{"line":225,"column":5}},"225":{"start":{"line":226,"column":0},"end":{"line":226,"column":16}},"226":{"start":{"line":227,"column":0},"end":{"line":227,"column":51}},"227":{"start":{"line":228,"column":0},"end":{"line":228,"column":60}},"228":{"start":{"line":229,"column":0},"end":{"line":229,"column":3}},"229":{"start":{"line":230,"column":0},"end":{"line":230,"column":42}},"230":{"start":{"line":231,"column":0},"end":{"line":231,"column":1}}},"s":{"0":1,"1":1,"2":1,"3":1,"4":2,"5":2,"6":2,"7":2,"8":2,"9":2,"10":1,"11":1,"12":1,"13":1,"14":2,"15":2,"16":2,"17":2,"18":2,"19":2,"20":1,"21":1,"22":1,"23":1,"24":3,"25":3,"26":2,"27":2,"28":2,"29":3,"30":1,"31":1,"32":1,"33":1,"34":2,"35":2,"36":1,"37":1,"38":1,"39":1,"40":2,"41":2,"42":1,"43":1,"44":1,"45":1,"46":4,"47":4,"48":4,"49":4,"50":4,"51":4,"52":4,"53":4,"54":1,"55":1,"56":1,"57":1,"58":1,"59":1,"60":1,"61":1,"62":1,"63":1,"64":1,"65":1,"66":1,"67":1,"68":1,"69":1,"70":1,"71":1,"72":0,"73":0,"74":0,"75":1,"76":1,"77":1,"78":1,"79":1,"80":1,"81":15,"82":15,"83":15,"84":1,"85":1,"86":1,"87":1,"88":0,"89":0,"90":1,"91":1,"92":1,"93":1,"94":1,"95":1,"96":1,"97":1,"98":1,"99":1,"100":1,"101":1,"102":1,"103":1,"104":1,"105":1,"106":1,"107":0,"108":0,"109":0,"110":1,"111":1,"112":1,"113":1,"114":1,"115":1,"116":1,"117":1,"118":1,"119":1,"120":1,"121":1,"122":1,"123":1,"124":1,"125":1,"126":1,"127":1,"128":1,"129":1,"130":1,"131":1,"132":1,"133":1,"134":1,"135":1,"136":1,"137":1,"138":1,"139":1,"140":1,"141":1,"142":1,"143":1,"144":1,"145":1,"146":1,"147":1,"148":1,"149":1,"150":1,"151":1,"152":1,"153":1,"154":1,"155":1,"156":1,"157":1,"158":1,"159":1,"160":1,"161":1,"162":1,"163":1,"164":1,"165":1,"166":1,"167":1,"168":1,"169":1,"170":1,"171":1,"172":1,"173":1,"174":1,"175":1,"176":1,"177":1,"178":1,"179":1,"180":1,"181":1,"182":1,"183":1,"184":1,"185":1,"186":1,"187":1,"188":0,"189":0,"190":0,"191":1,"192":1,"193":1,"194":1,"195":1,"196":1,"197":1,"198":1,"199":1,"200":1,"201":1,"202":0,"203":0,"204":0,"205":1,"206":1,"207":1,"208":1,"209":1,"210":1,"211":1,"212":1,"213":1,"214":0,"215":0,"216":0,"217":1,"218":1,"219":1,"220":1,"221":1,"222":1,"223":1,"224":1,"225":1,"226":0,"227":0,"228":0,"229":1,"230":1},"branchMap":{"0":{"type":"branch","line":4,"loc":{"start":{"line":4,"column":28},"end":{"line":12,"column":2}},"locations":[{"start":{"line":4,"column":28},"end":{"line":12,"column":2}}]},"1":{"type":"branch","line":10,"loc":{"start":{"line":10,"column":15},"end":{"line":12,"column":2}},"locations":[{"start":{"line":10,"column":15},"end":{"line":12,"column":2}}]},"2":{"type":"branch","line":10,"loc":{"start":{"line":10,"column":58},"end":{"line":10,"column":82}},"locations":[{"start":{"line":10,"column":58},"end":{"line":10,"column":82}}]},"3":{"type":"branch","line":14,"loc":{"start":{"line":14,"column":25},"end":{"line":22,"column":2}},"locations":[{"start":{"line":14,"column":25},"end":{"line":22,"column":2}}]},"4":{"type":"branch","line":20,"loc":{"start":{"line":20,"column":15},"end":{"line":22,"column":2}},"locations":[{"start":{"line":20,"column":15},"end":{"line":22,"column":2}}]},"5":{"type":"branch","line":20,"loc":{"start":{"line":20,"column":58},"end":{"line":20,"column":75}},"locations":[{"start":{"line":20,"column":58},"end":{"line":20,"column":75}}]},"6":{"type":"branch","line":24,"loc":{"start":{"line":24,"column":32},"end":{"line":32,"column":2}},"locations":[{"start":{"line":24,"column":32},"end":{"line":32,"column":2}}]},"7":{"type":"branch","line":26,"loc":{"start":{"line":26,"column":14},"end":{"line":26,"column":51}},"locations":[{"start":{"line":26,"column":14},"end":{"line":26,"column":51}}]},"8":{"type":"branch","line":27,"loc":{"start":{"line":27,"column":-2},"end":{"line":30,"column":15}},"locations":[{"start":{"line":27,"column":-2},"end":{"line":30,"column":15}}]},"9":{"type":"branch","line":30,"loc":{"start":{"line":30,"column":15},"end":{"line":32,"column":2}},"locations":[{"start":{"line":30,"column":15},"end":{"line":32,"column":2}}]},"10":{"type":"branch","line":30,"loc":{"start":{"line":30,"column":58},"end":{"line":30,"column":85}},"locations":[{"start":{"line":30,"column":58},"end":{"line":30,"column":85}}]},"11":{"type":"branch","line":34,"loc":{"start":{"line":34,"column":30},"end":{"line":38,"column":2}},"locations":[{"start":{"line":34,"column":30},"end":{"line":38,"column":2}}]},"12":{"type":"branch","line":36,"loc":{"start":{"line":36,"column":15},"end":{"line":38,"column":2}},"locations":[{"start":{"line":36,"column":15},"end":{"line":38,"column":2}}]},"13":{"type":"branch","line":40,"loc":{"start":{"line":40,"column":26},"end":{"line":44,"column":2}},"locations":[{"start":{"line":40,"column":26},"end":{"line":44,"column":2}}]},"14":{"type":"branch","line":42,"loc":{"start":{"line":42,"column":15},"end":{"line":44,"column":2}},"locations":[{"start":{"line":42,"column":15},"end":{"line":44,"column":2}}]},"15":{"type":"branch","line":46,"loc":{"start":{"line":46,"column":27},"end":{"line":54,"column":2}},"locations":[{"start":{"line":46,"column":27},"end":{"line":54,"column":2}}]},"16":{"type":"branch","line":48,"loc":{"start":{"line":48,"column":8},"end":{"line":48,"column":19}},"locations":[{"start":{"line":48,"column":8},"end":{"line":48,"column":19}}]},"17":{"type":"branch","line":48,"loc":{"start":{"line":48,"column":21},"end":{"line":48,"column":47}},"locations":[{"start":{"line":48,"column":21},"end":{"line":48,"column":47}}]},"18":{"type":"branch","line":49,"loc":{"start":{"line":49,"column":46},"end":{"line":49,"column":81}},"locations":[{"start":{"line":49,"column":46},"end":{"line":49,"column":81}}]},"19":{"type":"branch","line":50,"loc":{"start":{"line":50,"column":58},"end":{"line":50,"column":83}},"locations":[{"start":{"line":50,"column":58},"end":{"line":50,"column":83}}]},"20":{"type":"branch","line":50,"loc":{"start":{"line":50,"column":84},"end":{"line":50,"column":88}},"locations":[{"start":{"line":50,"column":84},"end":{"line":50,"column":88}}]},"21":{"type":"branch","line":52,"loc":{"start":{"line":52,"column":15},"end":{"line":52,"column":57}},"locations":[{"start":{"line":52,"column":15},"end":{"line":52,"column":57}}]},"22":{"type":"branch","line":56,"loc":{"start":{"line":56,"column":7},"end":{"line":60,"column":1}},"locations":[{"start":{"line":56,"column":7},"end":{"line":60,"column":1}}]},"23":{"type":"branch","line":58,"loc":{"start":{"line":58,"column":17},"end":{"line":58,"column":96}},"locations":[{"start":{"line":58,"column":17},"end":{"line":58,"column":96}}]},"24":{"type":"branch","line":62,"loc":{"start":{"line":62,"column":7},"end":{"line":78,"column":1}},"locations":[{"start":{"line":62,"column":7},"end":{"line":78,"column":1}}]},"25":{"type":"branch","line":72,"loc":{"start":{"line":72,"column":15},"end":{"line":75,"column":3}},"locations":[{"start":{"line":72,"column":15},"end":{"line":75,"column":3}}]},"26":{"type":"branch","line":81,"loc":{"start":{"line":81,"column":7},"end":{"line":84,"column":1}},"locations":[{"start":{"line":81,"column":7},"end":{"line":84,"column":1}}]},"27":{"type":"branch","line":83,"loc":{"start":{"line":83,"column":15},"end":{"line":83,"column":53}},"locations":[{"start":{"line":83,"column":15},"end":{"line":83,"column":53}}]},"28":{"type":"branch","line":83,"loc":{"start":{"line":83,"column":54},"end":{"line":83,"column":58}},"locations":[{"start":{"line":83,"column":54},"end":{"line":83,"column":58}}]},"29":{"type":"branch","line":86,"loc":{"start":{"line":86,"column":7},"end":{"line":92,"column":1}},"locations":[{"start":{"line":86,"column":7},"end":{"line":92,"column":1}}]},"30":{"type":"branch","line":88,"loc":{"start":{"line":88,"column":15},"end":{"line":90,"column":3}},"locations":[{"start":{"line":88,"column":15},"end":{"line":90,"column":3}}]},"31":{"type":"branch","line":95,"loc":{"start":{"line":95,"column":7},"end":{"line":99,"column":1}},"locations":[{"start":{"line":95,"column":7},"end":{"line":99,"column":1}}]},"32":{"type":"branch","line":97,"loc":{"start":{"line":97,"column":17},"end":{"line":97,"column":91}},"locations":[{"start":{"line":97,"column":17},"end":{"line":97,"column":91}}]},"33":{"type":"branch","line":101,"loc":{"start":{"line":101,"column":7},"end":{"line":112,"column":1}},"locations":[{"start":{"line":101,"column":7},"end":{"line":112,"column":1}}]},"34":{"type":"branch","line":107,"loc":{"start":{"line":107,"column":15},"end":{"line":110,"column":3}},"locations":[{"start":{"line":107,"column":15},"end":{"line":110,"column":3}}]},"35":{"type":"branch","line":114,"loc":{"start":{"line":114,"column":7},"end":{"line":120,"column":1}},"locations":[{"start":{"line":114,"column":7},"end":{"line":120,"column":1}}]},"36":{"type":"branch","line":118,"loc":{"start":{"line":118,"column":15},"end":{"line":118,"column":105}},"locations":[{"start":{"line":118,"column":15},"end":{"line":118,"column":105}}]},"37":{"type":"branch","line":122,"loc":{"start":{"line":122,"column":7},"end":{"line":130,"column":1}},"locations":[{"start":{"line":122,"column":7},"end":{"line":130,"column":1}}]},"38":{"type":"branch","line":128,"loc":{"start":{"line":128,"column":15},"end":{"line":128,"column":107}},"locations":[{"start":{"line":128,"column":15},"end":{"line":128,"column":107}}]},"39":{"type":"branch","line":132,"loc":{"start":{"line":132,"column":7},"end":{"line":139,"column":1}},"locations":[{"start":{"line":132,"column":7},"end":{"line":139,"column":1}}]},"40":{"type":"branch","line":137,"loc":{"start":{"line":137,"column":15},"end":{"line":137,"column":81}},"locations":[{"start":{"line":137,"column":15},"end":{"line":137,"column":81}}]},"41":{"type":"branch","line":141,"loc":{"start":{"line":141,"column":7},"end":{"line":148,"column":1}},"locations":[{"start":{"line":141,"column":7},"end":{"line":148,"column":1}}]},"42":{"type":"branch","line":146,"loc":{"start":{"line":146,"column":15},"end":{"line":146,"column":83}},"locations":[{"start":{"line":146,"column":15},"end":{"line":146,"column":83}}]},"43":{"type":"branch","line":150,"loc":{"start":{"line":150,"column":7},"end":{"line":156,"column":1}},"locations":[{"start":{"line":150,"column":7},"end":{"line":156,"column":1}}]},"44":{"type":"branch","line":154,"loc":{"start":{"line":154,"column":15},"end":{"line":154,"column":94}},"locations":[{"start":{"line":154,"column":15},"end":{"line":154,"column":94}}]},"45":{"type":"branch","line":158,"loc":{"start":{"line":158,"column":7},"end":{"line":166,"column":1}},"locations":[{"start":{"line":158,"column":7},"end":{"line":166,"column":1}}]},"46":{"type":"branch","line":164,"loc":{"start":{"line":164,"column":15},"end":{"line":164,"column":87}},"locations":[{"start":{"line":164,"column":15},"end":{"line":164,"column":87}}]},"47":{"type":"branch","line":168,"loc":{"start":{"line":168,"column":7},"end":{"line":176,"column":1}},"locations":[{"start":{"line":168,"column":7},"end":{"line":176,"column":1}}]},"48":{"type":"branch","line":174,"loc":{"start":{"line":174,"column":15},"end":{"line":174,"column":88}},"locations":[{"start":{"line":174,"column":15},"end":{"line":174,"column":88}}]},"49":{"type":"branch","line":178,"loc":{"start":{"line":178,"column":7},"end":{"line":196,"column":1}},"locations":[{"start":{"line":178,"column":7},"end":{"line":196,"column":1}}]},"50":{"type":"branch","line":188,"loc":{"start":{"line":188,"column":15},"end":{"line":191,"column":3}},"locations":[{"start":{"line":188,"column":15},"end":{"line":191,"column":3}}]},"51":{"type":"branch","line":198,"loc":{"start":{"line":198,"column":7},"end":{"line":207,"column":1}},"locations":[{"start":{"line":198,"column":7},"end":{"line":207,"column":1}}]},"52":{"type":"branch","line":202,"loc":{"start":{"line":202,"column":15},"end":{"line":205,"column":3}},"locations":[{"start":{"line":202,"column":15},"end":{"line":205,"column":3}}]},"53":{"type":"branch","line":209,"loc":{"start":{"line":209,"column":7},"end":{"line":219,"column":1}},"locations":[{"start":{"line":209,"column":7},"end":{"line":219,"column":1}}]},"54":{"type":"branch","line":214,"loc":{"start":{"line":214,"column":15},"end":{"line":217,"column":3}},"locations":[{"start":{"line":214,"column":15},"end":{"line":217,"column":3}}]},"55":{"type":"branch","line":221,"loc":{"start":{"line":221,"column":7},"end":{"line":231,"column":1}},"locations":[{"start":{"line":221,"column":7},"end":{"line":231,"column":1}}]},"56":{"type":"branch","line":226,"loc":{"start":{"line":226,"column":15},"end":{"line":229,"column":3}},"locations":[{"start":{"line":226,"column":15},"end":{"line":229,"column":3}}]}},"b":{"0":[2],"1":[1],"2":[0],"3":[2],"4":[1],"5":[0],"6":[3],"7":[1],"8":[2],"9":[1],"10":[0],"11":[2],"12":[1],"13":[2],"14":[1],"15":[4],"16":[2],"17":[2],"18":[2],"19":[3],"20":[1],"21":[0],"22":[1],"23":[0],"24":[1],"25":[0],"26":[15],"27":[14],"28":[1],"29":[1],"30":[0],"31":[1],"32":[0],"33":[1],"34":[0],"35":[1],"36":[0],"37":[1],"38":[0],"39":[1],"40":[0],"41":[1],"42":[0],"43":[1],"44":[0],"45":[1],"46":[0],"47":[1],"48":[0],"49":[1],"50":[0],"51":[1],"52":[0],"53":[1],"54":[0],"55":[1],"56":[0]},"fnMap":{"0":{"name":"registerUser","decl":{"start":{"line":4,"column":28},"end":{"line":12,"column":2}},"loc":{"start":{"line":4,"column":28},"end":{"line":12,"column":2}},"line":4},"1":{"name":"loginUser","decl":{"start":{"line":14,"column":25},"end":{"line":22,"column":2}},"loc":{"start":{"line":14,"column":25},"end":{"line":22,"column":2}},"line":14},"2":{"name":"fetchCurrentUser","decl":{"start":{"line":24,"column":32},"end":{"line":32,"column":2}},"loc":{"start":{"line":24,"column":32},"end":{"line":32,"column":2}},"line":24},"3":{"name":"fetchTagGroups","decl":{"start":{"line":34,"column":30},"end":{"line":38,"column":2}},"loc":{"start":{"line":34,"column":30},"end":{"line":38,"column":2}},"line":34},"4":{"name":"fetchGames","decl":{"start":{"line":40,"column":26},"end":{"line":44,"column":2}},"loc":{"start":{"line":40,"column":26},"end":{"line":44,"column":2}},"line":40},"5":{"name":"searchGames","decl":{"start":{"line":46,"column":27},"end":{"line":54,"column":2}},"loc":{"start":{"line":46,"column":27},"end":{"line":54,"column":2}},"line":46},"6":{"name":"getGame","decl":{"start":{"line":56,"column":7},"end":{"line":60,"column":1}},"loc":{"start":{"line":56,"column":7},"end":{"line":60,"column":1}},"line":56},"7":{"name":"createReviewForGame","decl":{"start":{"line":62,"column":7},"end":{"line":78,"column":1}},"loc":{"start":{"line":62,"column":7},"end":{"line":78,"column":1}},"line":62},"8":{"name":"authHeaders","decl":{"start":{"line":81,"column":7},"end":{"line":84,"column":1}},"loc":{"start":{"line":81,"column":7},"end":{"line":84,"column":1}},"line":81},"9":{"name":"getReviewsForGame","decl":{"start":{"line":86,"column":7},"end":{"line":92,"column":1}},"loc":{"start":{"line":86,"column":7},"end":{"line":92,"column":1}},"line":86},"10":{"name":"getGames","decl":{"start":{"line":95,"column":7},"end":{"line":99,"column":1}},"loc":{"start":{"line":95,"column":7},"end":{"line":99,"column":1}},"line":95},"11":{"name":"fetchUserReviews","decl":{"start":{"line":101,"column":7},"end":{"line":112,"column":1}},"loc":{"start":{"line":101,"column":7},"end":{"line":112,"column":1}},"line":101},"12":{"name":"getAccessibilityPreferences","decl":{"start":{"line":114,"column":7},"end":{"line":120,"column":1}},"loc":{"start":{"line":114,"column":7},"end":{"line":120,"column":1}},"line":114},"13":{"name":"updateAccessibilityPreferences","decl":{"start":{"line":122,"column":7},"end":{"line":130,"column":1}},"loc":{"start":{"line":122,"column":7},"end":{"line":130,"column":1}},"line":122},"14":{"name":"followGame","decl":{"start":{"line":132,"column":7},"end":{"line":139,"column":1}},"loc":{"start":{"line":132,"column":7},"end":{"line":139,"column":1}},"line":132},"15":{"name":"unfollowGame","decl":{"start":{"line":141,"column":7},"end":{"line":148,"column":1}},"loc":{"start":{"line":141,"column":7},"end":{"line":148,"column":1}},"line":141},"16":{"name":"getFollowedGames","decl":{"start":{"line":150,"column":7},"end":{"line":156,"column":1}},"loc":{"start":{"line":150,"column":7},"end":{"line":156,"column":1}},"line":150},"17":{"name":"updateUserProfile","decl":{"start":{"line":158,"column":7},"end":{"line":166,"column":1}},"loc":{"start":{"line":158,"column":7},"end":{"line":166,"column":1}},"line":158},"18":{"name":"changeUserPassword","decl":{"start":{"line":168,"column":7},"end":{"line":176,"column":1}},"loc":{"start":{"line":168,"column":7},"end":{"line":176,"column":1}},"line":168},"19":{"name":"reportGame","decl":{"start":{"line":178,"column":7},"end":{"line":196,"column":1}},"loc":{"start":{"line":178,"column":7},"end":{"line":196,"column":1}},"line":178},"20":{"name":"getGameReports","decl":{"start":{"line":198,"column":7},"end":{"line":207,"column":1}},"loc":{"start":{"line":198,"column":7},"end":{"line":207,"column":1}},"line":198},"21":{"name":"resolveGameReport","decl":{"start":{"line":209,"column":7},"end":{"line":219,"column":1}},"loc":{"start":{"line":209,"column":7},"end":{"line":219,"column":1}},"line":209},"22":{"name":"deleteGame","decl":{"start":{"line":221,"column":7},"end":{"line":231,"column":1}},"loc":{"start":{"line":221,"column":7},"end":{"line":231,"column":1}},"line":221}},"f":{"0":2,"1":2,"2":3,"3":2,"4":2,"5":4,"6":1,"7":1,"8":15,"9":1,"10":1,"11":1,"12":1,"13":1,"14":1,"15":1,"16":1,"17":1,"18":1,"19":1,"20":1,"21":1,"22":1}}
,"C:\\Users\\c23055508\\Documents\\Frameworks assignment\\Working\\team-13-group-project\\frontend\\src\\main.jsx": {"path":"C:\\Users\\c23055508\\Documents\\Frameworks assignment\\Working\\team-13-group-project\\frontend\\src\\main.jsx","all":true,"statementMap":{"0":{"start":{"line":1,"column":0},"end":{"line":1,"column":34}},"1":{"start":{"line":2,"column":0},"end":{"line":2,"column":45}},"2":{"start":{"line":3,"column":0},"end":{"line":3,"column":20}},"3":{"start":{"line":4,"column":0},"end":{"line":4,"column":27}},"4":{"start":{"line":5,"column":0},"end":{"line":5,"column":0}},"5":{"start":{"line":6,"column":0},"end":{"line":6,"column":51}},"6":{"start":{"line":7,"column":0},"end":{"line":7,"column":14}},"7":{"start":{"line":8,"column":0},"end":{"line":8,"column":11}},"8":{"start":{"line":9,"column":0},"end":{"line":9,"column":15}},"9":{"start":{"line":10,"column":0},"end":{"line":10,"column":1}}},"s":{"0":0,"1":0,"2":0,"3":0,"4":0,"5":0,"6":0,"7":0,"8":0,"9":0},"branchMap":{"0":{"type":"branch","line":1,"loc":{"start":{"line":1,"column":0},"end":{"line":10,"column":1}},"locations":[{"start":{"line":1,"column":0},"end":{"line":10,"column":1}}]}},"b":{"0":[0]},"fnMap":{"0":{"name":"(empty-report)","decl":{"start":{"line":1,"column":0},"end":{"line":10,"column":1}},"loc":{"start":{"line":1,"column":0},"end":{"line":10,"column":1}},"line":1}},"f":{"0":0}}
,"C:\\Users\\c23055508\\Documents\\Frameworks assignment\\Working\\team-13-group-project\\frontend\\src\\settings.js": {"path":"C:\\Users\\c23055508\\Documents\\Frameworks assignment\\Working\\team-13-group-project\\frontend\\src\\settings.js","all":false,"statementMap":{"0":{"start":{"line":1,"column":0},"end":{"line":1,"column":35}},"1":{"start":{"line":2,"column":0},"end":{"line":2,"column":0}},"2":{"start":{"line":3,"column":0},"end":{"line":3,"column":25}},"3":{"start":{"line":4,"column":0},"end":{"line":4,"column":21}},"4":{"start":{"line":5,"column":0},"end":{"line":5,"column":26}},"5":{"start":{"line":6,"column":0},"end":{"line":6,"column":23}},"6":{"start":{"line":7,"column":0},"end":{"line":7,"column":21}},"7":{"start":{"line":8,"column":0},"end":{"line":8,"column":20}},"8":{"start":{"line":9,"column":0},"end":{"line":9,"column":23}},"9":{"start":{"line":10,"column":0},"end":{"line":10,"column":22}},"10":{"start":{"line":11,"column":0},"end":{"line":11,"column":19}},"11":{"start":{"line":12,"column":0},"end":{"line":12,"column":24}},"12":{"start":{"line":13,"column":0},"end":{"line":13,"column":24}},"13":{"start":{"line":14,"column":0},"end":{"line":14,"column":20}},"14":{"start":{"line":15,"column":0},"end":{"line":15,"column":17}},"15":{"start":{"line":16,"column":0},"end":{"line":16,"column":26}},"16":{"start":{"line":17,"column":0},"end":{"line":17,"column":21}},"17":{"start":{"line":18,"column":0},"end":{"line":18,"column":2}},"18":{"start":{"line":19,"column":0},"end":{"line":19,"column":0}},"19":{"start":{"line":20,"column":0},"end":{"line":20,"column":32}},"20":{"start":{"line":21,"column":0},"end":{"line":21,"column":67}},"21":{"start":{"line":22,"column":0},"end":{"line":22,"column":7}},"22":{"start":{"line":23,"column":0},"end":{"line":23,"column":51}},"23":{"start":{"line":24,"column":0},"end":{"line":24,"column":44}},"24":{"start":{"line":25,"column":0},"end":{"line":25,"column":35}},"25":{"start":{"line":26,"column":0},"end":{"line":26,"column":53}},"26":{"start":{"line":27,"column":0},"end":{"line":27,"column":15}},"27":{"start":{"line":28,"column":0},"end":{"line":28,"column":66}},"28":{"start":{"line":29,"column":0},"end":{"line":29,"column":34}},"29":{"start":{"line":30,"column":0},"end":{"line":30,"column":3}},"30":{"start":{"line":31,"column":0},"end":{"line":31,"column":1}},"31":{"start":{"line":32,"column":0},"end":{"line":32,"column":0}},"32":{"start":{"line":33,"column":0},"end":{"line":33,"column":41}},"33":{"start":{"line":34,"column":0},"end":{"line":34,"column":44}},"34":{"start":{"line":35,"column":0},"end":{"line":35,"column":7}},"35":{"start":{"line":36,"column":0},"end":{"line":36,"column":50}},"36":{"start":{"line":37,"column":0},"end":{"line":37,"column":63}},"37":{"start":{"line":38,"column":0},"end":{"line":38,"column":9}},"38":{"start":{"line":39,"column":0},"end":{"line":39,"column":84}},"39":{"start":{"line":40,"column":0},"end":{"line":40,"column":14}},"40":{"start":{"line":41,"column":0},"end":{"line":41,"column":18}},"41":{"start":{"line":42,"column":0},"end":{"line":42,"column":15}},"42":{"start":{"line":43,"column":0},"end":{"line":43,"column":49}},"43":{"start":{"line":44,"column":0},"end":{"line":44,"column":3}},"44":{"start":{"line":45,"column":0},"end":{"line":45,"column":1}},"45":{"start":{"line":46,"column":0},"end":{"line":46,"column":0}}},"s":{"0":1,"1":1,"2":1,"3":1,"4":1,"5":1,"6":1,"7":1,"8":1,"9":1,"10":1,"11":1,"12":1,"13":1,"14":1,"15":1,"16":1,"17":1,"18":1,"19":1,"20":9,"21":9,"22":9,"23":9,"24":1,"25":9,"26":9,"27":0,"28":0,"29":0,"30":9,"31":1,"32":1,"33":1,"34":1,"35":1,"36":1,"37":1,"38":1,"39":1,"40":1,"41":1,"42":0,"43":0,"44":1,"45":1},"branchMap":{"0":{"type":"branch","line":20,"loc":{"start":{"line":20,"column":7},"end":{"line":31,"column":1}},"locations":[{"start":{"line":20,"column":7},"end":{"line":31,"column":1}}]},"1":{"type":"branch","line":21,"loc":{"start":{"line":21,"column":37},"end":{"line":21,"column":67}},"locations":[{"start":{"line":21,"column":37},"end":{"line":21,"column":67}}]},"2":{"type":"branch","line":24,"loc":{"start":{"line":24,"column":14},"end":{"line":24,"column":44}},"locations":[{"start":{"line":24,"column":14},"end":{"line":24,"column":44}}]},"3":{"type":"branch","line":25,"loc":{"start":{"line":25,"column":-2},"end":{"line":26,"column":49}},"locations":[{"start":{"line":25,"column":-2},"end":{"line":26,"column":49}}]},"4":{"type":"branch","line":25,"loc":{"start":{"line":25,"column":-2},"end":{"line":26,"column":44}},"locations":[{"start":{"line":25,"column":-2},"end":{"line":26,"column":44}}]},"5":{"type":"branch","line":26,"loc":{"start":{"line":26,"column":44},"end":{"line":26,"column":49}},"locations":[{"start":{"line":26,"column":44},"end":{"line":26,"column":49}}]},"6":{"type":"branch","line":27,"loc":{"start":{"line":27,"column":4},"end":{"line":30,"column":3}},"locations":[{"start":{"line":27,"column":4},"end":{"line":30,"column":3}}]},"7":{"type":"branch","line":33,"loc":{"start":{"line":33,"column":7},"end":{"line":45,"column":1}},"locations":[{"start":{"line":33,"column":7},"end":{"line":45,"column":1}}]},"8":{"type":"branch","line":34,"loc":{"start":{"line":34,"column":37},"end":{"line":34,"column":44}},"locations":[{"start":{"line":34,"column":37},"end":{"line":34,"column":44}}]},"9":{"type":"branch","line":40,"loc":{"start":{"line":40,"column":6},"end":{"line":40,"column":14}},"locations":[{"start":{"line":40,"column":6},"end":{"line":40,"column":14}}]},"10":{"type":"branch","line":42,"loc":{"start":{"line":42,"column":4},"end":{"line":44,"column":3}},"locations":[{"start":{"line":42,"column":4},"end":{"line":44,"column":3}}]}},"b":{"0":[9],"1":[0],"2":[8],"3":[3],"4":[1],"5":[0],"6":[0],"7":[1],"8":[0],"9":[0],"10":[0]},"fnMap":{"0":{"name":"loadSettings","decl":{"start":{"line":20,"column":7},"end":{"line":31,"column":1}},"loc":{"start":{"line":20,"column":7},"end":{"line":31,"column":1}},"line":20},"1":{"name":"saveSettings","decl":{"start":{"line":33,"column":7},"end":{"line":45,"column":1}},"loc":{"start":{"line":33,"column":7},"end":{"line":45,"column":1}},"line":33}},"f":{"0":9,"1":1}}
,"C:\\Users\\c23055508\\Documents\\Frameworks assignment\\Working\\team-13-group-project\\frontend\\src\\components\\Navbar.jsx": {"path":"C:\\Users\\c23055508\\Documents\\Frameworks assignment\\Working\\team-13-group-project\\frontend\\src\\components\\Navbar.jsx","all":false,"statementMap":{"0":{"start":{"line":1,"column":0},"end":{"line":1,"column":120}},"6":{"start":{"line":7,"column":0},"end":{"line":7,"column":20}},"7":{"start":{"line":8,"column":0},"end":{"line":8,"column":45}},"8":{"start":{"line":9,"column":0},"end":{"line":9,"column":54}},"9":{"start":{"line":10,"column":0},"end":{"line":10,"column":58}},"10":{"start":{"line":11,"column":0},"end":{"line":11,"column":58}},"11":{"start":{"line":12,"column":0},"end":{"line":12,"column":1}},"13":{"start":{"line":14,"column":0},"end":{"line":14,"column":33}},"14":{"start":{"line":15,"column":0},"end":{"line":15,"column":42}},"15":{"start":{"line":16,"column":0},"end":{"line":16,"column":1}},"17":{"start":{"line":18,"column":0},"end":{"line":18,"column":34}},"19":{"start":{"line":20,"column":0},"end":{"line":20,"column":90}},"20":{"start":{"line":21,"column":0},"end":{"line":21,"column":33}},"21":{"start":{"line":22,"column":0},"end":{"line":22,"column":33}},"24":{"start":{"line":25,"column":0},"end":{"line":25,"column":41}},"25":{"start":{"line":26,"column":0},"end":{"line":26,"column":45}},"26":{"start":{"line":27,"column":0},"end":{"line":27,"column":42}},"27":{"start":{"line":28,"column":0},"end":{"line":28,"column":32}},"28":{"start":{"line":29,"column":0},"end":{"line":29,"column":36}},"30":{"start":{"line":31,"column":0},"end":{"line":31,"column":19}},"31":{"start":{"line":32,"column":0},"end":{"line":32,"column":80}},"32":{"start":{"line":33,"column":0},"end":{"line":33,"column":84}},"33":{"start":{"line":34,"column":0},"end":{"line":34,"column":50}},"34":{"start":{"line":35,"column":0},"end":{"line":35,"column":59}},"35":{"start":{"line":36,"column":0},"end":{"line":36,"column":18}},"36":{"start":{"line":37,"column":0},"end":{"line":37,"column":55}},"37":{"start":{"line":38,"column":0},"end":{"line":38,"column":64}},"38":{"start":{"line":39,"column":0},"end":{"line":39,"column":6}},"39":{"start":{"line":40,"column":0},"end":{"line":40,"column":9}},"41":{"start":{"line":42,"column":0},"end":{"line":42,"column":31}},"42":{"start":{"line":43,"column":0},"end":{"line":43,"column":37}},"43":{"start":{"line":44,"column":0},"end":{"line":44,"column":30}},"44":{"start":{"line":45,"column":0},"end":{"line":45,"column":52}},"45":{"start":{"line":46,"column":0},"end":{"line":46,"column":31}},"46":{"start":{"line":47,"column":0},"end":{"line":47,"column":4}},"49":{"start":{"line":50,"column":0},"end":{"line":50,"column":19}},"50":{"start":{"line":51,"column":0},"end":{"line":51,"column":27}},"51":{"start":{"line":52,"column":0},"end":{"line":52,"column":23}},"52":{"start":{"line":53,"column":0},"end":{"line":53,"column":21}},"53":{"start":{"line":54,"column":0},"end":{"line":54,"column":13}},"54":{"start":{"line":55,"column":0},"end":{"line":55,"column":5}},"56":{"start":{"line":57,"column":0},"end":{"line":57,"column":38}},"57":{"start":{"line":58,"column":0},"end":{"line":58,"column":11}},"58":{"start":{"line":59,"column":0},"end":{"line":59,"column":34}},"59":{"start":{"line":60,"column":0},"end":{"line":60,"column":49}},"60":{"start":{"line":61,"column":0},"end":{"line":61,"column":100}},"61":{"start":{"line":62,"column":0},"end":{"line":62,"column":45}},"62":{"start":{"line":63,"column":0},"end":{"line":63,"column":10}},"63":{"start":{"line":64,"column":0},"end":{"line":64,"column":54}},"64":{"start":{"line":65,"column":0},"end":{"line":65,"column":38}},"65":{"start":{"line":66,"column":0},"end":{"line":66,"column":25}},"66":{"start":{"line":67,"column":0},"end":{"line":67,"column":22}},"67":{"start":{"line":68,"column":0},"end":{"line":68,"column":19}},"68":{"start":{"line":69,"column":0},"end":{"line":69,"column":38}},"69":{"start":{"line":70,"column":0},"end":{"line":70,"column":25}},"70":{"start":{"line":71,"column":0},"end":{"line":71,"column":9}},"71":{"start":{"line":72,"column":0},"end":{"line":72,"column":7}},"72":{"start":{"line":73,"column":0},"end":{"line":73,"column":12}},"74":{"start":{"line":75,"column":0},"end":{"line":75,"column":33}},"75":{"start":{"line":76,"column":0},"end":{"line":76,"column":14}},"77":{"start":{"line":78,"column":0},"end":{"line":78,"column":19}},"78":{"start":{"line":79,"column":0},"end":{"line":79,"column":26}},"79":{"start":{"line":80,"column":0},"end":{"line":80,"column":40}},"80":{"start":{"line":81,"column":0},"end":{"line":81,"column":67}},"81":{"start":{"line":82,"column":0},"end":{"line":82,"column":6}},"82":{"start":{"line":83,"column":0},"end":{"line":83,"column":46}},"83":{"start":{"line":84,"column":0},"end":{"line":84,"column":62}},"84":{"start":{"line":85,"column":0},"end":{"line":85,"column":9}},"86":{"start":{"line":87,"column":0},"end":{"line":87,"column":37}},"87":{"start":{"line":88,"column":0},"end":{"line":88,"column":23}},"88":{"start":{"line":89,"column":0},"end":{"line":89,"column":27}},"89":{"start":{"line":90,"column":0},"end":{"line":90,"column":19}},"90":{"start":{"line":91,"column":0},"end":{"line":91,"column":19}},"91":{"start":{"line":92,"column":0},"end":{"line":92,"column":51}},"92":{"start":{"line":93,"column":0},"end":{"line":93,"column":4}},"94":{"start":{"line":95,"column":0},"end":{"line":95,"column":10}},"95":{"start":{"line":96,"column":0},"end":{"line":96,"column":82}},"96":{"start":{"line":97,"column":0},"end":{"line":97,"column":62}},"97":{"start":{"line":98,"column":0},"end":{"line":98,"column":73}},"99":{"start":{"line":100,"column":0},"end":{"line":100,"column":81}},"100":{"start":{"line":101,"column":0},"end":{"line":101,"column":141}},"101":{"start":{"line":102,"column":0},"end":{"line":102,"column":95}},"102":{"start":{"line":103,"column":0},"end":{"line":103,"column":95}},"103":{"start":{"line":104,"column":0},"end":{"line":104,"column":31}},"104":{"start":{"line":105,"column":0},"end":{"line":105,"column":16}},"107":{"start":{"line":108,"column":0},"end":{"line":108,"column":86}},"108":{"start":{"line":109,"column":0},"end":{"line":109,"column":56}},"109":{"start":{"line":110,"column":0},"end":{"line":110,"column":18}},"110":{"start":{"line":111,"column":0},"end":{"line":111,"column":43}},"111":{"start":{"line":112,"column":0},"end":{"line":112,"column":99}},"112":{"start":{"line":113,"column":0},"end":{"line":113,"column":38}},"113":{"start":{"line":114,"column":0},"end":{"line":114,"column":16}},"114":{"start":{"line":115,"column":0},"end":{"line":115,"column":18}},"115":{"start":{"line":116,"column":0},"end":{"line":116,"column":60}},"116":{"start":{"line":117,"column":0},"end":{"line":117,"column":80}},"117":{"start":{"line":118,"column":0},"end":{"line":118,"column":18}},"118":{"start":{"line":119,"column":0},"end":{"line":119,"column":33}},"119":{"start":{"line":120,"column":0},"end":{"line":120,"column":34}},"120":{"start":{"line":121,"column":0},"end":{"line":121,"column":40}},"121":{"start":{"line":122,"column":0},"end":{"line":122,"column":86}},"122":{"start":{"line":123,"column":0},"end":{"line":123,"column":62}},"123":{"start":{"line":124,"column":0},"end":{"line":124,"column":20}},"124":{"start":{"line":125,"column":0},"end":{"line":125,"column":66}},"126":{"start":{"line":127,"column":0},"end":{"line":127,"column":29}},"127":{"start":{"line":128,"column":0},"end":{"line":128,"column":20}},"128":{"start":{"line":129,"column":0},"end":{"line":129,"column":17}},"129":{"start":{"line":130,"column":0},"end":{"line":130,"column":18}},"132":{"start":{"line":133,"column":0},"end":{"line":133,"column":16}},"133":{"start":{"line":134,"column":0},"end":{"line":134,"column":32}},"134":{"start":{"line":135,"column":0},"end":{"line":135,"column":77}},"135":{"start":{"line":136,"column":0},"end":{"line":136,"column":87}},"137":{"start":{"line":138,"column":0},"end":{"line":138,"column":64}},"138":{"start":{"line":139,"column":0},"end":{"line":139,"column":22}},"139":{"start":{"line":140,"column":0},"end":{"line":140,"column":31}},"140":{"start":{"line":141,"column":0},"end":{"line":141,"column":60}},"141":{"start":{"line":142,"column":0},"end":{"line":142,"column":65}},"142":{"start":{"line":143,"column":0},"end":{"line":143,"column":47}},"143":{"start":{"line":144,"column":0},"end":{"line":144,"column":43}},"144":{"start":{"line":145,"column":0},"end":{"line":145,"column":132}},"145":{"start":{"line":146,"column":0},"end":{"line":146,"column":18}},"146":{"start":{"line":147,"column":0},"end":{"line":147,"column":21}},"147":{"start":{"line":148,"column":0},"end":{"line":148,"column":46}},"148":{"start":{"line":149,"column":0},"end":{"line":149,"column":150}},"149":{"start":{"line":150,"column":0},"end":{"line":150,"column":56}},"150":{"start":{"line":151,"column":0},"end":{"line":151,"column":39}},"151":{"start":{"line":152,"column":0},"end":{"line":152,"column":91}},"152":{"start":{"line":153,"column":0},"end":{"line":153,"column":116}},"153":{"start":{"line":154,"column":0},"end":{"line":154,"column":72}},"154":{"start":{"line":155,"column":0},"end":{"line":155,"column":48}},"155":{"start":{"line":156,"column":0},"end":{"line":156,"column":109}},"157":{"start":{"line":158,"column":0},"end":{"line":158,"column":28}},"158":{"start":{"line":159,"column":0},"end":{"line":159,"column":27}},"159":{"start":{"line":160,"column":0},"end":{"line":160,"column":23}},"160":{"start":{"line":161,"column":0},"end":{"line":161,"column":23}},"161":{"start":{"line":162,"column":0},"end":{"line":162,"column":22}},"163":{"start":{"line":164,"column":0},"end":{"line":164,"column":18}},"164":{"start":{"line":165,"column":0},"end":{"line":165,"column":16}},"167":{"start":{"line":168,"column":0},"end":{"line":168,"column":117}},"169":{"start":{"line":170,"column":0},"end":{"line":170,"column":72}},"170":{"start":{"line":171,"column":0},"end":{"line":171,"column":35}},"171":{"start":{"line":172,"column":0},"end":{"line":172,"column":18}},"172":{"start":{"line":173,"column":0},"end":{"line":173,"column":33}},"173":{"start":{"line":174,"column":0},"end":{"line":174,"column":40}},"174":{"start":{"line":175,"column":0},"end":{"line":175,"column":50}},"175":{"start":{"line":176,"column":0},"end":{"line":176,"column":62}},"176":{"start":{"line":177,"column":0},"end":{"line":177,"column":20}},"177":{"start":{"line":178,"column":0},"end":{"line":178,"column":17}},"179":{"start":{"line":180,"column":0},"end":{"line":180,"column":20}},"181":{"start":{"line":182,"column":0},"end":{"line":182,"column":80}},"182":{"start":{"line":183,"column":0},"end":{"line":183,"column":18}},"183":{"start":{"line":184,"column":0},"end":{"line":184,"column":33}},"184":{"start":{"line":185,"column":0},"end":{"line":185,"column":34}},"185":{"start":{"line":186,"column":0},"end":{"line":186,"column":40}},"186":{"start":{"line":187,"column":0},"end":{"line":187,"column":86}},"187":{"start":{"line":188,"column":0},"end":{"line":188,"column":62}},"188":{"start":{"line":189,"column":0},"end":{"line":189,"column":20}},"189":{"start":{"line":190,"column":0},"end":{"line":190,"column":66}},"191":{"start":{"line":192,"column":0},"end":{"line":192,"column":29}},"192":{"start":{"line":193,"column":0},"end":{"line":193,"column":20}},"193":{"start":{"line":194,"column":0},"end":{"line":194,"column":17}},"194":{"start":{"line":195,"column":0},"end":{"line":195,"column":18}},"196":{"start":{"line":197,"column":0},"end":{"line":197,"column":53}},"197":{"start":{"line":198,"column":0},"end":{"line":198,"column":25}},"198":{"start":{"line":199,"column":0},"end":{"line":199,"column":46}},"199":{"start":{"line":200,"column":0},"end":{"line":200,"column":103}},"201":{"start":{"line":202,"column":0},"end":{"line":202,"column":77}},"202":{"start":{"line":203,"column":0},"end":{"line":203,"column":27}},"203":{"start":{"line":204,"column":0},"end":{"line":204,"column":139}},"204":{"start":{"line":205,"column":0},"end":{"line":205,"column":36}},"205":{"start":{"line":206,"column":0},"end":{"line":206,"column":20}},"206":{"start":{"line":207,"column":0},"end":{"line":207,"column":30}},"207":{"start":{"line":208,"column":0},"end":{"line":208,"column":121}},"208":{"start":{"line":209,"column":0},"end":{"line":209,"column":31}},"209":{"start":{"line":210,"column":0},"end":{"line":210,"column":30}},"210":{"start":{"line":211,"column":0},"end":{"line":211,"column":152}},"211":{"start":{"line":212,"column":0},"end":{"line":212,"column":31}},"212":{"start":{"line":213,"column":0},"end":{"line":213,"column":21}},"214":{"start":{"line":215,"column":0},"end":{"line":215,"column":20}},"215":{"start":{"line":216,"column":0},"end":{"line":216,"column":30}},"216":{"start":{"line":217,"column":0},"end":{"line":217,"column":113}},"217":{"start":{"line":218,"column":0},"end":{"line":218,"column":31}},"218":{"start":{"line":219,"column":0},"end":{"line":219,"column":30}},"219":{"start":{"line":220,"column":0},"end":{"line":220,"column":115}},"220":{"start":{"line":221,"column":0},"end":{"line":221,"column":31}},"221":{"start":{"line":222,"column":0},"end":{"line":222,"column":21}},"223":{"start":{"line":224,"column":0},"end":{"line":224,"column":26}},"224":{"start":{"line":225,"column":0},"end":{"line":225,"column":19}},"225":{"start":{"line":226,"column":0},"end":{"line":226,"column":16}},"226":{"start":{"line":227,"column":0},"end":{"line":227,"column":14}},"227":{"start":{"line":228,"column":0},"end":{"line":228,"column":12}},"230":{"start":{"line":231,"column":0},"end":{"line":231,"column":45}},"231":{"start":{"line":232,"column":0},"end":{"line":232,"column":50}},"232":{"start":{"line":233,"column":0},"end":{"line":233,"column":37}},"233":{"start":{"line":234,"column":0},"end":{"line":234,"column":29}},"234":{"start":{"line":235,"column":0},"end":{"line":235,"column":29}},"235":{"start":{"line":236,"column":0},"end":{"line":236,"column":20}},"236":{"start":{"line":237,"column":0},"end":{"line":237,"column":30}},"237":{"start":{"line":238,"column":0},"end":{"line":238,"column":36}},"238":{"start":{"line":239,"column":0},"end":{"line":239,"column":82}},"239":{"start":{"line":240,"column":0},"end":{"line":240,"column":66}},"240":{"start":{"line":241,"column":0},"end":{"line":241,"column":16}},"242":{"start":{"line":243,"column":0},"end":{"line":243,"column":25}},"243":{"start":{"line":244,"column":0},"end":{"line":244,"column":31}},"244":{"start":{"line":245,"column":0},"end":{"line":245,"column":13}},"245":{"start":{"line":246,"column":0},"end":{"line":246,"column":14}},"246":{"start":{"line":247,"column":0},"end":{"line":247,"column":24}},"247":{"start":{"line":248,"column":0},"end":{"line":248,"column":17}},"249":{"start":{"line":250,"column":0},"end":{"line":250,"column":1}}},"s":{"0":1,"6":1,"7":1,"8":1,"9":1,"10":1,"11":1,"13":158,"14":158,"15":158,"17":19,"19":19,"20":19,"21":19,"24":19,"25":19,"26":19,"27":19,"28":19,"30":19,"31":8,"32":8,"33":8,"34":8,"35":8,"36":8,"37":8,"38":8,"39":19,"41":19,"42":0,"43":0,"44":0,"45":0,"46":0,"49":19,"50":9,"51":9,"52":8,"53":8,"54":8,"56":1,"57":0,"58":0,"59":0,"60":0,"61":0,"62":0,"63":0,"64":0,"65":0,"66":0,"67":0,"68":0,"69":0,"70":0,"71":0,"72":1,"74":1,"75":19,"77":19,"78":8,"79":0,"80":0,"81":0,"82":8,"83":8,"84":19,"86":19,"87":0,"88":0,"89":0,"90":0,"91":0,"92":0,"94":19,"95":19,"96":19,"97":19,"99":19,"100":19,"101":19,"102":19,"103":19,"104":19,"107":19,"108":19,"109":19,"110":19,"111":19,"112":19,"113":19,"114":19,"115":19,"116":19,"117":19,"118":19,"119":19,"120":19,"121":19,"122":19,"123":19,"124":19,"126":19,"127":19,"128":19,"129":19,"132":19,"133":19,"134":19,"135":19,"137":19,"138":19,"139":19,"140":19,"141":19,"142":19,"143":19,"144":19,"145":19,"146":19,"147":19,"148":0,"149":0,"150":0,"151":0,"152":0,"153":0,"154":0,"155":0,"157":0,"158":0,"159":0,"160":0,"161":0,"163":19,"164":19,"167":19,"169":19,"170":19,"171":6,"172":6,"173":6,"174":6,"175":6,"176":6,"177":6,"179":6,"181":19,"182":57,"183":57,"184":57,"185":57,"186":57,"187":57,"188":57,"189":57,"191":57,"192":57,"193":19,"194":19,"196":19,"197":19,"198":19,"199":19,"201":19,"202":19,"203":19,"204":19,"205":6,"206":6,"207":6,"208":6,"209":6,"210":6,"211":6,"212":6,"214":13,"215":13,"216":13,"217":13,"218":13,"219":13,"220":13,"221":13,"223":19,"224":19,"225":19,"226":19,"227":19,"230":19,"231":19,"232":19,"233":76,"234":76,"235":76,"236":76,"237":76,"238":76,"239":76,"240":76,"242":76,"243":76,"244":19,"245":19,"246":19,"247":19,"249":19},"branchMap":{"0":{"type":"branch","line":14,"loc":{"start":{"line":14,"column":0},"end":{"line":16,"column":1}},"locations":[{"start":{"line":14,"column":0},"end":{"line":16,"column":1}}]},"1":{"type":"branch","line":18,"loc":{"start":{"line":18,"column":0},"end":{"line":250,"column":1}},"locations":[{"start":{"line":18,"column":0},"end":{"line":250,"column":1}}]},"2":{"type":"branch","line":136,"loc":{"start":{"line":136,"column":54},"end":{"line":136,"column":75}},"locations":[{"start":{"line":136,"column":54},"end":{"line":136,"column":75}}]},"3":{"type":"branch","line":148,"loc":{"start":{"line":148,"column":15},"end":{"line":148,"column":46}},"locations":[{"start":{"line":148,"column":15},"end":{"line":148,"column":46}}]},"4":{"type":"branch","line":148,"loc":{"start":{"line":148,"column":40},"end":{"line":162,"column":22}},"locations":[{"start":{"line":148,"column":40},"end":{"line":162,"column":22}}]},"5":{"type":"branch","line":171,"loc":{"start":{"line":171,"column":15},"end":{"line":180,"column":20}},"locations":[{"start":{"line":171,"column":15},"end":{"line":180,"column":20}}]},"6":{"type":"branch","line":205,"loc":{"start":{"line":205,"column":17},"end":{"line":213,"column":21}},"locations":[{"start":{"line":205,"column":17},"end":{"line":213,"column":21}}]},"7":{"type":"branch","line":213,"loc":{"start":{"line":213,"column":18},"end":{"line":222,"column":21}},"locations":[{"start":{"line":213,"column":18},"end":{"line":222,"column":21}}]},"8":{"type":"branch","line":31,"loc":{"start":{"line":31,"column":12},"end":{"line":40,"column":5}},"locations":[{"start":{"line":31,"column":12},"end":{"line":40,"column":5}}]},"9":{"type":"branch","line":32,"loc":{"start":{"line":32,"column":22},"end":{"line":32,"column":80}},"locations":[{"start":{"line":32,"column":22},"end":{"line":32,"column":80}}]},"10":{"type":"branch","line":33,"loc":{"start":{"line":33,"column":26},"end":{"line":33,"column":84}},"locations":[{"start":{"line":33,"column":26},"end":{"line":33,"column":84}}]},"11":{"type":"branch","line":36,"loc":{"start":{"line":36,"column":11},"end":{"line":39,"column":6}},"locations":[{"start":{"line":36,"column":11},"end":{"line":39,"column":6}}]},"12":{"type":"branch","line":50,"loc":{"start":{"line":50,"column":12},"end":{"line":76,"column":5}},"locations":[{"start":{"line":50,"column":12},"end":{"line":76,"column":5}}]},"13":{"type":"branch","line":52,"loc":{"start":{"line":52,"column":22},"end":{"line":55,"column":5}},"locations":[{"start":{"line":52,"column":22},"end":{"line":55,"column":5}}]},"14":{"type":"branch","line":55,"loc":{"start":{"line":55,"column":4},"end":{"line":75,"column":33}},"locations":[{"start":{"line":55,"column":4},"end":{"line":75,"column":33}}]},"15":{"type":"branch","line":75,"loc":{"start":{"line":75,"column":11},"end":{"line":75,"column":33}},"locations":[{"start":{"line":75,"column":11},"end":{"line":75,"column":33}}]},"16":{"type":"branch","line":78,"loc":{"start":{"line":78,"column":12},"end":{"line":85,"column":5}},"locations":[{"start":{"line":78,"column":12},"end":{"line":85,"column":5}}]},"17":{"type":"branch","line":84,"loc":{"start":{"line":84,"column":11},"end":{"line":84,"column":62}},"locations":[{"start":{"line":84,"column":11},"end":{"line":84,"column":62}}]},"18":{"type":"branch","line":117,"loc":{"start":{"line":117,"column":33},"end":{"line":117,"column":63}},"locations":[{"start":{"line":117,"column":33},"end":{"line":117,"column":63}}]},"19":{"type":"branch","line":117,"loc":{"start":{"line":117,"column":69},"end":{"line":128,"column":20}},"locations":[{"start":{"line":117,"column":69},"end":{"line":128,"column":20}}]},"20":{"type":"branch","line":122,"loc":{"start":{"line":122,"column":35},"end":{"line":122,"column":86}},"locations":[{"start":{"line":122,"column":35},"end":{"line":122,"column":86}}]},"21":{"type":"branch","line":125,"loc":{"start":{"line":125,"column":47},"end":{"line":125,"column":66}},"locations":[{"start":{"line":125,"column":47},"end":{"line":125,"column":66}}]},"22":{"type":"branch","line":141,"loc":{"start":{"line":141,"column":28},"end":{"line":141,"column":60}},"locations":[{"start":{"line":141,"column":28},"end":{"line":141,"column":60}}]},"23":{"type":"branch","line":182,"loc":{"start":{"line":182,"column":33},"end":{"line":182,"column":63}},"locations":[{"start":{"line":182,"column":33},"end":{"line":182,"column":63}}]},"24":{"type":"branch","line":182,"loc":{"start":{"line":182,"column":69},"end":{"line":193,"column":20}},"locations":[{"start":{"line":182,"column":69},"end":{"line":193,"column":20}}]},"25":{"type":"branch","line":187,"loc":{"start":{"line":187,"column":25},"end":{"line":187,"column":56}},"locations":[{"start":{"line":187,"column":25},"end":{"line":187,"column":56}}]},"26":{"type":"branch","line":190,"loc":{"start":{"line":190,"column":37},"end":{"line":190,"column":56}},"locations":[{"start":{"line":190,"column":37},"end":{"line":190,"column":56}}]},"27":{"type":"branch","line":233,"loc":{"start":{"line":233,"column":26},"end":{"line":244,"column":31}},"locations":[{"start":{"line":233,"column":26},"end":{"line":244,"column":31}}]},"28":{"type":"branch","line":239,"loc":{"start":{"line":239,"column":21},"end":{"line":239,"column":52}},"locations":[{"start":{"line":239,"column":21},"end":{"line":239,"column":52}}]},"29":{"type":"branch","line":239,"loc":{"start":{"line":239,"column":31},"end":{"line":239,"column":82}},"locations":[{"start":{"line":239,"column":31},"end":{"line":239,"column":82}}]}},"b":{"0":[158],"1":[19],"2":[0],"3":[0],"4":[0],"5":[6],"6":[6],"7":[13],"8":[8],"9":[1],"10":[1],"11":[8],"12":[9],"13":[8],"14":[1],"15":[1],"16":[8],"17":[8],"18":[76],"19":[19],"20":[0],"21":[0],"22":[1],"23":[76],"24":[57],"25":[0],"26":[0],"27":[76],"28":[19],"29":[57]},"fnMap":{"0":{"name":"classNames","decl":{"start":{"line":14,"column":0},"end":{"line":16,"column":1}},"loc":{"start":{"line":14,"column":0},"end":{"line":16,"column":1}},"line":14},"1":{"name":"Navbar","decl":{"start":{"line":18,"column":0},"end":{"line":250,"column":1}},"loc":{"start":{"line":18,"column":0},"end":{"line":250,"column":1}},"line":18},"2":{"name":"onStorage","decl":{"start":{"line":32,"column":22},"end":{"line":32,"column":80}},"loc":{"start":{"line":32,"column":22},"end":{"line":32,"column":80}},"line":32},"3":{"name":"onAuthChanged","decl":{"start":{"line":33,"column":26},"end":{"line":33,"column":84}},"loc":{"start":{"line":33,"column":26},"end":{"line":33,"column":84}},"line":33},"4":{"name":"handleSignOut","decl":{"start":{"line":42,"column":24},"end":{"line":47,"column":4}},"loc":{"start":{"line":42,"column":24},"end":{"line":47,"column":4}},"line":42},"5":{"name":"onDoc","decl":{"start":{"line":79,"column":18},"end":{"line":82,"column":6}},"loc":{"start":{"line":79,"column":18},"end":{"line":82,"column":6}},"line":79},"6":{"name":"handleSearchSubmit","decl":{"start":{"line":87,"column":29},"end":{"line":93,"column":4}},"loc":{"start":{"line":87,"column":29},"end":{"line":93,"column":4}},"line":87},"7":{"name":"onChange","decl":{"start":{"line":141,"column":28},"end":{"line":141,"column":60}},"loc":{"start":{"line":141,"column":28},"end":{"line":141,"column":60}},"line":141},"8":{"name":"onFocus","decl":{"start":{"line":142,"column":27},"end":{"line":142,"column":65}},"loc":{"start":{"line":142,"column":27},"end":{"line":142,"column":65}},"line":142}},"f":{"0":158,"1":19,"2":1,"3":1,"4":0,"5":0,"6":0,"7":1,"8":0}}
,"C:\\Users\\c23055508\\Documents\\Frameworks assignment\\Working\\team-13-group-project\\frontend\\src\\components\\ToastHost.jsx": {"path":"C:\\Users\\c23055508\\Documents\\Frameworks assignment\\Working\\team-13-group-project\\frontend\\src\\components\\ToastHost.jsx","all":false,"statementMap":{"0":{"start":{"line":1,"column":0},"end":{"line":1,"column":44}},"2":{"start":{"line":3,"column":0},"end":{"line":3,"column":22}},"4":{"start":{"line":5,"column":0},"end":{"line":5,"column":36}},"5":{"start":{"line":6,"column":0},"end":{"line":6,"column":52}},"6":{"start":{"line":7,"column":0},"end":{"line":7,"column":1}},"8":{"start":{"line":9,"column":0},"end":{"line":9,"column":37}},"9":{"start":{"line":10,"column":0},"end":{"line":10,"column":39}},"11":{"start":{"line":12,"column":0},"end":{"line":12,"column":19}},"12":{"start":{"line":13,"column":0},"end":{"line":13,"column":32}},"13":{"start":{"line":14,"column":0},"end":{"line":14,"column":16}},"14":{"start":{"line":15,"column":0},"end":{"line":15,"column":43}},"15":{"start":{"line":16,"column":0},"end":{"line":16,"column":6}},"16":{"start":{"line":17,"column":0},"end":{"line":17,"column":18}},"17":{"start":{"line":18,"column":0},"end":{"line":18,"column":36}},"18":{"start":{"line":19,"column":0},"end":{"line":19,"column":6}},"19":{"start":{"line":20,"column":0},"end":{"line":20,"column":9}},"21":{"start":{"line":22,"column":0},"end":{"line":22,"column":24}},"22":{"start":{"line":23,"column":0},"end":{"line":23,"column":10}},"23":{"start":{"line":24,"column":0},"end":{"line":24,"column":93}},"24":{"start":{"line":25,"column":0},"end":{"line":25,"column":97}},"25":{"start":{"line":26,"column":0},"end":{"line":26,"column":13}},"26":{"start":{"line":27,"column":0},"end":{"line":27,"column":12}},"27":{"start":{"line":28,"column":0},"end":{"line":28,"column":10}},"29":{"start":{"line":30,"column":0},"end":{"line":30,"column":1}}},"s":{"0":1,"2":1,"4":1,"5":5,"6":5,"8":8,"9":8,"11":8,"12":4,"13":4,"14":4,"15":4,"16":4,"17":4,"18":4,"19":8,"21":8,"22":4,"23":4,"24":4,"25":4,"26":4,"27":4,"29":4},"branchMap":{"0":{"type":"branch","line":5,"loc":{"start":{"line":5,"column":7},"end":{"line":7,"column":1}},"locations":[{"start":{"line":5,"column":7},"end":{"line":7,"column":1}}]},"1":{"type":"branch","line":6,"loc":{"start":{"line":6,"column":25},"end":{"line":6,"column":52}},"locations":[{"start":{"line":6,"column":25},"end":{"line":6,"column":52}}]},"2":{"type":"branch","line":9,"loc":{"start":{"line":9,"column":0},"end":{"line":30,"column":1}},"locations":[{"start":{"line":9,"column":0},"end":{"line":30,"column":1}}]},"3":{"type":"branch","line":22,"loc":{"start":{"line":22,"column":12},"end":{"line":30,"column":1}},"locations":[{"start":{"line":22,"column":12},"end":{"line":30,"column":1}}]},"4":{"type":"branch","line":12,"loc":{"start":{"line":12,"column":12},"end":{"line":20,"column":5}},"locations":[{"start":{"line":12,"column":12},"end":{"line":20,"column":5}}]},"5":{"type":"branch","line":13,"loc":{"start":{"line":13,"column":24},"end":{"line":16,"column":6}},"locations":[{"start":{"line":13,"column":24},"end":{"line":16,"column":6}}]},"6":{"type":"branch","line":17,"loc":{"start":{"line":17,"column":11},"end":{"line":19,"column":6}},"locations":[{"start":{"line":17,"column":11},"end":{"line":19,"column":6}}]}},"b":{"0":[5],"1":[4],"2":[8],"3":[4],"4":[4],"5":[4],"6":[4]},"fnMap":{"0":{"name":"pushToast","decl":{"start":{"line":5,"column":7},"end":{"line":7,"column":1}},"loc":{"start":{"line":5,"column":7},"end":{"line":7,"column":1}},"line":5},"1":{"name":"ToastHost","decl":{"start":{"line":9,"column":0},"end":{"line":30,"column":1}},"loc":{"start":{"line":9,"column":0},"end":{"line":30,"column":1}},"line":9},"2":{"name":"pushToastExternal","decl":{"start":{"line":13,"column":24},"end":{"line":16,"column":6}},"loc":{"start":{"line":13,"column":24},"end":{"line":16,"column":6}},"line":13}},"f":{"0":5,"1":8,"2":4}}
[...]
100":3,"101":0,"102":3,"103":3,"104":3,"106":12,"107":1,"108":1,"109":1,"110":1,"111":1,"112":0,"113":0,"114":0,"115":0,"116":0,"117":1,"118":1,"119":0,"120":0,"121":1,"122":1,"123":1,"124":1,"125":0,"126":0,"127":1,"128":0,"129":0,"130":1,"131":0,"132":1,"133":1,"134":1,"136":12,"137":1,"138":1,"139":1,"140":1,"141":0,"142":0,"143":1,"144":1,"146":1,"147":1,"148":1,"149":1,"150":1,"151":1,"152":1,"153":1,"154":1,"155":12,"156":35,"157":35,"158":195,"160":195,"161":2,"162":2,"163":2,"164":2,"165":2,"166":2,"167":2,"168":2,"169":2,"170":2,"171":2,"172":2,"173":2,"174":2,"175":2,"176":2,"177":2,"178":2,"179":2,"180":2,"181":2,"182":2,"183":2,"184":2,"186":195,"187":35,"188":12,"189":12,"190":12,"191":1,"192":1,"193":0,"194":0,"195":1,"196":1,"197":1,"198":1,"199":0,"200":0,"201":0,"202":0,"203":0,"204":0,"205":1,"206":1,"207":1,"208":1,"209":1,"210":1,"211":1,"212":1,"213":12,"214":1,"215":1,"216":1,"217":12,"218":2,"219":2,"220":12,"221":35,"222":35,"223":195,"225":195,"226":195,"227":195,"228":195,"229":195,"230":195,"232":195,"233":195,"234":195,"235":195,"236":195,"237":195,"238":195,"239":195,"240":195,"241":195,"242":195,"243":195,"244":195,"245":195,"246":195,"247":195,"248":195,"249":195,"250":195,"251":195,"252":195,"253":195,"254":195,"255":195,"256":195,"257":195,"258":195,"259":195,"260":195,"261":195,"262":195,"263":195,"264":195,"265":195,"266":195,"267":195,"268":195,"269":195,"270":195,"271":195,"272":195,"273":195,"274":195,"275":195,"276":195,"277":195,"278":195,"279":195,"280":195,"282":195,"283":195,"284":195,"285":195,"287":195},"branchMap":{"0":{"type":"branch","line":6,"loc":{"start":{"line":6,"column":0},"end":{"line":288,"column":1}},"locations":[{"start":{"line":6,"column":0},"end":{"line":288,"column":1}}]},"1":{"type":"branch","line":234,"loc":{"start":{"line":234,"column":9},"end":{"line":234,"column":70}},"locations":[{"start":{"line":234,"column":9},"end":{"line":234,"column":70}}]},"2":{"type":"branch","line":283,"loc":{"start":{"line":283,"column":11},"end":{"line":283,"column":45}},"locations":[{"start":{"line":283,"column":11},"end":{"line":283,"column":45}}]},"3":{"type":"branch","line":283,"loc":{"start":{"line":283,"column":21},"end":{"line":283,"column":62}},"locations":[{"start":{"line":283,"column":21},"end":{"line":283,"column":62}}]},"4":{"type":"branch","line":21,"loc":{"start":{"line":21,"column":19},"end":{"line":42,"column":4}},"locations":[{"start":{"line":21,"column":19},"end":{"line":42,"column":4}}]},"5":{"type":"branch","line":24,"loc":{"start":{"line":24,"column":30},"end":{"line":27,"column":5}},"locations":[{"start":{"line":24,"column":30},"end":{"line":27,"column":5}}]},"6":{"type":"branch","line":27,"loc":{"start":{"line":27,"column":4},"end":{"line":30,"column":70}},"locations":[{"start":{"line":27,"column":4},"end":{"line":30,"column":70}}]},"7":{"type":"branch","line":30,"loc":{"start":{"line":30,"column":68},"end":{"line":31,"column":17}},"locations":[{"start":{"line":30,"column":68},"end":{"line":31,"column":17}}]},"8":{"type":"branch","line":31,"loc":{"start":{"line":31,"column":17},"end":{"line":34,"column":7}},"locations":[{"start":{"line":31,"column":17},"end":{"line":34,"column":7}}]},"9":{"type":"branch","line":34,"loc":{"start":{"line":34,"column":6},"end":{"line":37,"column":13}},"locations":[{"start":{"line":34,"column":6},"end":{"line":37,"column":13}}]},"10":{"type":"branch","line":37,"loc":{"start":{"line":37,"column":4},"end":{"line":39,"column":6}},"locations":[{"start":{"line":37,"column":4},"end":{"line":39,"column":6}}]},"11":{"type":"branch","line":38,"loc":{"start":{"line":38,"column":19},"end":{"line":38,"column":51}},"locations":[{"start":{"line":38,"column":19},"end":{"line":38,"column":51}}]},"12":{"type":"branch","line":39,"loc":{"start":{"line":39,"column":4},"end":{"line":41,"column":5}},"locations":[{"start":{"line":39,"column":4},"end":{"line":41,"column":5}}]},"13":{"type":"branch","line":44,"loc":{"start":{"line":44,"column":12},"end":{"line":159,"column":5}},"locations":[{"start":{"line":44,"column":12},"end":{"line":159,"column":5}}]},"14":{"type":"branch","line":45,"loc":{"start":{"line":45,"column":20},"end":{"line":156,"column":6}},"locations":[{"start":{"line":45,"column":20},"end":{"line":156,"column":6}}]},"15":{"type":"branch","line":46,"loc":{"start":{"line":46,"column":23},"end":{"line":46,"column":36}},"locations":[{"start":{"line":46,"column":23},"end":{"line":46,"column":36}}]},"16":{"type":"branch","line":47,"loc":{"start":{"line":47,"column":34},"end":{"line":47,"column":41}},"locations":[{"start":{"line":47,"column":34},"end":{"line":47,"column":41}}]},"17":{"type":"branch","line":47,"loc":{"start":{"line":47,"column":34},"end":{"line":48,"column":51}},"locations":[{"start":{"line":47,"column":34},"end":{"line":48,"column":51}}]},"18":{"type":"branch","line":48,"loc":{"start":{"line":48,"column":51},"end":{"line":48,"column":58}},"locations":[{"start":{"line":48,"column":51},"end":{"line":48,"column":58}}]},"19":{"type":"branch","line":48,"loc":{"start":{"line":48,"column":51},"end":{"line":50,"column":41}},"locations":[{"start":{"line":48,"column":51},"end":{"line":50,"column":41}}]},"20":{"type":"branch","line":50,"loc":{"start":{"line":50,"column":41},"end":{"line":79,"column":7}},"locations":[{"start":{"line":50,"column":41},"end":{"line":79,"column":7}}]},"21":{"type":"branch","line":52,"loc":{"start":{"line":52,"column":29},"end":{"line":52,"column":41}},"locations":[{"start":{"line":52,"column":29},"end":{"line":52,"column":41}}]},"22":{"type":"branch","line":54,"loc":{"start":{"line":54,"column":10},"end":{"line":58,"column":18}},"locations":[{"start":{"line":54,"column":10},"end":{"line":58,"column":18}}]},"23":{"type":"branch","line":59,"loc":{"start":{"line":59,"column":10},"end":{"line":59,"column":23}},"locations":[{"start":{"line":59,"column":10},"end":{"line":59,"column":23}}]},"24":{"type":"branch","line":60,"loc":{"start":{"line":60,"column":10},"end":{"line":64,"column":18}},"locations":[{"start":{"line":60,"column":10},"end":{"line":64,"column":18}}]},"25":{"type":"branch","line":65,"loc":{"start":{"line":65,"column":10},"end":{"line":69,"column":18}},"locations":[{"start":{"line":65,"column":10},"end":{"line":69,"column":18}}]},"26":{"type":"branch","line":70,"loc":{"start":{"line":70,"column":10},"end":{"line":74,"column":18}},"locations":[{"start":{"line":70,"column":10},"end":{"line":74,"column":18}}]},"27":{"type":"branch","line":75,"loc":{"start":{"line":75,"column":10},"end":{"line":76,"column":18}},"locations":[{"start":{"line":75,"column":10},"end":{"line":76,"column":18}}]},"28":{"type":"branch","line":79,"loc":{"start":{"line":79,"column":6},"end":{"line":81,"column":37}},"locations":[{"start":{"line":79,"column":6},"end":{"line":81,"column":37}}]},"29":{"type":"branch","line":81,"loc":{"start":{"line":81,"column":37},"end":{"line":107,"column":36}},"locations":[{"start":{"line":81,"column":37},"end":{"line":107,"column":36}}]},"30":{"type":"branch","line":84,"loc":{"start":{"line":84,"column":10},"end":{"line":87,"column":18}},"locations":[{"start":{"line":84,"column":10},"end":{"line":87,"column":18}}]},"31":{"type":"branch","line":88,"loc":{"start":{"line":88,"column":10},"end":{"line":88,"column":23}},"locations":[{"start":{"line":88,"column":10},"end":{"line":88,"column":23}}]},"32":{"type":"branch","line":89,"loc":{"start":{"line":89,"column":10},"end":{"line":92,"column":18}},"locations":[{"start":{"line":89,"column":10},"end":{"line":92,"column":18}}]},"33":{"type":"branch","line":93,"loc":{"start":{"line":93,"column":10},"end":{"line":96,"column":18}},"locations":[{"start":{"line":93,"column":10},"end":{"line":96,"column":18}}]},"34":{"type":"branch","line":97,"loc":{"start":{"line":97,"column":10},"end":{"line":100,"column":18}},"locations":[{"start":{"line":97,"column":10},"end":{"line":100,"column":18}}]},"35":{"type":"branch","line":101,"loc":{"start":{"line":101,"column":10},"end":{"line":102,"column":18}},"locations":[{"start":{"line":101,"column":10},"end":{"line":102,"column":18}}]},"36":{"type":"branch","line":107,"loc":{"start":{"line":107,"column":36},"end":{"line":135,"column":7}},"locations":[{"start":{"line":107,"column":36},"end":{"line":135,"column":7}}]},"37":{"type":"branch","line":109,"loc":{"start":{"line":109,"column":29},"end":{"line":109,"column":41}},"locations":[{"start":{"line":109,"column":29},"end":{"line":109,"column":41}}]},"38":{"type":"branch","line":112,"loc":{"start":{"line":112,"column":21},"end":{"line":117,"column":9}},"locations":[{"start":{"line":112,"column":21},"end":{"line":117,"column":9}}]},"39":{"type":"branch","line":119,"loc":{"start":{"line":119,"column":10},"end":{"line":121,"column":18}},"locations":[{"start":{"line":119,"column":10},"end":{"line":121,"column":18}}]},"40":{"type":"branch","line":125,"loc":{"start":{"line":125,"column":10},"end":{"line":127,"column":18}},"locations":[{"start":{"line":125,"column":10},"end":{"line":127,"column":18}}]},"41":{"type":"branch","line":128,"loc":{"start":{"line":128,"column":10},"end":{"line":130,"column":18}},"locations":[{"start":{"line":128,"column":10},"end":{"line":130,"column":18}}]},"42":{"type":"branch","line":131,"loc":{"start":{"line":131,"column":10},"end":{"line":132,"column":18}},"locations":[{"start":{"line":131,"column":10},"end":{"line":132,"column":18}}]},"43":{"type":"branch","line":135,"loc":{"start":{"line":135,"column":6},"end":{"line":137,"column":38}},"locations":[{"start":{"line":135,"column":6},"end":{"line":137,"column":38}}]},"44":{"type":"branch","line":137,"loc":{"start":{"line":137,"column":38},"end":{"line":155,"column":7}},"locations":[{"start":{"line":137,"column":38},"end":{"line":155,"column":7}}]},"45":{"type":"branch","line":141,"loc":{"start":{"line":141,"column":8},"end":{"line":143,"column":9}},"locations":[{"start":{"line":141,"column":8},"end":{"line":143,"column":9}}]},"46":{"type":"branch","line":158,"loc":{"start":{"line":158,"column":11},"end":{"line":158,"column":69}},"locations":[{"start":{"line":158,"column":11},"end":{"line":158,"column":69}}]},"47":{"type":"branch","line":161,"loc":{"start":{"line":161,"column":24},"end":{"line":185,"column":4}},"locations":[{"start":{"line":161,"column":24},"end":{"line":185,"column":4}}]},"48":{"type":"branch","line":170,"loc":{"start":{"line":170,"column":41},"end":{"line":170,"column":71}},"locations":[{"start":{"line":170,"column":41},"end":{"line":170,"column":71}}]},"49":{"type":"branch","line":171,"loc":{"start":{"line":171,"column":17},"end":{"line":171,"column":24}},"locations":[{"start":{"line":171,"column":17},"end":{"line":171,"column":24}}]},"50":{"type":"branch","line":178,"loc":{"start":{"line":178,"column":31},"end":{"line":178,"column":67}},"locations":[{"start":{"line":178,"column":31},"end":{"line":178,"column":67}}]},"51":{"type":"branch","line":180,"loc":{"start":{"line":180,"column":31},"end":{"line":180,"column":67}},"locations":[{"start":{"line":180,"column":31},"end":{"line":180,"column":67}}]},"52":{"type":"branch","line":181,"loc":{"start":{"line":181,"column":30},"end":{"line":181,"column":65}},"locations":[{"start":{"line":181,"column":30},"end":{"line":181,"column":65}}]},"53":{"type":"branch","line":162,"loc":{"start":{"line":162,"column":27},"end":{"line":169,"column":6}},"locations":[{"start":{"line":162,"column":27},"end":{"line":169,"column":6}}]},"54":{"type":"branch","line":163,"loc":{"start":{"line":163,"column":17},"end":{"line":163,"column":30}},"locations":[{"start":{"line":163,"column":17},"end":{"line":163,"column":30}}]},"55":{"type":"branch","line":164,"loc":{"start":{"line":164,"column":30},"end":{"line":164,"column":48}},"locations":[{"start":{"line":164,"column":30},"end":{"line":164,"column":48}}]},"56":{"type":"branch","line":165,"loc":{"start":{"line":165,"column":47},"end":{"line":165,"column":62}},"locations":[{"start":{"line":165,"column":47},"end":{"line":165,"column":62}}]},"57":{"type":"branch","line":166,"loc":{"start":{"line":166,"column":28},"end":{"line":166,"column":46}},"locations":[{"start":{"line":166,"column":28},"end":{"line":166,"column":46}}]},"58":{"type":"branch","line":167,"loc":{"start":{"line":167,"column":27},"end":{"line":167,"column":44}},"locations":[{"start":{"line":167,"column":27},"end":{"line":167,"column":44}}]},"59":{"type":"branch","line":172,"loc":{"start":{"line":172,"column":19},"end":{"line":177,"column":6}},"locations":[{"start":{"line":172,"column":19},"end":{"line":177,"column":6}}]},"60":{"type":"branch","line":173,"loc":{"start":{"line":173,"column":24},"end":{"line":173,"column":37}},"locations":[{"start":{"line":173,"column":24},"end":{"line":173,"column":37}}]},"61":{"type":"branch","line":174,"loc":{"start":{"line":174,"column":29},"end":{"line":174,"column":96}},"locations":[{"start":{"line":174,"column":29},"end":{"line":174,"column":96}}]},"62":{"type":"branch","line":179,"loc":{"start":{"line":179,"column":37},"end":{"line":179,"column":59}},"locations":[{"start":{"line":179,"column":37},"end":{"line":179,"column":59}}]},"63":{"type":"branch","line":187,"loc":{"start":{"line":187,"column":12},"end":{"line":224,"column":5}},"locations":[{"start":{"line":187,"column":12},"end":{"line":224,"column":5}}]},"64":{"type":"branch","line":188,"loc":{"start":{"line":188,"column":20},"end":{"line":221,"column":6}},"locations":[{"start":{"line":188,"column":20},"end":{"line":221,"column":6}}]},"65":{"type":"branch","line":189,"loc":{"start":{"line":189,"column":23},"end":{"line":189,"column":36}},"locations":[{"start":{"line":189,"column":23},"end":{"line":189,"column":36}}]},"66":{"type":"branch","line":190,"loc":{"start":{"line":190,"column":35},"end":{"line":190,"column":42}},"locations":[{"start":{"line":190,"column":35},"end":{"line":190,"column":42}}]},"67":{"type":"branch","line":190,"loc":{"start":{"line":190,"column":35},"end":{"line":191,"column":37}},"locations":[{"start":{"line":190,"column":35},"end":{"line":191,"column":37}}]},"68":{"type":"branch","line":191,"loc":{"start":{"line":191,"column":37},"end":{"line":213,"column":7}},"locations":[{"start":{"line":191,"column":37},"end":{"line":213,"column":7}}]},"69":{"type":"branch","line":192,"loc":{"start":{"line":192,"column":30},"end":{"line":192,"column":43}},"locations":[{"start":{"line":192,"column":30},"end":{"line":192,"column":43}}]},"70":{"type":"branch","line":193,"loc":{"start":{"line":193,"column":34},"end":{"line":196,"column":19}},"locations":[{"start":{"line":193,"column":34},"end":{"line":196,"column":19}}]},"71":{"type":"branch","line":196,"loc":{"start":{"line":196,"column":29},"end":{"line":196,"column":66}},"locations":[{"start":{"line":196,"column":29},"end":{"line":196,"column":66}}]},"72":{"type":"branch","line":196,"loc":{"start":{"line":196,"column":50},"end":{"line":196,"column":85}},"locations":[{"start":{"line":196,"column":50},"end":{"line":196,"column":85}}]},"73":{"type":"branch","line":199,"loc":{"start":{"line":199,"column":8},"end":{"line":205,"column":9}},"locations":[{"start":{"line":199,"column":8},"end":{"line":205,"column":9}}]},"74":{"type":"branch","line":213,"loc":{"start":{"line":213,"column":6},"end":{"line":214,"column":36}},"locations":[{"start":{"line":213,"column":6},"end":{"line":214,"column":36}}]},"75":{"type":"branch","line":214,"loc":{"start":{"line":214,"column":36},"end":{"line":217,"column":7}},"locations":[{"start":{"line":214,"column":36},"end":{"line":217,"column":7}}]},"76":{"type":"branch","line":217,"loc":{"start":{"line":217,"column":6},"end":{"line":218,"column":40}},"locations":[{"start":{"line":217,"column":6},"end":{"line":218,"column":40}}]},"77":{"type":"branch","line":218,"loc":{"start":{"line":218,"column":28},"end":{"line":218,"column":67}},"locations":[{"start":{"line":218,"column":28},"end":{"line":218,"column":67}}]},"78":{"type":"branch","line":218,"loc":{"start":{"line":218,"column":67},"end":{"line":220,"column":7}},"locations":[{"start":{"line":218,"column":67},"end":{"line":220,"column":7}}]},"79":{"type":"branch","line":223,"loc":{"start":{"line":223,"column":11},"end":{"line":223,"column":69}},"locations":[{"start":{"line":223,"column":11},"end":{"line":223,"column":69}}]},"80":{"type":"branch","line":240,"loc":{"start":{"line":240,"column":22},"end":{"line":240,"column":57}},"locations":[{"start":{"line":240,"column":22},"end":{"line":240,"column":57}}]},"81":{"type":"branch","line":251,"loc":{"start":{"line":251,"column":22},"end":{"line":251,"column":54}},"locations":[{"start":{"line":251,"column":22},"end":{"line":251,"column":54}}]},"82":{"type":"branch","line":262,"loc":{"start":{"line":262,"column":22},"end":{"line":262,"column":57}},"locations":[{"start":{"line":262,"column":22},"end":{"line":262,"column":57}}]},"83":{"type":"branch","line":273,"loc":{"start":{"line":273,"column":22},"end":{"line":273,"column":56}},"locations":[{"start":{"line":273,"column":22},"end":{"line":273,"column":56}}]}},"b":{"0":[195],"1":[13],"2":[21],"3":[174],"4":[25],"5":[4],"6":[21],"7":[11],"8":[10],"9":[11],"10":[7],"11":[1],"12":[18],"13":[35],"14":[12],"15":[0],"16":[4],"17":[8],"18":[0],"19":[8],"20":[2],"21":[0],"22":[1],"23":[0],"24":[1],"25":[0],"26":[0],"27":[0],"28":[6],"29":[3],"30":[0],"31":[1],"32":[1],"33":[1],"34":[1],"35":[0],"36":[1],"37":[0],"38":[0],"39":[0],"40":[0],"41":[0],"42":[0],"43":[2],"44":[1],"45":[0],"46":[35],"47":[2],"48":[0],"49":[0],"50":[0],"51":[0],"52":[0],"53":[2],"54":[0],"55":[0],"56":[0],"57":[0],"58":[0],"59":[2],"60":[0],"61":[0],"62":[2],"63":[35],"64":[12],"65":[0],"66":[8],"67":[4],"68":[1],"69":[0],"70":[0],"71":[0],"72":[0],"73":[0],"74":[3],"75":[1],"76":[2],"77":[0],"78":[2],"79":[35],"80":[29],"81":[28],"82":[28],"83":[27]},"fnMap":{"0":{"name":"Signup","decl":{"start":{"line":6,"column":0},"end":{"line":288,"column":1}},"loc":{"start":{"line":6,"column":0},"end":{"line":288,"column":1}},"line":6},"1":{"name":"onSubmit","decl":{"start":{"line":21,"column":19},"end":{"line":42,"column":4}},"loc":{"start":{"line":21,"column":19},"end":{"line":42,"column":4}},"line":21},"2":{"name":"onVoice","decl":{"start":{"line":45,"column":20},"end":{"line":156,"column":6}},"loc":{"start":{"line":45,"column":20},"end":{"line":156,"column":6}},"line":45},"3":{"name":"preventDefault","decl":{"start":{"line":142,"column":37},"end":{"line":142,"column":46}},"loc":{"start":{"line":142,"column":37},"end":{"line":142,"column":46}},"line":142},"4":{"name":"applySpelling","decl":{"start":{"line":161,"column":24},"end":{"line":185,"column":4}},"loc":{"start":{"line":161,"column":24},"end":{"line":185,"column":4}},"line":161},"5":{"name":"normalizeField","decl":{"start":{"line":162,"column":27},"end":{"line":169,"column":6}},"loc":{"start":{"line":162,"column":27},"end":{"line":169,"column":6}},"line":162},"6":{"name":"update","decl":{"start":{"line":172,"column":19},"end":{"line":177,"column":6}},"loc":{"start":{"line":172,"column":19},"end":{"line":177,"column":6}},"line":172},"7":{"name":"onSpell","decl":{"start":{"line":188,"column":20},"end":{"line":221,"column":6}},"loc":{"start":{"line":188,"column":20},"end":{"line":221,"column":6}},"line":188},"8":{"name":"onChange","decl":{"start":{"line":240,"column":22},"end":{"line":240,"column":57}},"loc":{"start":{"line":240,"column":22},"end":{"line":240,"column":57}},"line":240},"9":{"name":"onChange","decl":{"start":{"line":251,"column":22},"end":{"line":251,"column":54}},"loc":{"start":{"line":251,"column":22},"end":{"line":251,"column":54}},"line":251},"10":{"name":"onChange","decl":{"start":{"line":262,"column":22},"end":{"line":262,"column":57}},"loc":{"start":{"line":262,"column":22},"end":{"line":262,"column":57}},"line":262},"11":{"name":"onChange","decl":{"start":{"line":273,"column":22},"end":{"line":273,"column":56}},"loc":{"start":{"line":273,"column":22},"end":{"line":273,"column":56}},"line":273}},"f":{"0":195,"1":25,"2":12,"3":0,"4":2,"5":2,"6":2,"7":12,"8":29,"9":28,"10":28,"11":27}}
}
