{"C:\\Users\\c23055508\\Documents\\Frameworks assignment\\Working\\team-13-group-project\\frontend\\src\\App.jsx": {"path":"C:\\Users\\c23055508\\Documents\\Frameworks assignment\\Working\\team-13-group-project\\frontend\\src\\App.jsx","all":false,"statementMap":{"0":{"start":{"line":1,"column":0},"end":{"line":1,"column":34}},"1":{"start":{"line":2,"column":0},"end":{"line":2,"column":19}},"2":{"start":{"line":3,"column":0},"end":{"line":3,"column":21}},"3":{"start":{"line":4,"column":0},"end":{"line":4,"column":32}},"4":{"start":{"line":5,"column":0},"end":{"line":5,"column":36}},"5":{"start":{"line":6,"column":0},"end":{"line":6,"column":87}},"6":{"start":{"line":7,"column":0},"end":{"line":7,"column":36}},"7":{"start":{"line":8,"column":0},"end":{"line":8,"column":45}},"8":{"start":{"line":9,"column":0},"end":{"line":9,"column":38}},"9":{"start":{"line":10,"column":0},"end":{"line":10,"column":40}},"10":{"start":{"line":11,"column":0},"end":{"line":11,"column":51}},"11":{"start":{"line":12,"column":0},"end":{"line":12,"column":44}},"12":{"start":{"line":13,"column":0},"end":{"line":13,"column":42}},"13":{"start":{"line":14,"column":0},"end":{"line":14,"column":46}},"14":{"start":{"line":15,"column":0},"end":{"line":15,"column":42}},"15":{"start":{"line":16,"column":0},"end":{"line":16,"column":42}},"16":{"start":{"line":17,"column":0},"end":{"line":17,"column":39}},"18":{"start":{"line":19,"column":0},"end":{"line":19,"column":46}},"19":{"start":{"line":20,"column":0},"end":{"line":20,"column":46}},"20":{"start":{"line":21,"column":0},"end":{"line":21,"column":29}},"21":{"start":{"line":22,"column":0},"end":{"line":22,"column":93}},"22":{"start":{"line":23,"column":0},"end":{"line":23,"column":88}},"23":{"start":{"line":24,"column":0},"end":{"line":24,"column":108}},"24":{"start":{"line":25,"column":0},"end":{"line":25,"column":101}},"25":{"start":{"line":26,"column":0},"end":{"line":26,"column":115}},"26":{"start":{"line":27,"column":0},"end":{"line":27,"column":29}},"27":{"start":{"line":28,"column":0},"end":{"line":28,"column":54}},"28":{"start":{"line":29,"column":0},"end":{"line":29,"column":35}},"29":{"start":{"line":30,"column":0},"end":{"line":30,"column":33}},"30":{"start":{"line":31,"column":0},"end":{"line":31,"column":39}},"32":{"start":{"line":33,"column":0},"end":{"line":33,"column":83}},"33":{"start":{"line":34,"column":0},"end":{"line":34,"column":95}},"34":{"start":{"line":35,"column":0},"end":{"line":35,"column":2}},"37":{"start":{"line":38,"column":0},"end":{"line":38,"column":36}},"38":{"start":{"line":39,"column":0},"end":{"line":39,"column":41}},"39":{"start":{"line":40,"column":0},"end":{"line":40,"column":1}},"42":{"start":{"line":43,"column":0},"end":{"line":43,"column":27}},"43":{"start":{"line":44,"column":0},"end":{"line":44,"column":33}},"44":{"start":{"line":45,"column":0},"end":{"line":45,"column":19}},"45":{"start":{"line":46,"column":0},"end":{"line":46,"column":88}},"46":{"start":{"line":47,"column":0},"end":{"line":47,"column":28}},"47":{"start":{"line":48,"column":0},"end":{"line":48,"column":36}},"48":{"start":{"line":49,"column":0},"end":{"line":49,"column":32}},"49":{"start":{"line":50,"column":0},"end":{"line":50,"column":32}},"50":{"start":{"line":51,"column":0},"end":{"line":51,"column":54}},"51":{"start":{"line":52,"column":0},"end":{"line":52,"column":35}},"52":{"start":{"line":53,"column":0},"end":{"line":53,"column":31}},"53":{"start":{"line":54,"column":0},"end":{"line":54,"column":31}},"54":{"start":{"line":55,"column":0},"end":{"line":55,"column":17}},"55":{"start":{"line":56,"column":0},"end":{"line":56,"column":9}},"56":{"start":{"line":57,"column":0},"end":{"line":57,"column":89}},"57":{"start":{"line":58,"column":0},"end":{"line":58,"column":31}},"58":{"start":{"line":59,"column":0},"end":{"line":59,"column":55}},"60":{"start":{"line":61,"column":0},"end":{"line":61,"column":129}},"61":{"start":{"line":62,"column":0},"end":{"line":62,"column":21}},"62":{"start":{"line":63,"column":0},"end":{"line":63,"column":50}},"63":{"start":{"line":64,"column":0},"end":{"line":64,"column":78}},"64":{"start":{"line":65,"column":0},"end":{"line":65,"column":101}},"65":{"start":{"line":66,"column":0},"end":{"line":66,"column":45}},"66":{"start":{"line":67,"column":0},"end":{"line":67,"column":38}},"67":{"start":{"line":68,"column":0},"end":{"line":68,"column":11}},"69":{"start":{"line":70,"column":0},"end":{"line":70,"column":31}},"70":{"start":{"line":71,"column":0},"end":{"line":71,"column":28}},"72":{"start":{"line":73,"column":0},"end":{"line":73,"column":51}},"73":{"start":{"line":74,"column":0},"end":{"line":74,"column":46}},"75":{"start":{"line":76,"column":0},"end":{"line":76,"column":101}},"76":{"start":{"line":77,"column":0},"end":{"line":77,"column":41}},"77":{"start":{"line":78,"column":0},"end":{"line":78,"column":57}},"79":{"start":{"line":80,"column":0},"end":{"line":80,"column":111}},"80":{"start":{"line":81,"column":0},"end":{"line":81,"column":26}},"81":{"start":{"line":82,"column":0},"end":{"line":82,"column":46}},"82":{"start":{"line":83,"column":0},"end":{"line":83,"column":55}},"83":{"start":{"line":84,"column":0},"end":{"line":84,"column":78}},"84":{"start":{"line":85,"column":0},"end":{"line":85,"column":128}},"86":{"start":{"line":87,"column":0},"end":{"line":87,"column":69}},"87":{"start":{"line":88,"column":0},"end":{"line":88,"column":13}},"89":{"start":{"line":90,"column":0},"end":{"line":90,"column":113}},"90":{"start":{"line":91,"column":0},"end":{"line":91,"column":24}},"91":{"start":{"line":92,"column":0},"end":{"line":92,"column":44}},"92":{"start":{"line":93,"column":0},"end":{"line":93,"column":53}},"93":{"start":{"line":94,"column":0},"end":{"line":94,"column":78}},"94":{"start":{"line":95,"column":0},"end":{"line":95,"column":124}},"95":{"start":{"line":96,"column":0},"end":{"line":96,"column":67}},"96":{"start":{"line":97,"column":0},"end":{"line":97,"column":13}},"98":{"start":{"line":99,"column":0},"end":{"line":99,"column":75}},"99":{"start":{"line":100,"column":0},"end":{"line":100,"column":18}},"100":{"start":{"line":101,"column":0},"end":{"line":101,"column":17}},"101":{"start":{"line":102,"column":0},"end":{"line":102,"column":9}},"102":{"start":{"line":103,"column":0},"end":{"line":103,"column":7}},"104":{"start":{"line":105,"column":0},"end":{"line":105,"column":78}},"105":{"start":{"line":106,"column":0},"end":{"line":106,"column":52}},"106":{"start":{"line":107,"column":0},"end":{"line":107,"column":60}},"107":{"start":{"line":108,"column":0},"end":{"line":108,"column":31}},"108":{"start":{"line":109,"column":0},"end":{"line":109,"column":31}},"109":{"start":{"line":110,"column":0},"end":{"line":110,"column":17}},"110":{"start":{"line":111,"column":0},"end":{"line":111,"column":9}},"111":{"start":{"line":112,"column":0},"end":{"line":112,"column":29}},"112":{"start":{"line":113,"column":0},"end":{"line":113,"column":22}},"113":{"start":{"line":114,"column":0},"end":{"line":114,"column":15}},"114":{"start":{"line":115,"column":0},"end":{"line":115,"column":67}},"115":{"start":{"line":116,"column":0},"end":{"line":116,"column":57}},"116":{"start":{"line":117,"column":0},"end":{"line":117,"column":33}},"117":{"start":{"line":118,"column":0},"end":{"line":118,"column":25}},"118":{"start":{"line":119,"column":0},"end":{"line":119,"column":75}},"119":{"start":{"line":120,"column":0},"end":{"line":120,"column":81}},"120":{"start":{"line":121,"column":0},"end":{"line":121,"column":25}},"121":{"start":{"line":122,"column":0},"end":{"line":122,"column":74}},"122":{"start":{"line":123,"column":0},"end":{"line":123,"column":20}},"123":{"start":{"line":124,"column":0},"end":{"line":124,"column":13}},"124":{"start":{"line":125,"column":0},"end":{"line":125,"column":15}},"125":{"start":{"line":126,"column":0},"end":{"line":126,"column":7}},"127":{"start":{"line":128,"column":0},"end":{"line":128,"column":62}},"128":{"start":{"line":129,"column":0},"end":{"line":129,"column":52}},"129":{"start":{"line":130,"column":0},"end":{"line":130,"column":60}},"130":{"start":{"line":131,"column":0},"end":{"line":131,"column":31}},"131":{"start":{"line":132,"column":0},"end":{"line":132,"column":31}},"132":{"start":{"line":133,"column":0},"end":{"line":133,"column":17}},"133":{"start":{"line":134,"column":0},"end":{"line":134,"column":9}},"134":{"start":{"line":135,"column":0},"end":{"line":135,"column":7}},"135":{"start":{"line":136,"column":0},"end":{"line":136,"column":6}},"136":{"start":{"line":137,"column":0},"end":{"line":137,"column":53}},"137":{"start":{"line":138,"column":0},"end":{"line":138,"column":69}},"138":{"start":{"line":139,"column":0},"end":{"line":139,"column":17}},"139":{"start":{"line":140,"column":0},"end":{"line":140,"column":14}},"140":{"start":{"line":141,"column":0},"end":{"line":141,"column":1}},"142":{"start":{"line":143,"column":0},"end":{"line":143,"column":16}},"143":{"start":{"line":144,"column":0},"end":{"line":144,"column":19}},"144":{"start":{"line":145,"column":0},"end":{"line":145,"column":79}},"145":{"start":{"line":146,"column":0},"end":{"line":146,"column":12}},"146":{"start":{"line":147,"column":0},"end":{"line":147,"column":46}},"147":{"start":{"line":148,"column":0},"end":{"line":148,"column":36}},"149":{"start":{"line":150,"column":0},"end":{"line":150,"column":60}},"150":{"start":{"line":151,"column":0},"end":{"line":151,"column":60}},"151":{"start":{"line":152,"column":0},"end":{"line":152,"column":50}},"152":{"start":{"line":153,"column":0},"end":{"line":153,"column":18}},"153":{"start":{"line":154,"column":0},"end":{"line":154,"column":65}},"154":{"start":{"line":155,"column":0},"end":{"line":155,"column":65}},"155":{"start":{"line":156,"column":0},"end":{"line":156,"column":55}},"156":{"start":{"line":157,"column":0},"end":{"line":157,"column":6}},"157":{"start":{"line":158,"column":0},"end":{"line":158,"column":9}},"159":{"start":{"line":160,"column":0},"end":{"line":160,"column":10}},"160":{"start":{"line":161,"column":0},"end":{"line":161,"column":12}},"161":{"start":{"line":162,"column":0},"end":{"line":162,"column":24}},"162":{"start":{"line":163,"column":0},"end":{"line":163,"column":76}},"163":{"start":{"line":164,"column":0},"end":{"line":164,"column":16}},"164":{"start":{"line":165,"column":0},"end":{"line":165,"column":45}},"165":{"start":{"line":166,"column":0},"end":{"line":166,"column":14}},"166":{"start":{"line":167,"column":0},"end":{"line":167,"column":45}},"167":{"start":{"line":168,"column":0},"end":{"line":168,"column":53}},"168":{"start":{"line":169,"column":0},"end":{"line":169,"column":54}},"169":{"start":{"line":170,"column":0},"end":{"line":170,"column":51}},"170":{"start":{"line":171,"column":0},"end":{"line":171,"column":53}},"171":{"start":{"line":172,"column":0},"end":{"line":172,"column":57}},"172":{"start":{"line":173,"column":0},"end":{"line":173,"column":55}},"173":{"start":{"line":174,"column":0},"end":{"line":174,"column":55}},"174":{"start":{"line":175,"column":0},"end":{"line":175,"column":59}},"175":{"start":{"line":176,"column":0},"end":{"line":176,"column":14}},"176":{"start":{"line":177,"column":0},"end":{"line":177,"column":23}},"177":{"start":{"line":178,"column":0},"end":{"line":178,"column":37}},"178":{"start":{"line":179,"column":0},"end":{"line":179,"column":10}},"179":{"start":{"line":180,"column":0},"end":{"line":180,"column":15}},"180":{"start":{"line":181,"column":0},"end":{"line":181,"column":19}},"181":{"start":{"line":182,"column":0},"end":{"line":182,"column":13}},"183":{"start":{"line":184,"column":0},"end":{"line":184,"column":1}},"185":{"start":{"line":186,"column":0},"end":{"line":186,"column":26}},"186":{"start":{"line":187,"column":0},"end":{"line":187,"column":19}},"187":{"start":{"line":188,"column":0},"end":{"line":188,"column":75}},"188":{"start":{"line":189,"column":0},"end":{"line":189,"column":9}},"189":{"start":{"line":190,"column":0},"end":{"line":190,"column":18}},"190":{"start":{"line":191,"column":0},"end":{"line":191,"column":1}},"192":{"start":{"line":193,"column":0},"end":{"line":193,"column":19}}},"s":{"0":1,"1":1,"2":1,"3":1,"4":1,"5":1,"6":1,"7":1,"8":1,"9":1,"10":1,"11":1,"12":1,"13":1,"14":1,"15":1,"16":1,"18":1,"19":11,"20":11,"21":11,"22":11,"23":11,"24":11,"25":11,"26":11,"27":11,"28":11,"29":11,"30":11,"32":11,"33":11,"34":11,"37":1,"38":1,"39":1,"42":15,"43":15,"44":15,"45":14,"46":14,"47":8,"48":8,"49":8,"50":5,"51":5,"52":1,"53":1,"54":1,"55":1,"56":5,"57":4,"58":4,"60":4,"61":4,"62":0,"63":0,"64":0,"65":0,"66":0,"67":0,"69":4,"70":4,"72":4,"73":1,"75":1,"76":1,"77":4,"79":4,"80":4,"81":0,"82":0,"83":0,"84":0,"86":0,"87":0,"89":1,"90":4,"91":0,"92":0,"93":0,"94":0,"95":0,"96":0,"98":1,"99":4,"100":4,"101":4,"102":5,"104":8,"105":3,"106":3,"107":0,"108":0,"109":0,"110":0,"111":3,"112":3,"113":3,"114":3,"115":3,"116":3,"117":3,"118":3,"119":0,"120":0,"121":3,"122":3,"123":3,"124":3,"125":3,"127":8,"128":0,"129":0,"130":0,"131":0,"132":0,"133":0,"134":0,"135":8,"136":14,"137":14,"138":15,"139":15,"140":15,"142":9,"143":9,"144":9,"145":9,"146":9,"147":9,"149":9,"150":9,"151":9,"152":9,"153":0,"154":0,"155":0,"156":0,"157":9,"159":9,"160":9,"161":9,"162":9,"163":9,"164":9,"165":9,"166":9,"167":9,"168":9,"169":9,"170":9,"171":9,"172":9,"173":9,"174":9,"175":9,"176":9,"177":9,"178":9,"179":9,"180":9,"181":9,"183":9,"185":0,"186":0,"187":0,"188":0,"189":0,"190":0,"192":1},"branchMap":{"0":{"type":"branch","line":19,"loc":{"start":{"line":19,"column":31},"end":{"line":35,"column":2}},"locations":[{"start":{"line":19,"column":31},"end":{"line":35,"column":2}}]},"1":{"type":"branch","line":20,"loc":{"start":{"line":20,"column":39},"end":{"line":20,"column":46}},"locations":[{"start":{"line":20,"column":39},"end":{"line":20,"column":46}}]},"2":{"type":"branch","line":23,"loc":{"start":{"line":23,"column":36},"end":{"line":23,"column":54}},"locations":[{"start":{"line":23,"column":36},"end":{"line":23,"column":54}}]},"3":{"type":"branch","line":23,"loc":{"start":{"line":23,"column":54},"end":{"line":23,"column":80}},"locations":[{"start":{"line":23,"column":54},"end":{"line":23,"column":80}}]},"4":{"type":"branch","line":24,"loc":{"start":{"line":24,"column":75},"end":{"line":24,"column":99}},"locations":[{"start":{"line":24,"column":75},"end":{"line":24,"column":99}}]},"5":{"type":"branch","line":24,"loc":{"start":{"line":24,"column":88},"end":{"line":24,"column":108}},"locations":[{"start":{"line":24,"column":88},"end":{"line":24,"column":108}}]},"6":{"type":"branch","line":25,"loc":{"start":{"line":25,"column":70},"end":{"line":25,"column":93}},"locations":[{"start":{"line":25,"column":70},"end":{"line":25,"column":93}}]},"7":{"type":"branch","line":25,"loc":{"start":{"line":25,"column":83},"end":{"line":25,"column":101}},"locations":[{"start":{"line":25,"column":83},"end":{"line":25,"column":101}}]},"8":{"type":"branch","line":26,"loc":{"start":{"line":26,"column":80},"end":{"line":26,"column":106}},"locations":[{"start":{"line":26,"column":80},"end":{"line":26,"column":106}}]},"9":{"type":"branch","line":26,"loc":{"start":{"line":26,"column":93},"end":{"line":26,"column":115}},"locations":[{"start":{"line":26,"column":93},"end":{"line":26,"column":115}}]},"10":{"type":"branch","line":28,"loc":{"start":{"line":28,"column":20},"end":{"line":28,"column":46}},"locations":[{"start":{"line":28,"column":20},"end":{"line":28,"column":46}}]},"11":{"type":"branch","line":33,"loc":{"start":{"line":33,"column":48},"end":{"line":33,"column":75}},"locations":[{"start":{"line":33,"column":48},"end":{"line":33,"column":75}}]},"12":{"type":"branch","line":34,"loc":{"start":{"line":34,"column":37},"end":{"line":34,"column":56}},"locations":[{"start":{"line":34,"column":37},"end":{"line":34,"column":56}}]},"13":{"type":"branch","line":34,"loc":{"start":{"line":34,"column":69},"end":{"line":34,"column":88}},"locations":[{"start":{"line":34,"column":69},"end":{"line":34,"column":88}}]},"14":{"type":"branch","line":43,"loc":{"start":{"line":43,"column":0},"end":{"line":141,"column":1}},"locations":[{"start":{"line":43,"column":0},"end":{"line":141,"column":1}}]},"15":{"type":"branch","line":45,"loc":{"start":{"line":45,"column":12},"end":{"line":139,"column":5}},"locations":[{"start":{"line":45,"column":12},"end":{"line":139,"column":5}}]},"16":{"type":"branch","line":46,"loc":{"start":{"line":46,"column":22},"end":{"line":46,"column":88}},"locations":[{"start":{"line":46,"column":22},"end":{"line":46,"column":88}}]},"17":{"type":"branch","line":47,"loc":{"start":{"line":47,"column":20},"end":{"line":136,"column":6}},"locations":[{"start":{"line":47,"column":20},"end":{"line":136,"column":6}}]},"18":{"type":"branch","line":48,"loc":{"start":{"line":48,"column":23},"end":{"line":48,"column":36}},"locations":[{"start":{"line":48,"column":23},"end":{"line":48,"column":36}}]},"19":{"type":"branch","line":50,"loc":{"start":{"line":50,"column":31},"end":{"line":103,"column":7}},"locations":[{"start":{"line":50,"column":31},"end":{"line":103,"column":7}}]},"20":{"type":"branch","line":51,"loc":{"start":{"line":51,"column":40},"end":{"line":51,"column":52}},"locations":[{"start":{"line":51,"column":40},"end":{"line":51,"column":52}}]},"21":{"type":"branch","line":52,"loc":{"start":{"line":52,"column":34},"end":{"line":56,"column":9}},"locations":[{"start":{"line":52,"column":34},"end":{"line":56,"column":9}}]},"22":{"type":"branch","line":56,"loc":{"start":{"line":56,"column":8},"end":{"line":57,"column":37}},"locations":[{"start":{"line":56,"column":8},"end":{"line":57,"column":37}}]},"23":{"type":"branch","line":57,"loc":{"start":{"line":57,"column":23},"end":{"line":57,"column":64}},"locations":[{"start":{"line":57,"column":23},"end":{"line":57,"column":64}}]},"24":{"type":"branch","line":57,"loc":{"start":{"line":57,"column":48},"end":{"line":57,"column":88}},"locations":[{"start":{"line":57,"column":48},"end":{"line":57,"column":88}}]},"25":{"type":"branch","line":57,"loc":{"start":{"line":57,"column":88},"end":{"line":102,"column":9}},"locations":[{"start":{"line":57,"column":88},"end":{"line":102,"column":9}}]},"26":{"type":"branch","line":59,"loc":{"start":{"line":59,"column":38},"end":{"line":59,"column":53}},"locations":[{"start":{"line":59,"column":38},"end":{"line":59,"column":53}}]},"27":{"type":"branch","line":62,"loc":{"start":{"line":62,"column":20},"end":{"line":68,"column":11}},"locations":[{"start":{"line":62,"column":20},"end":{"line":68,"column":11}}]},"28":{"type":"branch","line":103,"loc":{"start":{"line":103,"column":6},"end":{"line":105,"column":63}},"locations":[{"start":{"line":103,"column":6},"end":{"line":105,"column":63}}]},"29":{"type":"branch","line":105,"loc":{"start":{"line":105,"column":53},"end":{"line":105,"column":77}},"locations":[{"start":{"line":105,"column":53},"end":{"line":105,"column":77}}]},"30":{"type":"branch","line":105,"loc":{"start":{"line":105,"column":77},"end":{"line":126,"column":7}},"locations":[{"start":{"line":105,"column":77},"end":{"line":126,"column":7}}]},"31":{"type":"branch","line":106,"loc":{"start":{"line":106,"column":39},"end":{"line":106,"column":50}},"locations":[{"start":{"line":106,"column":39},"end":{"line":106,"column":50}}]},"32":{"type":"branch","line":107,"loc":{"start":{"line":107,"column":59},"end":{"line":111,"column":9}},"locations":[{"start":{"line":107,"column":59},"end":{"line":111,"column":9}}]},"33":{"type":"branch","line":126,"loc":{"start":{"line":126,"column":6},"end":{"line":128,"column":61}},"locations":[{"start":{"line":126,"column":6},"end":{"line":128,"column":61}}]},"34":{"type":"branch","line":128,"loc":{"start":{"line":128,"column":61},"end":{"line":135,"column":7}},"locations":[{"start":{"line":128,"column":61},"end":{"line":135,"column":7}}]},"35":{"type":"branch","line":71,"loc":{"start":{"line":71,"column":21},"end":{"line":100,"column":13}},"locations":[{"start":{"line":71,"column":21},"end":{"line":100,"column":13}}]},"36":{"type":"branch","line":73,"loc":{"start":{"line":73,"column":44},"end":{"line":73,"column":51}},"locations":[{"start":{"line":73,"column":44},"end":{"line":73,"column":51}}]},"37":{"type":"branch","line":73,"loc":{"start":{"line":73,"column":44},"end":{"line":78,"column":53}},"locations":[{"start":{"line":73,"column":44},"end":{"line":78,"column":53}}]},"38":{"type":"branch","line":78,"loc":{"start":{"line":78,"column":40},"end":{"line":78,"column":55}},"locations":[{"start":{"line":78,"column":40},"end":{"line":78,"column":55}}]},"39":{"type":"branch","line":81,"loc":{"start":{"line":81,"column":25},"end":{"line":88,"column":13}},"locations":[{"start":{"line":81,"column":25},"end":{"line":88,"column":13}}]},"40":{"type":"branch","line":88,"loc":{"start":{"line":88,"column":12},"end":{"line":91,"column":23}},"locations":[{"start":{"line":88,"column":12},"end":{"line":91,"column":23}}]},"41":{"type":"branch","line":91,"loc":{"start":{"line":91,"column":23},"end":{"line":97,"column":13}},"locations":[{"start":{"line":91,"column":23},"end":{"line":97,"column":13}}]},"42":{"type":"branch","line":97,"loc":{"start":{"line":97,"column":12},"end":{"line":99,"column":75}},"locations":[{"start":{"line":97,"column":12},"end":{"line":99,"column":75}}]},"43":{"type":"branch","line":99,"loc":{"start":{"line":99,"column":23},"end":{"line":99,"column":70}},"locations":[{"start":{"line":99,"column":23},"end":{"line":99,"column":70}}]},"44":{"type":"branch","line":113,"loc":{"start":{"line":113,"column":9},"end":{"line":124,"column":11}},"locations":[{"start":{"line":113,"column":9},"end":{"line":124,"column":11}}]},"45":{"type":"branch","line":116,"loc":{"start":{"line":116,"column":50},"end":{"line":116,"column":57}},"locations":[{"start":{"line":116,"column":50},"end":{"line":116,"column":57}}]},"46":{"type":"branch","line":119,"loc":{"start":{"line":119,"column":71},"end":{"line":120,"column":81}},"locations":[{"start":{"line":119,"column":71},"end":{"line":120,"column":81}}]},"47":{"type":"branch","line":120,"loc":{"start":{"line":120,"column":77},"end":{"line":121,"column":25}},"locations":[{"start":{"line":120,"column":77},"end":{"line":121,"column":25}}]},"48":{"type":"branch","line":123,"loc":{"start":{"line":123,"column":10},"end":{"line":123,"column":20}},"locations":[{"start":{"line":123,"column":10},"end":{"line":123,"column":20}}]},"49":{"type":"branch","line":119,"loc":{"start":{"line":119,"column":27},"end":{"line":119,"column":71}},"locations":[{"start":{"line":119,"column":27},"end":{"line":119,"column":71}}]},"50":{"type":"branch","line":138,"loc":{"start":{"line":138,"column":11},"end":{"line":138,"column":69}},"locations":[{"start":{"line":138,"column":11},"end":{"line":138,"column":69}}]},"51":{"type":"branch","line":143,"loc":{"start":{"line":143,"column":0},"end":{"line":184,"column":1}},"locations":[{"start":{"line":143,"column":0},"end":{"line":184,"column":1}}]},"52":{"type":"branch","line":144,"loc":{"start":{"line":144,"column":12},"end":{"line":158,"column":5}},"locations":[{"start":{"line":144,"column":12},"end":{"line":158,"column":5}}]},"53":{"type":"branch","line":145,"loc":{"start":{"line":145,"column":18},"end":{"line":145,"column":79}},"locations":[{"start":{"line":145,"column":18},"end":{"line":145,"column":79}}]}},"b":{"0":[11],"1":[0],"2":[0],"3":[0],"4":[7],"5":[4],"6":[7],"7":[4],"8":[7],"9":[4],"10":[0],"11":[0],"12":[0],"13":[0],"14":[15],"15":[14],"16":[11],"17":[8],"18":[0],"19":[5],"20":[0],"21":[1],"22":[4],"23":[0],"24":[0],"25":[4],"26":[2],"27":[0],"28":[3],"29":[3],"30":[3],"31":[0],"32":[0],"33":[0],"34":[0],"35":[4],"36":[3],"37":[1],"38":[0],"39":[0],"40":[1],"41":[0],"42":[1],"43":[1],"44":[3],"45":[0],"46":[0],"47":[0],"48":[0],"49":[3],"50":[5],"51":[9],"52":[9],"53":[9]},"fnMap":{"0":{"name":"applyThemeFromSettings","decl":{"start":{"line":19,"column":31},"end":{"line":35,"column":2}},"loc":{"start":{"line":19,"column":31},"end":{"line":35,"column":2}},"line":19},"1":{"name":"VoiceNavigator","decl":{"start":{"line":43,"column":0},"end":{"line":141,"column":1}},"loc":{"start":{"line":43,"column":0},"end":{"line":141,"column":1}},"line":43},"2":{"name":"normalize","decl":{"start":{"line":46,"column":22},"end":{"line":46,"column":88}},"loc":{"start":{"line":46,"column":22},"end":{"line":46,"column":88}},"line":46},"3":{"name":"onVoice","decl":{"start":{"line":47,"column":20},"end":{"line":136,"column":6}},"loc":{"start":{"line":47,"column":20},"end":{"line":136,"column":6}},"line":47},"4":{"name":"App","decl":{"start":{"line":143,"column":0},"end":{"line":184,"column":1}},"loc":{"start":{"line":143,"column":0},"end":{"line":184,"column":1}},"line":143},"5":{"name":"apply","decl":{"start":{"line":145,"column":18},"end":{"line":145,"column":79}},"loc":{"start":{"line":145,"column":18},"end":{"line":145,"column":79}},"line":145},"6":{"name":"onSettings","decl":{"start":{"line":147,"column":23},"end":{"line":147,"column":46}},"loc":{"start":{"line":147,"column":23},"end":{"line":147,"column":46}},"line":147},"7":{"name":"onStorage","decl":{"start":{"line":148,"column":22},"end":{"line":148,"column":36}},"loc":{"start":{"line":148,"column":22},"end":{"line":148,"column":36}},"line":148},"8":{"name":"AdminRedirect","decl":{"start":{"line":186,"column":0},"end":{"line":191,"column":1}},"loc":{"start":{"line":186,"column":0},"end":{"line":191,"column":1}},"line":186}},"f":{"0":11,"1":15,"2":11,"3":8,"4":9,"5":9,"6":0,"7":0,"8":0}}
,"C:\\Users\\c23055508\\Documents\\Frameworks assignment\\Working\\team-13-group-project\\frontend\\src\\api.js": {"path":"C:\\Users\\c23055508\\Documents\\Frameworks assignment\\Working\\team-13-group-project\\frontend\\src\\api.js","all":false,"statementMap":{"0":{"start":{"line":1,"column":0},"end":{"line":1,"column":54}},"1":{"start":{"line":2,"column":0},"end":{"line":2,"column":77}},"2":{"start":{"line":3,"column":0},"end":{"line":3,"column":0}},"3":{"start":{"line":4,"column":0},"end":{"line":4,"column":66}},"4":{"start":{"line":5,"column":0},"end":{"line":5,"column":55}},"5":{"start":{"line":6,"column":0},"end":{"line":6,"column":19}},"6":{"start":{"line":7,"column":0},"end":{"line":7,"column":52}},"7":{"start":{"line":8,"column":0},"end":{"line":8,"column":56}},"8":{"start":{"line":9,"column":0},"end":{"line":9,"column":5}},"9":{"start":{"line":10,"column":0},"end":{"line":10,"column":84}},"10":{"start":{"line":11,"column":0},"end":{"line":11,"column":20}},"11":{"start":{"line":12,"column":0},"end":{"line":12,"column":2}},"12":{"start":{"line":13,"column":0},"end":{"line":13,"column":0}},"13":{"start":{"line":14,"column":0},"end":{"line":14,"column":58}},"14":{"start":{"line":15,"column":0},"end":{"line":15,"column":52}},"15":{"start":{"line":16,"column":0},"end":{"line":16,"column":19}},"16":{"start":{"line":17,"column":0},"end":{"line":17,"column":52}},"17":{"start":{"line":18,"column":0},"end":{"line":18,"column":51}},"18":{"start":{"line":19,"column":0},"end":{"line":19,"column":5}},"19":{"start":{"line":20,"column":0},"end":{"line":20,"column":77}},"20":{"start":{"line":21,"column":0},"end":{"line":21,"column":20}},"21":{"start":{"line":22,"column":0},"end":{"line":22,"column":2}},"22":{"start":{"line":23,"column":0},"end":{"line":23,"column":0}},"23":{"start":{"line":24,"column":0},"end":{"line":24,"column":45}},"24":{"start":{"line":25,"column":0},"end":{"line":25,"column":46}},"25":{"start":{"line":26,"column":0},"end":{"line":26,"column":51}},"26":{"start":{"line":27,"column":0},"end":{"line":27,"column":49}},"27":{"start":{"line":28,"column":0},"end":{"line":28,"column":50}},"28":{"start":{"line":29,"column":0},"end":{"line":29,"column":5}},"29":{"start":{"line":30,"column":0},"end":{"line":30,"column":87}},"30":{"start":{"line":31,"column":0},"end":{"line":31,"column":20}},"31":{"start":{"line":32,"column":0},"end":{"line":32,"column":2}},"32":{"start":{"line":33,"column":0},"end":{"line":33,"column":0}},"33":{"start":{"line":34,"column":0},"end":{"line":34,"column":43}},"34":{"start":{"line":35,"column":0},"end":{"line":35,"column":51}},"35":{"start":{"line":36,"column":0},"end":{"line":36,"column":60}},"36":{"start":{"line":37,"column":0},"end":{"line":37,"column":20}},"37":{"start":{"line":38,"column":0},"end":{"line":38,"column":2}},"38":{"start":{"line":39,"column":0},"end":{"line":39,"column":0}},"39":{"start":{"line":40,"column":0},"end":{"line":40,"column":39}},"40":{"start":{"line":41,"column":0},"end":{"line":41,"column":46}},"41":{"start":{"line":42,"column":0},"end":{"line":42,"column":55}},"42":{"start":{"line":43,"column":0},"end":{"line":43,"column":20}},"43":{"start":{"line":44,"column":0},"end":{"line":44,"column":2}},"44":{"start":{"line":45,"column":0},"end":{"line":45,"column":0}},"45":{"start":{"line":46,"column":0},"end":{"line":46,"column":66}},"46":{"start":{"line":47,"column":0},"end":{"line":47,"column":39}},"47":{"start":{"line":48,"column":0},"end":{"line":48,"column":47}},"48":{"start":{"line":49,"column":0},"end":{"line":49,"column":81}},"49":{"start":{"line":50,"column":0},"end":{"line":50,"column":91}},"50":{"start":{"line":51,"column":0},"end":{"line":51,"column":31}},"51":{"start":{"line":52,"column":0},"end":{"line":52,"column":57}},"52":{"start":{"line":53,"column":0},"end":{"line":53,"column":20}},"53":{"start":{"line":54,"column":0},"end":{"line":54,"column":2}},"54":{"start":{"line":55,"column":0},"end":{"line":55,"column":0}},"55":{"start":{"line":56,"column":0},"end":{"line":56,"column":35}},"56":{"start":{"line":57,"column":0},"end":{"line":57,"column":54}},"57":{"start":{"line":58,"column":0},"end":{"line":58,"column":96}},"58":{"start":{"line":59,"column":0},"end":{"line":59,"column":22}},"59":{"start":{"line":60,"column":0},"end":{"line":60,"column":1}},"60":{"start":{"line":61,"column":0},"end":{"line":61,"column":0}},"61":{"start":{"line":62,"column":0},"end":{"line":62,"column":57}},"62":{"start":{"line":63,"column":0},"end":{"line":63,"column":65}},"63":{"start":{"line":64,"column":0},"end":{"line":64,"column":19}},"64":{"start":{"line":65,"column":0},"end":{"line":65,"column":14}},"65":{"start":{"line":66,"column":0},"end":{"line":66,"column":41}},"66":{"start":{"line":67,"column":0},"end":{"line":67,"column":23}},"67":{"start":{"line":68,"column":0},"end":{"line":68,"column":6}},"68":{"start":{"line":69,"column":0},"end":{"line":69,"column":54}},"69":{"start":{"line":70,"column":0},"end":{"line":70,"column":5}},"70":{"start":{"line":71,"column":0},"end":{"line":71,"column":0}},"71":{"start":{"line":72,"column":0},"end":{"line":72,"column":16}},"72":{"start":{"line":73,"column":0},"end":{"line":73,"column":51}},"73":{"start":{"line":74,"column":0},"end":{"line":74,"column":62}},"74":{"start":{"line":75,"column":0},"end":{"line":75,"column":3}},"75":{"start":{"line":76,"column":0},"end":{"line":76,"column":0}},"76":{"start":{"line":77,"column":0},"end":{"line":77,"column":20}},"77":{"start":{"line":78,"column":0},"end":{"line":78,"column":1}},"78":{"start":{"line":79,"column":0},"end":{"line":79,"column":0}},"79":{"start":{"line":80,"column":0},"end":{"line":80,"column":0}},"80":{"start":{"line":81,"column":0},"end":{"line":81,"column":31}},"81":{"start":{"line":82,"column":0},"end":{"line":82,"column":46}},"82":{"start":{"line":83,"column":0},"end":{"line":83,"column":59}},"83":{"start":{"line":84,"column":0},"end":{"line":84,"column":1}},"84":{"start":{"line":85,"column":0},"end":{"line":85,"column":0}},"85":{"start":{"line":86,"column":0},"end":{"line":86,"column":49}},"86":{"start":{"line":87,"column":0},"end":{"line":87,"column":64}},"87":{"start":{"line":88,"column":0},"end":{"line":88,"column":16}},"88":{"start":{"line":89,"column":0},"end":{"line":89,"column":47}},"89":{"start":{"line":90,"column":0},"end":{"line":90,"column":3}},"90":{"start":{"line":91,"column":0},"end":{"line":91,"column":57}},"91":{"start":{"line":92,"column":0},"end":{"line":92,"column":1}},"92":{"start":{"line":93,"column":0},"end":{"line":93,"column":0}},"93":{"start":{"line":94,"column":0},"end":{"line":94,"column":0}},"94":{"start":{"line":95,"column":0},"end":{"line":95,"column":34}},"95":{"start":{"line":96,"column":0},"end":{"line":96,"column":48}},"96":{"start":{"line":97,"column":0},"end":{"line":97,"column":91}},"97":{"start":{"line":98,"column":0},"end":{"line":98,"column":22}},"98":{"start":{"line":99,"column":0},"end":{"line":99,"column":1}},"99":{"start":{"line":100,"column":0},"end":{"line":100,"column":0}},"100":{"start":{"line":101,"column":0},"end":{"line":101,"column":48}},"101":{"start":{"line":102,"column":0},"end":{"line":102,"column":65}},"102":{"start":{"line":103,"column":0},"end":{"line":103,"column":14}},"103":{"start":{"line":104,"column":0},"end":{"line":104,"column":22}},"104":{"start":{"line":105,"column":0},"end":{"line":105,"column":5}},"105":{"start":{"line":106,"column":0},"end":{"line":106,"column":5}},"106":{"start":{"line":107,"column":0},"end":{"line":107,"column":16}},"107":{"start":{"line":108,"column":0},"end":{"line":108,"column":51}},"108":{"start":{"line":109,"column":0},"end":{"line":109,"column":66}},"109":{"start":{"line":110,"column":0},"end":{"line":110,"column":3}},"110":{"start":{"line":111,"column":0},"end":{"line":111,"column":20}},"111":{"start":{"line":112,"column":0},"end":{"line":112,"column":1}},"112":{"start":{"line":113,"column":0},"end":{"line":113,"column":43}},"113":{"start":{"line":114,"column":0},"end":{"line":114,"column":59}},"114":{"start":{"line":115,"column":0},"end":{"line":115,"column":83}},"115":{"start":{"line":116,"column":0},"end":{"line":116,"column":33}},"116":{"start":{"line":117,"column":0},"end":{"line":117,"column":5}},"117":{"start":{"line":118,"column":0},"end":{"line":118,"column":105}},"118":{"start":{"line":119,"column":0},"end":{"line":119,"column":20}},"119":{"start":{"line":120,"column":0},"end":{"line":120,"column":1}},"120":{"start":{"line":121,"column":0},"end":{"line":121,"column":0}},"121":{"start":{"line":122,"column":0},"end":{"line":122,"column":69}},"122":{"start":{"line":123,"column":0},"end":{"line":123,"column":83}},"123":{"start":{"line":124,"column":0},"end":{"line":124,"column":20}},"124":{"start":{"line":125,"column":0},"end":{"line":125,"column":70}},"125":{"start":{"line":126,"column":0},"end":{"line":126,"column":31}},"126":{"start":{"line":127,"column":0},"end":{"line":127,"column":5}},"127":{"start":{"line":128,"column":0},"end":{"line":128,"column":107}},"128":{"start":{"line":129,"column":0},"end":{"line":129,"column":20}},"129":{"start":{"line":130,"column":0},"end":{"line":130,"column":1}},"130":{"start":{"line":131,"column":0},"end":{"line":131,"column":0}},"131":{"start":{"line":132,"column":0},"end":{"line":132,"column":50}},"132":{"start":{"line":133,"column":0},"end":{"line":133,"column":74}},"133":{"start":{"line":134,"column":0},"end":{"line":134,"column":19}},"134":{"start":{"line":135,"column":0},"end":{"line":135,"column":33}},"135":{"start":{"line":136,"column":0},"end":{"line":136,"column":5}},"136":{"start":{"line":137,"column":0},"end":{"line":137,"column":81}},"137":{"start":{"line":138,"column":0},"end":{"line":138,"column":20}},"138":{"start":{"line":139,"column":0},"end":{"line":139,"column":1}},"139":{"start":{"line":140,"column":0},"end":{"line":140,"column":0}},"140":{"start":{"line":141,"column":0},"end":{"line":141,"column":52}},"141":{"start":{"line":142,"column":0},"end":{"line":142,"column":74}},"142":{"start":{"line":143,"column":0},"end":{"line":143,"column":21}},"143":{"start":{"line":144,"column":0},"end":{"line":144,"column":33}},"144":{"start":{"line":145,"column":0},"end":{"line":145,"column":5}},"145":{"start":{"line":146,"column":0},"end":{"line":146,"column":83}},"146":{"start":{"line":147,"column":0},"end":{"line":147,"column":20}},"147":{"start":{"line":148,"column":0},"end":{"line":148,"column":1}},"148":{"start":{"line":149,"column":0},"end":{"line":149,"column":0}},"149":{"start":{"line":150,"column":0},"end":{"line":150,"column":48}},"150":{"start":{"line":151,"column":0},"end":{"line":151,"column":72}},"151":{"start":{"line":152,"column":0},"end":{"line":152,"column":33}},"152":{"start":{"line":153,"column":0},"end":{"line":153,"column":5}},"153":{"start":{"line":154,"column":0},"end":{"line":154,"column":94}},"154":{"start":{"line":155,"column":0},"end":{"line":155,"column":20}},"155":{"start":{"line":156,"column":0},"end":{"line":156,"column":1}},"156":{"start":{"line":157,"column":0},"end":{"line":157,"column":0}},"157":{"start":{"line":158,"column":0},"end":{"line":158,"column":55}},"158":{"start":{"line":159,"column":0},"end":{"line":159,"column":57}},"159":{"start":{"line":160,"column":0},"end":{"line":160,"column":20}},"160":{"start":{"line":161,"column":0},"end":{"line":161,"column":70}},"161":{"start":{"line":162,"column":0},"end":{"line":162,"column":30}},"162":{"start":{"line":163,"column":0},"end":{"line":163,"column":5}},"163":{"start":{"line":164,"column":0},"end":{"line":164,"column":87}},"164":{"start":{"line":165,"column":0},"end":{"line":165,"column":20}},"165":{"start":{"line":166,"column":0},"end":{"line":166,"column":1}},"166":{"start":{"line":167,"column":0},"end":{"line":167,"column":0}},"167":{"start":{"line":168,"column":0},"end":{"line":168,"column":80}},"168":{"start":{"line":169,"column":0},"end":{"line":169,"column":66}},"169":{"start":{"line":170,"column":0},"end":{"line":170,"column":20}},"170":{"start":{"line":171,"column":0},"end":{"line":171,"column":70}},"171":{"start":{"line":172,"column":0},"end":{"line":172,"column":58}},"172":{"start":{"line":173,"column":0},"end":{"line":173,"column":5}},"173":{"start":{"line":174,"column":0},"end":{"line":174,"column":88}},"174":{"start":{"line":175,"column":0},"end":{"line":175,"column":20}},"175":{"start":{"line":176,"column":0},"end":{"line":176,"column":1}},"176":{"start":{"line":177,"column":0},"end":{"line":177,"column":0}},"177":{"start":{"line":178,"column":0},"end":{"line":178,"column":51}},"178":{"start":{"line":179,"column":0},"end":{"line":179,"column":65}},"179":{"start":{"line":180,"column":0},"end":{"line":180,"column":19}},"180":{"start":{"line":181,"column":0},"end":{"line":181,"column":14}},"181":{"start":{"line":182,"column":0},"end":{"line":182,"column":41}},"182":{"start":{"line":183,"column":0},"end":{"line":183,"column":23}},"183":{"start":{"line":184,"column":0},"end":{"line":184,"column":6}},"184":{"start":{"line":185,"column":0},"end":{"line":185,"column":38}},"185":{"start":{"line":186,"column":0},"end":{"line":186,"column":5}},"186":{"start":{"line":187,"column":0},"end":{"line":187,"column":0}},"187":{"start":{"line":188,"column":0},"end":{"line":188,"column":16}},"188":{"start":{"line":189,"column":0},"end":{"line":189,"column":51}},"189":{"start":{"line":190,"column":0},"end":{"line":190,"column":62}},"190":{"start":{"line":191,"column":0},"end":{"line":191,"column":3}},"191":{"start":{"line":192,"column":0},"end":{"line":192,"column":0}},"192":{"start":{"line":193,"column":0},"end":{"line":193,"column":85}},"193":{"start":{"line":194,"column":0},"end":{"line":194,"column":79}},"194":{"start":{"line":195,"column":0},"end":{"line":195,"column":42}},"195":{"start":{"line":196,"column":0},"end":{"line":196,"column":1}},"196":{"start":{"line":197,"column":0},"end":{"line":197,"column":0}},"197":{"start":{"line":198,"column":0},"end":{"line":198,"column":40}},"198":{"start":{"line":199,"column":0},"end":{"line":199,"column":55}},"199":{"start":{"line":200,"column":0},"end":{"line":200,"column":34}},"200":{"start":{"line":201,"column":0},"end":{"line":201,"column":5}},"201":{"start":{"line":202,"column":0},"end":{"line":202,"column":16}},"202":{"start":{"line":203,"column":0},"end":{"line":203,"column":51}},"203":{"start":{"line":204,"column":0},"end":{"line":204,"column":61}},"204":{"start":{"line":205,"column":0},"end":{"line":205,"column":3}},"205":{"start":{"line":206,"column":0},"end":{"line":206,"column":20}},"206":{"start":{"line":207,"column":0},"end":{"line":207,"column":1}},"207":{"start":{"line":208,"column":0},"end":{"line":208,"column":0}},"208":{"start":{"line":209,"column":0},"end":{"line":209,"column":45}},"209":{"start":{"line":210,"column":0},"end":{"line":210,"column":61}},"210":{"start":{"line":211,"column":0},"end":{"line":211,"column":20}},"211":{"start":{"line":212,"column":0},"end":{"line":212,"column":34}},"212":{"start":{"line":213,"column":0},"end":{"line":213,"column":5}},"213":{"start":{"line":214,"column":0},"end":{"line":214,"column":16}},"214":{"start":{"line":215,"column":0},"end":{"line":215,"column":51}},"215":{"start":{"line":216,"column":0},"end":{"line":216,"column":63}},"216":{"start":{"line":217,"column":0},"end":{"line":217,"column":3}},"217":{"start":{"line":218,"column":0},"end":{"line":218,"column":42}},"218":{"start":{"line":219,"column":0},"end":{"line":219,"column":1}},"219":{"start":{"line":220,"column":0},"end":{"line":220,"column":0}},"220":{"start":{"line":221,"column":0},"end":{"line":221,"column":38}},"221":{"start":{"line":222,"column":0},"end":{"line":222,"column":53}},"222":{"start":{"line":223,"column":0},"end":{"line":223,"column":21}},"223":{"start":{"line":224,"column":0},"end":{"line":224,"column":34}},"224":{"start":{"line":225,"column":0},"end":{"line":225,"column":5}},"225":{"start":{"line":226,"column":0},"end":{"line":226,"column":16}},"226":{"start":{"line":227,"column":0},"end":{"line":227,"column":51}},"227":{"start":{"line":228,"column":0},"end":{"line":228,"column":60}},"228":{"start":{"line":229,"column":0},"end":{"line":229,"column":3}},"229":{"start":{"line":230,"column":0},"end":{"line":230,"column":42}},"230":{"start":{"line":231,"column":0},"end":{"line":231,"column":1}}},"s":{"0":1,"1":1,"2":1,"3":1,"4":2,"5":2,"6":2,"7":2,"8":2,"9":2,"10":1,"11":1,"12":1,"13":1,"14":2,"15":2,"16":2,"17":2,"18":2,"19":2,"20":1,"21":1,"22":1,"23":1,"24":3,"25":3,"26":2,"27":2,"28":2,"29":3,"30":1,"31":1,"32":1,"33":1,"34":2,"35":2,"36":1,"37":1,"38":1,"39":1,"40":2,"41":2,"42":1,"43":1,"44":1,"45":1,"46":4,"47":4,"48":4,"49":4,"50":4,"51":4,"52":4,"53":4,"54":1,"55":1,"56":1,"57":1,"58":1,"59":1,"60":1,"61":1,"62":1,"63":1,"64":1,"65":1,"66":1,"67":1,"68":1,"69":1,"70":1,"71":1,"72":0,"73":0,"74":0,"75":1,"76":1,"77":1,"78":1,"79":1,"80":1,"81":15,"82":15,"83":15,"84":1,"85":1,"86":1,"87":1,"88":0,"89":0,"90":1,"91":1,"92":1,"93":1,"94":1,"95":1,"96":1,"97":1,"98":1,"99":1,"100":1,"101":1,"102":1,"103":1,"104":1,"105":1,"106":1,"107":0,"108":0,"109":0,"110":1,"111":1,"112":1,"113":1,"114":1,"115":1,"116":1,"117":1,"118":1,"119":1,"120":1,"121":1,"122":1,"123":1,"124":1,"125":1,"126":1,"127":1,"128":1,"129":1,"130":1,"131":1,"132":1,"133":1,"134":1,"135":1,"136":1,"137":1,"138":1,"139":1,"140":1,"141":1,"142":1,"143":1,"144":1,"145":1,"146":1,"147":1,"148":1,"149":1,"150":1,"151":1,"152":1,"153":1,"154":1,"155":1,"156":1,"157":1,"158":1,"159":1,"160":1,"161":1,"162":1,"163":1,"164":1,"165":1,"166":1,"167":1,"168":1,"169":1,"170":1,"171":1,"172":1,"173":1,"174":1,"175":1,"176":1,"177":1,"178":1,"179":1,"180":1,"181":1,"182":1,"183":1,"184":1,"185":1,"186":1,"187":1,"188":0,"189":0,"190":0,"191":1,"192":1,"193":1,"194":1,"195":1,"196":1,"197":1,"198":1,"199":1,"200":1,"201":1,"202":0,"203":0,"204":0,"205":1,"206":1,"207":1,"208":1,"209":1,"210":1,"211":1,"212":1,"213":1,"214":0,"215":0,"216":0,"217":1,"218":1,"219":1,"220":1,"221":1,"222":1,"223":1,"224":1,"225":1,"226":0,"227":0,"228":0,"229":1,"230":1},"branchMap":{"0":{"type":"branch","line":4,"loc":{"start":{"line":4,"column":28},"end":{"line":12,"column":2}},"locations":[{"start":{"line":4,"column":28},"end":{"line":12,"column":2}}]},"1":{"type":"branch","line":10,"loc":{"start":{"line":10,"column":15},"end":{"line":12,"column":2}},"locations":[{"start":{"line":10,"column":15},"end":{"line":12,"column":2}}]},"2":{"type":"branch","line":10,"loc":{"start":{"line":10,"column":58},"end":{"line":10,"column":82}},"locations":[{"start":{"line":10,"column":58},"end":{"line":10,"column":82}}]},"3":{"type":"branch","line":14,"loc":{"start":{"line":14,"column":25},"end":{"line":22,"column":2}},"locations":[{"start":{"line":14,"column":25},"end":{"line":22,"column":2}}]},"4":{"type":"branch","line":20,"loc":{"start":{"line":20,"column":15},"end":{"line":22,"column":2}},"locations":[{"start":{"line":20,"column":15},"end":{"line":22,"column":2}}]},"5":{"type":"branch","line":20,"loc":{"start":{"line":20,"column":58},"end":{"line":20,"column":75}},"locations":[{"start":{"line":20,"column":58},"end":{"line":20,"column":75}}]},"6":{"type":"branch","line":24,"loc":{"start":{"line":24,"column":32},"end":{"line":32,"column":2}},"locations":[{"start":{"line":24,"column":32},"end":{"line":32,"column":2}}]},"7":{"type":"branch","line":26,"loc":{"start":{"line":26,"column":14},"end":{"line":26,"column":51}},"locations":[{"start":{"line":26,"column":14},"end":{"line":26,"column":51}}]},"8":{"type":"branch","line":27,"loc":{"start":{"line":27,"column":-2},"end":{"line":30,"column":15}},"locations":[{"start":{"line":27,"column":-2},"end":{"line":30,"column":15}}]},"9":{"type":"branch","line":30,"loc":{"start":{"line":30,"column":15},"end":{"line":32,"column":2}},"locations":[{"start":{"line":30,"column":15},"end":{"line":32,"column":2}}]},"10":{"type":"branch","line":30,"loc":{"start":{"line":30,"column":58},"end":{"line":30,"column":85}},"locations":[{"start":{"line":30,"column":58},"end":{"line":30,"column":85}}]},"11":{"type":"branch","line":34,"loc":{"start":{"line":34,"column":30},"end":{"line":38,"column":2}},"locations":[{"start":{"line":34,"column":30},"end":{"line":38,"column":2}}]},"12":{"type":"branch","line":36,"loc":{"start":{"line":36,"column":15},"end":{"line":38,"column":2}},"locations":[{"start":{"line":36,"column":15},"end":{"line":38,"column":2}}]},"13":{"type":"branch","line":40,"loc":{"start":{"line":40,"column":26},"end":{"line":44,"column":2}},"locations":[{"start":{"line":40,"column":26},"end":{"line":44,"column":2}}]},"14":{"type":"branch","line":42,"loc":{"start":{"line":42,"column":15},"end":{"line":44,"column":2}},"locations":[{"start":{"line":42,"column":15},"end":{"line":44,"column":2}}]},"15":{"type":"branch","line":46,"loc":{"start":{"line":46,"column":27},"end":{"line":54,"column":2}},"locations":[{"start":{"line":46,"column":27},"end":{"line":54,"column":2}}]},"16":{"type":"branch","line":48,"loc":{"start":{"line":48,"column":8},"end":{"line":48,"column":19}},"locations":[{"start":{"line":48,"column":8},"end":{"line":48,"column":19}}]},"17":{"type":"branch","line":48,"loc":{"start":{"line":48,"column":21},"end":{"line":48,"column":47}},"locations":[{"start":{"line":48,"column":21},"end":{"line":48,"column":47}}]},"18":{"type":"branch","line":49,"loc":{"start":{"line":49,"column":46},"end":{"line":49,"column":81}},"locations":[{"start":{"line":49,"column":46},"end":{"line":49,"column":81}}]},"19":{"type":"branch","line":50,"loc":{"start":{"line":50,"column":58},"end":{"line":50,"column":83}},"locations":[{"start":{"line":50,"column":58},"end":{"line":50,"column":83}}]},"20":{"type":"branch","line":50,"loc":{"start":{"line":50,"column":84},"end":{"line":50,"column":88}},"locations":[{"start":{"line":50,"column":84},"end":{"line":50,"column":88}}]},"21":{"type":"branch","line":52,"loc":{"start":{"line":52,"column":15},"end":{"line":52,"column":57}},"locations":[{"start":{"line":52,"column":15},"end":{"line":52,"column":57}}]},"22":{"type":"branch","line":56,"loc":{"start":{"line":56,"column":7},"end":{"line":60,"column":1}},"locations":[{"start":{"line":56,"column":7},"end":{"line":60,"column":1}}]},"23":{"type":"branch","line":58,"loc":{"start":{"line":58,"column":17},"end":{"line":58,"column":96}},"locations":[{"start":{"line":58,"column":17},"end":{"line":58,"column":96}}]},"24":{"type":"branch","line":62,"loc":{"start":{"line":62,"column":7},"end":{"line":78,"column":1}},"locations":[{"start":{"line":62,"column":7},"end":{"line":78,"column":1}}]},"25":{"type":"branch","line":72,"loc":{"start":{"line":72,"column":15},"end":{"line":75,"column":3}},"locations":[{"start":{"line":72,"column":15},"end":{"line":75,"column":3}}]},"26":{"type":"branch","line":81,"loc":{"start":{"line":81,"column":7},"end":{"line":84,"column":1}},"locations":[{"start":{"line":81,"column":7},"end":{"line":84,"column":1}}]},"27":{"type":"branch","line":83,"loc":{"start":{"line":83,"column":15},"end":{"line":83,"column":53}},"locations":[{"start":{"line":83,"column":15},"end":{"line":83,"column":53}}]},"28":{"type":"branch","line":83,"loc":{"start":{"line":83,"column":54},"end":{"line":83,"column":58}},"locations":[{"start":{"line":83,"column":54},"end":{"line":83,"column":58}}]},"29":{"type":"branch","line":86,"loc":{"start":{"line":86,"column":7},"end":{"line":92,"column":1}},"locations":[{"start":{"line":86,"column":7},"end":{"line":92,"column":1}}]},"30":{"type":"branch","line":88,"loc":{"start":{"line":88,"column":15},"end":{"line":90,"column":3}},"locations":[{"start":{"line":88,"column":15},"end":{"line":90,"column":3}}]},"31":{"type":"branch","line":95,"loc":{"start":{"line":95,"column":7},"end":{"line":99,"column":1}},"locations":[{"start":{"line":95,"column":7},"end":{"line":99,"column":1}}]},"32":{"type":"branch","line":97,"loc":{"start":{"line":97,"column":17},"end":{"line":97,"column":91}},"locations":[{"start":{"line":97,"column":17},"end":{"line":97,"column":91}}]},"33":{"type":"branch","line":101,"loc":{"start":{"line":101,"column":7},"end":{"line":112,"column":1}},"locations":[{"start":{"line":101,"column":7},"end":{"line":112,"column":1}}]},"34":{"type":"branch","line":107,"loc":{"start":{"line":107,"column":15},"end":{"line":110,"column":3}},"locations":[{"start":{"line":107,"column":15},"end":{"line":110,"column":3}}]},"35":{"type":"branch","line":114,"loc":{"start":{"line":114,"column":7},"end":{"line":120,"column":1}},"locations":[{"start":{"line":114,"column":7},"end":{"line":120,"column":1}}]},"36":{"type":"branch","line":118,"loc":{"start":{"line":118,"column":15},"end":{"line":118,"column":105}},"locations":[{"start":{"line":118,"column":15},"end":{"line":118,"column":105}}]},"37":{"type":"branch","line":122,"loc":{"start":{"line":122,"column":7},"end":{"line":130,"column":1}},"locations":[{"start":{"line":122,"column":7},"end":{"line":130,"column":1}}]},"38":{"type":"branch","line":128,"loc":{"start":{"line":128,"column":15},"end":{"line":128,"column":107}},"locations":[{"start":{"line":128,"column":15},"end":{"line":128,"column":107}}]},"39":{"type":"branch","line":132,"loc":{"start":{"line":132,"column":7},"end":{"line":139,"column":1}},"locations":[{"start":{"line":132,"column":7},"end":{"line":139,"column":1}}]},"40":{"type":"branch","line":137,"loc":{"start":{"line":137,"column":15},"end":{"line":137,"column":81}},"locations":[{"start":{"line":137,"column":15},"end":{"line":137,"column":81}}]},"41":{"type":"branch","line":141,"loc":{"start":{"line":141,"column":7},"end":{"line":148,"column":1}},"locations":[{"start":{"line":141,"column":7},"end":{"line":148,"column":1}}]},"42":{"type":"branch","line":146,"loc":{"start":{"line":146,"column":15},"end":{"line":146,"column":83}},"locations":[{"start":{"line":146,"column":15},"end":{"line":146,"column":83}}]},"43":{"type":"branch","line":150,"loc":{"start":{"line":150,"column":7},"end":{"line":156,"column":1}},"locations":[{"start":{"line":150,"column":7},"end":{"line":156,"column":1}}]},"44":{"type":"branch","line":154,"loc":{"start":{"line":154,"column":15},"end":{"line":154,"column":94}},"locations":[{"start":{"line":154,"column":15},"end":{"line":154,"column":94}}]},"45":{"type":"branch","line":158,"loc":{"start":{"line":158,"column":7},"end":{"line":166,"column":1}},"locations":[{"start":{"line":158,"column":7},"end":{"line":166,"column":1}}]},"46":{"type":"branch","line":164,"loc":{"start":{"line":164,"column":15},"end":{"line":164,"column":87}},"locations":[{"start":{"line":164,"column":15},"end":{"line":164,"column":87}}]},"47":{"type":"branch","line":168,"loc":{"start":{"line":168,"column":7},"end":{"line":176,"column":1}},"locations":[{"start":{"line":168,"column":7},"end":{"line":176,"column":1}}]},"48":{"type":"branch","line":174,"loc":{"start":{"line":174,"column":15},"end":{"line":174,"column":88}},"locations":[{"start":{"line":174,"column":15},"end":{"line":174,"column":88}}]},"49":{"type":"branch","line":178,"loc":{"start":{"line":178,"column":7},"end":{"line":196,"column":1}},"locations":[{"start":{"line":178,"column":7},"end":{"line":196,"column":1}}]},"50":{"type":"branch","line":188,"loc":{"start":{"line":188,"column":15},"end":{"line":191,"column":3}},"locations":[{"start":{"line":188,"column":15},"end":{"line":191,"column":3}}]},"51":{"type":"branch","line":198,"loc":{"start":{"line":198,"column":7},"end":{"line":207,"column":1}},"locations":[{"start":{"line":198,"column":7},"end":{"line":207,"column":1}}]},"52":{"type":"branch","line":202,"loc":{"start":{"line":202,"column":15},"end":{"line":205,"column":3}},"locations":[{"start":{"line":202,"column":15},"end":{"line":205,"column":3}}]},"53":{"type":"branch","line":209,"loc":{"start":{"line":209,"column":7},"end":{"line":219,"column":1}},"locations":[{"start":{"line":209,"column":7},"end":{"line":219,"column":1}}]},"54":{"type":"branch","line":214,"loc":{"start":{"line":214,"column":15},"end":{"line":217,"column":3}},"locations":[{"start":{"line":214,"column":15},"end":{"line":217,"column":3}}]},"55":{"type":"branch","line":221,"loc":{"start":{"line":221,"column":7},"end":{"line":231,"column":1}},"locations":[{"start":{"line":221,"column":7},"end":{"line":231,"column":1}}]},"56":{"type":"branch","line":226,"loc":{"start":{"line":226,"column":15},"end":{"line":229,"column":3}},"locations":[{"start":{"line":226,"column":15},"end":{"line":229,"column":3}}]}},"b":{"0":[2],"1":[1],"2":[0],"3":[2],"4":[1],"5":[0],"6":[3],"7":[1],"8":[2],"9":[1],"10":[0],"11":[2],"12":[1],"13":[2],"14":[1],"15":[4],"16":[2],"17":[2],"18":[2],"19":[3],"20":[1],"21":[0],"22":[1],"23":[0],"24":[1],"25":[0],"26":[15],"27":[14],"28":[1],"29":[1],"30":[0],"31":[1],"32":[0],"33":[1],"34":[0],"35":[1],"36":[0],"37":[1],"38":[0],"39":[1],"40":[0],"41":[1],"42":[0],"43":[1],"44":[0],"45":[1],"46":[0],"47":[1],"48":[0],"49":[1],"50":[0],"51":[1],"52":[0],"53":[1],"54":[0],"55":[1],"56":[0]},"fnMap":{"0":{"name":"registerUser","decl":{"start":{"line":4,"column":28},"end":{"line":12,"column":2}},"loc":{"start":{"line":4,"column":28},"end":{"line":12,"column":2}},"line":4},"1":{"name":"loginUser","decl":{"start":{"line":14,"column":25},"end":{"line":22,"column":2}},"loc":{"start":{"line":14,"column":25},"end":{"line":22,"column":2}},"line":14},"2":{"name":"fetchCurrentUser","decl":{"start":{"line":24,"column":32},"end":{"line":32,"column":2}},"loc":{"start":{"line":24,"column":32},"end":{"line":32,"column":2}},"line":24},"3":{"name":"fetchTagGroups","decl":{"start":{"line":34,"column":30},"end":{"line":38,"column":2}},"loc":{"start":{"line":34,"column":30},"end":{"line":38,"column":2}},"line":34},"4":{"name":"fetchGames","decl":{"start":{"line":40,"column":26},"end":{"line":44,"column":2}},"loc":{"start":{"line":40,"column":26},"end":{"line":44,"column":2}},"line":40},"5":{"name":"searchGames","decl":{"start":{"line":46,"column":27},"end":{"line":54,"column":2}},"loc":{"start":{"line":46,"column":27},"end":{"line":54,"column":2}},"line":46},"6":{"name":"getGame","decl":{"start":{"line":56,"column":7},"end":{"line":60,"column":1}},"loc":{"start":{"line":56,"column":7},"end":{"line":60,"column":1}},"line":56},"7":{"name":"createReviewForGame","decl":{"start":{"line":62,"column":7},"end":{"line":78,"column":1}},"loc":{"start":{"line":62,"column":7},"end":{"line":78,"column":1}},"line":62},"8":{"name":"authHeaders","decl":{"start":{"line":81,"column":7},"end":{"line":84,"column":1}},"loc":{"start":{"line":81,"column":7},"end":{"line":84,"column":1}},"line":81},"9":{"name":"getReviewsForGame","decl":{"start":{"line":86,"column":7},"end":{"line":92,"column":1}},"loc":{"start":{"line":86,"column":7},"end":{"line":92,"column":1}},"line":86},"10":{"name":"getGames","decl":{"start":{"line":95,"column":7},"end":{"line":99,"column":1}},"loc":{"start":{"line":95,"column":7},"end":{"line":99,"column":1}},"line":95},"11":{"name":"fetchUserReviews","decl":{"start":{"line":101,"column":7},"end":{"line":112,"column":1}},"loc":{"start":{"line":101,"column":7},"end":{"line":112,"column":1}},"line":101},"12":{"name":"getAccessibilityPreferences","decl":{"start":{"line":114,"column":7},"end":{"line":120,"column":1}},"loc":{"start":{"line":114,"column":7},"end":{"line":120,"column":1}},"line":114},"13":{"name":"updateAccessibilityPreferences","decl":{"start":{"line":122,"column":7},"end":{"line":130,"column":1}},"loc":{"start":{"line":122,"column":7},"end":{"line":130,"column":1}},"line":122},"14":{"name":"followGame","decl":{"start":{"line":132,"column":7},"end":{"line":139,"column":1}},"loc":{"start":{"line":132,"column":7},"end":{"line":139,"column":1}},"line":132},"15":{"name":"unfollowGame","decl":{"start":{"line":141,"column":7},"end":{"line":148,"column":1}},"loc":{"start":{"line":141,"column":7},"end":{"line":148,"column":1}},"line":141},"16":{"name":"getFollowedGames","decl":{"start":{"line":150,"column":7},"end":{"line":156,"column":1}},"loc":{"start":{"line":150,"column":7},"end":{"line":156,"column":1}},"line":150},"17":{"name":"updateUserProfile","decl":{"start":{"line":158,"column":7},"end":{"line":166,"column":1}},"loc":{"start":{"line":158,"column":7},"end":{"line":166,"column":1}},"line":158},"18":{"name":"changeUserPassword","decl":{"start":{"line":168,"column":7},"end":{"line":176,"column":1}},"loc":{"start":{"line":168,"column":7},"end":{"line":176,"column":1}},"line":168},"19":{"name":"reportGame","decl":{"start":{"line":178,"column":7},"end":{"line":196,"column":1}},"loc":{"start":{"line":178,"column":7},"end":{"line":196,"column":1}},"line":178},"20":{"name":"getGameReports","decl":{"start":{"line":198,"column":7},"end":{"line":207,"column":1}},"loc":{"start":{"line":198,"column":7},"end":{"line":207,"column":1}},"line":198},"21":{"name":"resolveGameReport","decl":{"start":{"line":209,"column":7},"end":{"line":219,"column":1}},"loc":{"start":{"line":209,"column":7},"end":{"line":219,"column":1}},"line":209},"22":{"name":"deleteGame","decl":{"start":{"line":221,"column":7},"end":{"line":231,"column":1}},"loc":{"start":{"line":221,"column":7},"end":{"line":231,"column":1}},"line":221}},"f":{"0":2,"1":2,"2":3,"3":2,"4":2,"5":4,"6":1,"7":1,"8":15,"9":1,"10":1,"11":1,"12":1,"13":1,"14":1,"15":1,"16":1,"17":1,"18":1,"19":1,"20":1,"21":1,"22":1}}
,"C:\\Users\\c23055508\\Documents\\Frameworks assignment\\Working\\team-13-group-project\\frontend\\src\\main.jsx": {"path":"C:\\Users\\c23055508\\Documents\\Frameworks assignment\\Working\\team-13-group-project\\frontend\\src\\main.jsx","all":true,"statementMap":{"0":{"start":{"line":1,"column":0},"end":{"line":1,"column":34}},"1":{"start":{"line":2,"column":0},"end":{"line":2,"column":45}},"2":{"start":{"line":3,"column":0},"end":{"line":3,"column":20}},"3":{"start":{"line":4,"column":0},"end":{"line":4,"column":27}},"4":{"start":{"line":5,"column":0},"end":{"line":5,"column":0}},"5":{"start":{"line":6,"column":0},"end":{"line":6,"column":51}},"6":{"start":{"line":7,"column":0},"end":{"line":7,"column":14}},"7":{"start":{"line":8,"column":0},"end":{"line":8,"column":11}},"8":{"start":{"line":9,"column":0},"end":{"line":9,"column":15}},"9":{"start":{"line":10,"column":0},"end":{"line":10,"column":1}}},"s":{"0":0,"1":0,"2":0,"3":0,"4":0,"5":0,"6":0,"7":0,"8":0,"9":0},"branchMap":{"0":{"type":"branch","line":1,"loc":{"start":{"line":1,"column":0},"end":{"line":10,"column":1}},"locations":[{"start":{"line":1,"column":0},"end":{"line":10,"column":1}}]}},"b":{"0":[0]},"fnMap":{"0":{"name":"(empty-report)","decl":{"start":{"line":1,"column":0},"end":{"line":10,"column":1}},"loc":{"start":{"line":1,"column":0},"end":{"line":10,"column":1}},"line":1}},"f":{"0":0}}
,"C:\\Users\\c23055508\\Documents\\Frameworks assignment\\Working\\team-13-group-project\\frontend\\src\\settings.js": {"path":"C:\\Users\\c23055508\\Documents\\Frameworks assignment\\Working\\team-13-group-project\\frontend\\src\\settings.js","all":false,"statementMap":{"0":{"start":{"line":1,"column":0},"end":{"line":1,"column":35}},"1":{"start":{"line":2,"column":0},"end":{"line":2,"column":0}},"2":{"start":{"line":3,"column":0},"end":{"line":3,"column":25}},"3":{"start":{"line":4,"column":0},"end":{"line":4,"column":21}},"4":{"start":{"line":5,"column":0},"end":{"line":5,"column":26}},"5":{"start":{"line":6,"column":0},"end":{"line":6,"column":23}},"6":{"start":{"line":7,"column":0},"end":{"line":7,"column":21}},"7":{"start":{"line":8,"column":0},"end":{"line":8,"column":20}},"8":{"start":{"line":9,"column":0},"end":{"line":9,"column":23}},"9":{"start":{"line":10,"column":0},"end":{"line":10,"column":22}},"10":{"start":{"line":11,"column":0},"end":{"line":11,"column":19}},"11":{"start":{"line":12,"column":0},"end":{"line":12,"column":24}},"12":{"start":{"line":13,"column":0},"end":{"line":13,"column":24}},"13":{"start":{"line":14,"column":0},"end":{"line":14,"column":20}},"14":{"start":{"line":15,"column":0},"end":{"line":15,"column":17}},"15":{"start":{"line":16,"column":0},"end":{"line":16,"column":26}},"16":{"start":{"line":17,"column":0},"end":{"line":17,"column":21}},"17":{"start":{"line":18,"column":0},"end":{"line":18,"column":2}},"18":{"start":{"line":19,"column":0},"end":{"line":19,"column":0}},"19":{"start":{"line":20,"column":0},"end":{"line":20,"column":32}},"20":{"start":{"line":21,"column":0},"end":{"line":21,"column":67}},"21":{"start":{"line":22,"column":0},"end":{"line":22,"column":7}},"22":{"start":{"line":23,"column":0},"end":{"line":23,"column":51}},"23":{"start":{"line":24,"column":0},"end":{"line":24,"column":44}},"24":{"start":{"line":25,"column":0},"end":{"line":25,"column":41}},"25":{"start":{"line":26,"column":0},"end":{"line":26,"column":56}},"26":{"start":{"line":27,"column":0},"end":{"line":27,"column":91}},"27":{"start":{"line":28,"column":0},"end":{"line":28,"column":70}},"28":{"start":{"line":29,"column":0},"end":{"line":29,"column":15}},"29":{"start":{"line":30,"column":0},"end":{"line":30,"column":66}},"30":{"start":{"line":31,"column":0},"end":{"line":31,"column":34}},"31":{"start":{"line":32,"column":0},"end":{"line":32,"column":3}},"32":{"start":{"line":33,"column":0},"end":{"line":33,"column":1}},"33":{"start":{"line":34,"column":0},"end":{"line":34,"column":0}},"34":{"start":{"line":35,"column":0},"end":{"line":35,"column":41}},"35":{"start":{"line":36,"column":0},"end":{"line":36,"column":44}},"36":{"start":{"line":37,"column":0},"end":{"line":37,"column":7}},"37":{"start":{"line":38,"column":0},"end":{"line":38,"column":50}},"38":{"start":{"line":39,"column":0},"end":{"line":39,"column":63}},"39":{"start":{"line":40,"column":0},"end":{"line":40,"column":9}},"40":{"start":{"line":41,"column":0},"end":{"line":41,"column":84}},"41":{"start":{"line":42,"column":0},"end":{"line":42,"column":14}},"42":{"start":{"line":43,"column":0},"end":{"line":43,"column":18}},"43":{"start":{"line":44,"column":0},"end":{"line":44,"column":15}},"44":{"start":{"line":45,"column":0},"end":{"line":45,"column":49}},"45":{"start":{"line":46,"column":0},"end":{"line":46,"column":3}},"46":{"start":{"line":47,"column":0},"end":{"line":47,"column":1}},"47":{"start":{"line":48,"column":0},"end":{"line":48,"column":0}}},"s":{"0":1,"1":1,"2":1,"3":1,"4":1,"5":1,"6":1,"7":1,"8":1,"9":1,"10":1,"11":1,"12":1,"13":1,"14":1,"15":1,"16":1,"17":1,"18":1,"19":1,"20":11,"21":11,"22":11,"23":11,"24":11,"25":11,"26":11,"27":11,"28":11,"29":0,"30":0,"31":0,"32":11,"33":1,"34":1,"35":1,"36":1,"37":1,"38":1,"39":1,"40":1,"41":1,"42":1,"43":1,"44":0,"45":0,"46":1,"47":1},"branchMap":{"0":{"type":"branch","line":20,"loc":{"start":{"line":20,"column":7},"end":{"line":33,"column":1}},"locations":[{"start":{"line":20,"column":7},"end":{"line":33,"column":1}}]},"1":{"type":"branch","line":21,"loc":{"start":{"line":21,"column":37},"end":{"line":21,"column":67}},"locations":[{"start":{"line":21,"column":37},"end":{"line":21,"column":67}}]},"2":{"type":"branch","line":24,"loc":{"start":{"line":24,"column":14},"end":{"line":24,"column":44}},"locations":[{"start":{"line":24,"column":14},"end":{"line":24,"column":44}}]},"3":{"type":"branch","line":25,"loc":{"start":{"line":25,"column":-2},"end":{"line":25,"column":40}},"locations":[{"start":{"line":25,"column":-2},"end":{"line":25,"column":40}}]},"4":{"type":"branch","line":25,"loc":{"start":{"line":25,"column":-2},"end":{"line":25,"column":35}},"locations":[{"start":{"line":25,"column":-2},"end":{"line":25,"column":35}}]},"5":{"type":"branch","line":25,"loc":{"start":{"line":25,"column":35},"end":{"line":25,"column":40}},"locations":[{"start":{"line":25,"column":35},"end":{"line":25,"column":40}}]},"6":{"type":"branch","line":26,"loc":{"start":{"line":26,"column":31},"end":{"line":26,"column":55}},"locations":[{"start":{"line":26,"column":31},"end":{"line":26,"column":55}}]},"7":{"type":"branch","line":27,"loc":{"start":{"line":27,"column":62},"end":{"line":27,"column":90}},"locations":[{"start":{"line":27,"column":62},"end":{"line":27,"column":90}}]},"8":{"type":"branch","line":29,"loc":{"start":{"line":29,"column":4},"end":{"line":32,"column":3}},"locations":[{"start":{"line":29,"column":4},"end":{"line":32,"column":3}}]},"9":{"type":"branch","line":35,"loc":{"start":{"line":35,"column":7},"end":{"line":47,"column":1}},"locations":[{"start":{"line":35,"column":7},"end":{"line":47,"column":1}}]},"10":{"type":"branch","line":36,"loc":{"start":{"line":36,"column":37},"end":{"line":36,"column":44}},"locations":[{"start":{"line":36,"column":37},"end":{"line":36,"column":44}}]},"11":{"type":"branch","line":42,"loc":{"start":{"line":42,"column":6},"end":{"line":42,"column":14}},"locations":[{"start":{"line":42,"column":6},"end":{"line":42,"column":14}}]},"12":{"type":"branch","line":44,"loc":{"start":{"line":44,"column":4},"end":{"line":46,"column":3}},"locations":[{"start":{"line":44,"column":4},"end":{"line":46,"column":3}}]}},"b":{"0":[11],"1":[0],"2":[10],"3":[3],"4":[1],"5":[0],"6":[0],"7":[1],"8":[0],"9":[1],"10":[0],"11":[0],"12":[0]},"fnMap":{"0":{"name":"loadSettings","decl":{"start":{"line":20,"column":7},"end":{"line":33,"column":1}},"loc":{"start":{"line":20,"column":7},"end":{"line":33,"column":1}},"line":20},"1":{"name":"saveSettings","decl":{"start":{"line":35,"column":7},"end":{"line":47,"column":1}},"loc":{"start":{"line":35,"column":7},"end":{"line":47,"column":1}},"line":35}},"f":{"0":11,"1":1}}
,"C:\\Users\\c23055508\\Documents\\Frameworks assignment\\Working\\team-13-group-project\\frontend\\src\\components\\Navbar.jsx": {"path":"C:\\Users\\c23055508\\Documents\\Frameworks assignment\\Working\\team-13-group-project\\frontend\\src\\components\\Navbar.jsx","all":false,"statementMap":{"0":{"start":{"line":1,"column":0},"end":{"line":1,"column":120}},"6":{"start":{"line":7,"column":0},"end":{"line":7,"column":20}},"7":{"start":{"line":8,"column":0},"end":{"line":8,"column":45}},"8":{"start":{"line":9,"column":0},"end":{"line":9,"column":54}},"9":{"start":{"line":10,"column":0},"end":{"line":10,"column":58}},"10":{"start":{"line":11,"column":0},"end":{"line":11,"column":1}},"12":{"start":{"line":13,"column":0},"end":{"line":13,"column":33}},"13":{"start":{"line":14,"column":0},"end":{"line":14,"column":42}},"14":{"start":{"line":15,"column":0},"end":{"line":15,"column":1}},"16":{"start":{"line":17,"column":0},"end":{"line":17,"column":34}},"18":{"start":{"line":19,"column":0},"end":{"line":19,"column":90}},"19":{"start":{"line":20,"column":0},"end":{"line":20,"column":33}},"20":{"start":{"line":21,"column":0},"end":{"line":21,"column":33}},"23":{"start":{"line":24,"column":0},"end":{"line":24,"column":41}},"24":{"start":{"line":25,"column":0},"end":{"line":25,"column":45}},"25":{"start":{"line":26,"column":0},"end":{"line":26,"column":42}},"26":{"start":{"line":27,"column":0},"end":{"line":27,"column":32}},"27":{"start":{"line":28,"column":0},"end":{"line":28,"column":36}},"29":{"start":{"line":30,"column":0},"end":{"line":30,"column":19}},"30":{"start":{"line":31,"column":0},"end":{"line":31,"column":80}},"31":{"start":{"line":32,"column":0},"end":{"line":32,"column":84}},"32":{"start":{"line":33,"column":0},"end":{"line":33,"column":50}},"33":{"start":{"line":34,"column":0},"end":{"line":34,"column":59}},"34":{"start":{"line":35,"column":0},"end":{"line":35,"column":18}},"35":{"start":{"line":36,"column":0},"end":{"line":36,"column":55}},"36":{"start":{"line":37,"column":0},"end":{"line":37,"column":64}},"37":{"start":{"line":38,"column":0},"end":{"line":38,"column":6}},"38":{"start":{"line":39,"column":0},"end":{"line":39,"column":9}},"40":{"start":{"line":41,"column":0},"end":{"line":41,"column":31}},"41":{"start":{"line":42,"column":0},"end":{"line":42,"column":37}},"42":{"start":{"line":43,"column":0},"end":{"line":43,"column":30}},"43":{"start":{"line":44,"column":0},"end":{"line":44,"column":52}},"44":{"start":{"line":45,"column":0},"end":{"line":45,"column":31}},"45":{"start":{"line":46,"column":0},"end":{"line":46,"column":4}},"48":{"start":{"line":49,"column":0},"end":{"line":49,"column":19}},"49":{"start":{"line":50,"column":0},"end":{"line":50,"column":27}},"50":{"start":{"line":51,"column":0},"end":{"line":51,"column":23}},"51":{"start":{"line":52,"column":0},"end":{"line":52,"column":21}},"52":{"start":{"line":53,"column":0},"end":{"line":53,"column":13}},"53":{"start":{"line":54,"column":0},"end":{"line":54,"column":5}},"55":{"start":{"line":56,"column":0},"end":{"line":56,"column":38}},"56":{"start":{"line":57,"column":0},"end":{"line":57,"column":11}},"57":{"start":{"line":58,"column":0},"end":{"line":58,"column":34}},"58":{"start":{"line":59,"column":0},"end":{"line":59,"column":49}},"59":{"start":{"line":60,"column":0},"end":{"line":60,"column":100}},"60":{"start":{"line":61,"column":0},"end":{"line":61,"column":45}},"61":{"start":{"line":62,"column":0},"end":{"line":62,"column":10}},"62":{"start":{"line":63,"column":0},"end":{"line":63,"column":54}},"63":{"start":{"line":64,"column":0},"end":{"line":64,"column":38}},"64":{"start":{"line":65,"column":0},"end":{"line":65,"column":25}},"65":{"start":{"line":66,"column":0},"end":{"line":66,"column":22}},"66":{"start":{"line":67,"column":0},"end":{"line":67,"column":19}},"67":{"start":{"line":68,"column":0},"end":{"line":68,"column":38}},"68":{"start":{"line":69,"column":0},"end":{"line":69,"column":25}},"69":{"start":{"line":70,"column":0},"end":{"line":70,"column":9}},"70":{"start":{"line":71,"column":0},"end":{"line":71,"column":7}},"71":{"start":{"line":72,"column":0},"end":{"line":72,"column":12}},"73":{"start":{"line":74,"column":0},"end":{"line":74,"column":33}},"74":{"start":{"line":75,"column":0},"end":{"line":75,"column":14}},"76":{"start":{"line":77,"column":0},"end":{"line":77,"column":19}},"77":{"start":{"line":78,"column":0},"end":{"line":78,"column":26}},"78":{"start":{"line":79,"column":0},"end":{"line":79,"column":40}},"79":{"start":{"line":80,"column":0},"end":{"line":80,"column":67}},"80":{"start":{"line":81,"column":0},"end":{"line":81,"column":6}},"81":{"start":{"line":82,"column":0},"end":{"line":82,"column":46}},"82":{"start":{"line":83,"column":0},"end":{"line":83,"column":62}},"83":{"start":{"line":84,"column":0},"end":{"line":84,"column":9}},"85":{"start":{"line":86,"column":0},"end":{"line":86,"column":37}},"86":{"start":{"line":87,"column":0},"end":{"line":87,"column":23}},"87":{"start":{"line":88,"column":0},"end":{"line":88,"column":27}},"88":{"start":{"line":89,"column":0},"end":{"line":89,"column":19}},"89":{"start":{"line":90,"column":0},"end":{"line":90,"column":19}},"90":{"start":{"line":91,"column":0},"end":{"line":91,"column":51}},"91":{"start":{"line":92,"column":0},"end":{"line":92,"column":4}},"93":{"start":{"line":94,"column":0},"end":{"line":94,"column":10}},"94":{"start":{"line":95,"column":0},"end":{"line":95,"column":82}},"95":{"start":{"line":96,"column":0},"end":{"line":96,"column":62}},"96":{"start":{"line":97,"column":0},"end":{"line":97,"column":73}},"98":{"start":{"line":99,"column":0},"end":{"line":99,"column":81}},"99":{"start":{"line":100,"column":0},"end":{"line":100,"column":141}},"100":{"start":{"line":101,"column":0},"end":{"line":101,"column":95}},"101":{"start":{"line":102,"column":0},"end":{"line":102,"column":95}},"102":{"start":{"line":103,"column":0},"end":{"line":103,"column":31}},"103":{"start":{"line":104,"column":0},"end":{"line":104,"column":16}},"106":{"start":{"line":107,"column":0},"end":{"line":107,"column":86}},"107":{"start":{"line":108,"column":0},"end":{"line":108,"column":56}},"108":{"start":{"line":109,"column":0},"end":{"line":109,"column":18}},"109":{"start":{"line":110,"column":0},"end":{"line":110,"column":43}},"110":{"start":{"line":111,"column":0},"end":{"line":111,"column":99}},"111":{"start":{"line":112,"column":0},"end":{"line":112,"column":38}},"112":{"start":{"line":113,"column":0},"end":{"line":113,"column":16}},"113":{"start":{"line":114,"column":0},"end":{"line":114,"column":18}},"114":{"start":{"line":115,"column":0},"end":{"line":115,"column":60}},"115":{"start":{"line":116,"column":0},"end":{"line":116,"column":80}},"116":{"start":{"line":117,"column":0},"end":{"line":117,"column":18}},"117":{"start":{"line":118,"column":0},"end":{"line":118,"column":33}},"118":{"start":{"line":119,"column":0},"end":{"line":119,"column":34}},"119":{"start":{"line":120,"column":0},"end":{"line":120,"column":40}},"120":{"start":{"line":121,"column":0},"end":{"line":121,"column":86}},"121":{"start":{"line":122,"column":0},"end":{"line":122,"column":62}},"122":{"start":{"line":123,"column":0},"end":{"line":123,"column":20}},"123":{"start":{"line":124,"column":0},"end":{"line":124,"column":66}},"125":{"start":{"line":126,"column":0},"end":{"line":126,"column":29}},"126":{"start":{"line":127,"column":0},"end":{"line":127,"column":20}},"127":{"start":{"line":128,"column":0},"end":{"line":128,"column":17}},"128":{"start":{"line":129,"column":0},"end":{"line":129,"column":18}},"131":{"start":{"line":132,"column":0},"end":{"line":132,"column":16}},"132":{"start":{"line":133,"column":0},"end":{"line":133,"column":32}},"133":{"start":{"line":134,"column":0},"end":{"line":134,"column":77}},"134":{"start":{"line":135,"column":0},"end":{"line":135,"column":87}},"136":{"start":{"line":137,"column":0},"end":{"line":137,"column":64}},"137":{"start":{"line":138,"column":0},"end":{"line":138,"column":22}},"138":{"start":{"line":139,"column":0},"end":{"line":139,"column":31}},"139":{"start":{"line":140,"column":0},"end":{"line":140,"column":60}},"140":{"start":{"line":141,"column":0},"end":{"line":141,"column":65}},"141":{"start":{"line":142,"column":0},"end":{"line":142,"column":47}},"142":{"start":{"line":143,"column":0},"end":{"line":143,"column":43}},"143":{"start":{"line":144,"column":0},"end":{"line":144,"column":132}},"144":{"start":{"line":145,"column":0},"end":{"line":145,"column":18}},"145":{"start":{"line":146,"column":0},"end":{"line":146,"column":21}},"146":{"start":{"line":147,"column":0},"end":{"line":147,"column":46}},"147":{"start":{"line":148,"column":0},"end":{"line":148,"column":150}},"148":{"start":{"line":149,"column":0},"end":{"line":149,"column":56}},"149":{"start":{"line":150,"column":0},"end":{"line":150,"column":39}},"150":{"start":{"line":151,"column":0},"end":{"line":151,"column":91}},"151":{"start":{"line":152,"column":0},"end":{"line":152,"column":116}},"152":{"start":{"line":153,"column":0},"end":{"line":153,"column":72}},"153":{"start":{"line":154,"column":0},"end":{"line":154,"column":48}},"154":{"start":{"line":155,"column":0},"end":{"line":155,"column":109}},"156":{"start":{"line":157,"column":0},"end":{"line":157,"column":28}},"157":{"start":{"line":158,"column":0},"end":{"line":158,"column":27}},"158":{"start":{"line":159,"column":0},"end":{"line":159,"column":23}},"159":{"start":{"line":160,"column":0},"end":{"line":160,"column":23}},"160":{"start":{"line":161,"column":0},"end":{"line":161,"column":22}},"162":{"start":{"line":163,"column":0},"end":{"line":163,"column":18}},"163":{"start":{"line":164,"column":0},"end":{"line":164,"column":16}},"166":{"start":{"line":167,"column":0},"end":{"line":167,"column":117}},"168":{"start":{"line":169,"column":0},"end":{"line":169,"column":72}},"169":{"start":{"line":170,"column":0},"end":{"line":170,"column":35}},"170":{"start":{"line":171,"column":0},"end":{"line":171,"column":18}},"171":{"start":{"line":172,"column":0},"end":{"line":172,"column":33}},"172":{"start":{"line":173,"column":0},"end":{"line":173,"column":40}},"173":{"start":{"line":174,"column":0},"end":{"line":174,"column":50}},"174":{"start":{"line":175,"column":0},"end":{"line":175,"column":62}},"175":{"start":{"line":176,"column":0},"end":{"line":176,"column":20}},"176":{"start":{"line":177,"column":0},"end":{"line":177,"column":17}},"178":{"start":{"line":179,"column":0},"end":{"line":179,"column":20}},"180":{"start":{"line":181,"column":0},"end":{"line":181,"column":80}},"181":{"start":{"line":182,"column":0},"end":{"line":182,"column":18}},"182":{"start":{"line":183,"column":0},"end":{"line":183,"column":33}},"183":{"start":{"line":184,"column":0},"end":{"line":184,"column":34}},"184":{"start":{"line":185,"column":0},"end":{"line":185,"column":40}},"185":{"start":{"line":186,"column":0},"end":{"line":186,"column":86}},"186":{"start":{"line":187,"column":0},"end":{"line":187,"column":62}},"187":{"start":{"line":188,"column":0},"end":{"line":188,"column":20}},"188":{"start":{"line":189,"column":0},"end":{"line":189,"column":66}},"190":{"start":{"line":191,"column":0},"end":{"line":191,"column":29}},"191":{"start":{"line":192,"column":0},"end":{"line":192,"column":20}},"192":{"start":{"line":193,"column":0},"end":{"line":193,"column":17}},"193":{"start":{"line":194,"column":0},"end":{"line":194,"column":18}},"195":{"start":{"line":196,"column":0},"end":{"line":196,"column":53}},"196":{"start":{"line":197,"column":0},"end":{"line":197,"column":25}},"197":{"start":{"line":198,"column":0},"end":{"line":198,"column":46}},"198":{"start":{"line":199,"column":0},"end":{"line":199,"column":103}},"200":{"start":{"line":201,"column":0},"end":{"line":201,"column":77}},"201":{"start":{"line":202,"column":0},"end":{"line":202,"column":27}},"202":{"start":{"line":203,"column":0},"end":{"line":203,"column":139}},"203":{"start":{"line":204,"column":0},"end":{"line":204,"column":36}},"204":{"start":{"line":205,"column":0},"end":{"line":205,"column":20}},"205":{"start":{"line":206,"column":0},"end":{"line":206,"column":30}},"206":{"start":{"line":207,"column":0},"end":{"line":207,"column":121}},"207":{"start":{"line":208,"column":0},"end":{"line":208,"column":31}},"208":{"start":{"line":209,"column":0},"end":{"line":209,"column":30}},"209":{"start":{"line":210,"column":0},"end":{"line":210,"column":152}},"210":{"start":{"line":211,"column":0},"end":{"line":211,"column":31}},"211":{"start":{"line":212,"column":0},"end":{"line":212,"column":21}},"213":{"start":{"line":214,"column":0},"end":{"line":214,"column":20}},"214":{"start":{"line":215,"column":0},"end":{"line":215,"column":30}},"215":{"start":{"line":216,"column":0},"end":{"line":216,"column":113}},"216":{"start":{"line":217,"column":0},"end":{"line":217,"column":31}},"217":{"start":{"line":218,"column":0},"end":{"line":218,"column":30}},"218":{"start":{"line":219,"column":0},"end":{"line":219,"column":115}},"219":{"start":{"line":220,"column":0},"end":{"line":220,"column":31}},"220":{"start":{"line":221,"column":0},"end":{"line":221,"column":21}},"222":{"start":{"line":223,"column":0},"end":{"line":223,"column":26}},"223":{"start":{"line":224,"column":0},"end":{"line":224,"column":19}},"224":{"start":{"line":225,"column":0},"end":{"line":225,"column":16}},"2
[...]
44":195,"245":195,"246":195,"247":195,"248":195,"250":195,"251":195,"252":195,"253":195,"254":195,"255":195,"256":195,"257":195,"259":195,"260":195,"261":195,"262":195,"263":0,"264":0,"265":0,"266":0,"268":0,"269":0,"270":0,"271":0,"272":0,"273":0,"274":0,"275":0,"276":0,"278":195,"279":195,"280":195,"281":195,"282":195,"283":195,"284":195,"285":195,"286":195,"287":195,"288":195,"289":195,"290":195,"291":195,"292":195,"293":195,"294":195,"295":195,"296":195,"297":195,"298":195,"299":195,"300":195,"301":195,"302":195,"303":195,"304":195,"305":195,"306":195,"307":195,"308":195,"309":195,"310":195,"311":195,"312":195,"313":195,"314":195,"315":195,"316":195,"317":195,"318":195,"319":195,"320":195,"321":195,"322":195,"323":195,"324":195,"325":195,"327":195,"328":195,"329":195,"330":195,"332":195},"branchMap":{"0":{"type":"branch","line":6,"loc":{"start":{"line":6,"column":0},"end":{"line":333,"column":1}},"locations":[{"start":{"line":6,"column":0},"end":{"line":333,"column":1}}]},"1":{"type":"branch","line":260,"loc":{"start":{"line":260,"column":13},"end":{"line":260,"column":52}},"locations":[{"start":{"line":260,"column":13},"end":{"line":260,"column":52}}]},"2":{"type":"branch","line":263,"loc":{"start":{"line":263,"column":9},"end":{"line":277,"column":20}},"locations":[{"start":{"line":263,"column":9},"end":{"line":277,"column":20}}]},"3":{"type":"branch","line":279,"loc":{"start":{"line":279,"column":9},"end":{"line":279,"column":70}},"locations":[{"start":{"line":279,"column":9},"end":{"line":279,"column":70}}]},"4":{"type":"branch","line":328,"loc":{"start":{"line":328,"column":11},"end":{"line":328,"column":45}},"locations":[{"start":{"line":328,"column":11},"end":{"line":328,"column":45}}]},"5":{"type":"branch","line":328,"loc":{"start":{"line":328,"column":21},"end":{"line":328,"column":62}},"locations":[{"start":{"line":328,"column":21},"end":{"line":328,"column":62}}]},"6":{"type":"branch","line":22,"loc":{"start":{"line":22,"column":19},"end":{"line":43,"column":4}},"locations":[{"start":{"line":22,"column":19},"end":{"line":43,"column":4}}]},"7":{"type":"branch","line":25,"loc":{"start":{"line":25,"column":30},"end":{"line":28,"column":5}},"locations":[{"start":{"line":25,"column":30},"end":{"line":28,"column":5}}]},"8":{"type":"branch","line":28,"loc":{"start":{"line":28,"column":4},"end":{"line":31,"column":70}},"locations":[{"start":{"line":28,"column":4},"end":{"line":31,"column":70}}]},"9":{"type":"branch","line":31,"loc":{"start":{"line":31,"column":68},"end":{"line":32,"column":17}},"locations":[{"start":{"line":31,"column":68},"end":{"line":32,"column":17}}]},"10":{"type":"branch","line":32,"loc":{"start":{"line":32,"column":17},"end":{"line":35,"column":7}},"locations":[{"start":{"line":32,"column":17},"end":{"line":35,"column":7}}]},"11":{"type":"branch","line":35,"loc":{"start":{"line":35,"column":6},"end":{"line":38,"column":13}},"locations":[{"start":{"line":35,"column":6},"end":{"line":38,"column":13}}]},"12":{"type":"branch","line":38,"loc":{"start":{"line":38,"column":4},"end":{"line":40,"column":6}},"locations":[{"start":{"line":38,"column":4},"end":{"line":40,"column":6}}]},"13":{"type":"branch","line":39,"loc":{"start":{"line":39,"column":19},"end":{"line":39,"column":51}},"locations":[{"start":{"line":39,"column":19},"end":{"line":39,"column":51}}]},"14":{"type":"branch","line":40,"loc":{"start":{"line":40,"column":4},"end":{"line":42,"column":5}},"locations":[{"start":{"line":40,"column":4},"end":{"line":42,"column":5}}]},"15":{"type":"branch","line":45,"loc":{"start":{"line":45,"column":12},"end":{"line":166,"column":5}},"locations":[{"start":{"line":45,"column":12},"end":{"line":166,"column":5}}]},"16":{"type":"branch","line":46,"loc":{"start":{"line":46,"column":20},"end":{"line":163,"column":6}},"locations":[{"start":{"line":46,"column":20},"end":{"line":163,"column":6}}]},"17":{"type":"branch","line":47,"loc":{"start":{"line":47,"column":23},"end":{"line":47,"column":36}},"locations":[{"start":{"line":47,"column":23},"end":{"line":47,"column":36}}]},"18":{"type":"branch","line":48,"loc":{"start":{"line":48,"column":38},"end":{"line":53,"column":7}},"locations":[{"start":{"line":48,"column":38},"end":{"line":53,"column":7}}]},"19":{"type":"branch","line":54,"loc":{"start":{"line":54,"column":34},"end":{"line":54,"column":41}},"locations":[{"start":{"line":54,"column":34},"end":{"line":54,"column":41}}]},"20":{"type":"branch","line":54,"loc":{"start":{"line":54,"column":34},"end":{"line":55,"column":51}},"locations":[{"start":{"line":54,"column":34},"end":{"line":55,"column":51}}]},"21":{"type":"branch","line":55,"loc":{"start":{"line":55,"column":51},"end":{"line":55,"column":58}},"locations":[{"start":{"line":55,"column":51},"end":{"line":55,"column":58}}]},"22":{"type":"branch","line":55,"loc":{"start":{"line":55,"column":51},"end":{"line":57,"column":41}},"locations":[{"start":{"line":55,"column":51},"end":{"line":57,"column":41}}]},"23":{"type":"branch","line":57,"loc":{"start":{"line":57,"column":41},"end":{"line":86,"column":7}},"locations":[{"start":{"line":57,"column":41},"end":{"line":86,"column":7}}]},"24":{"type":"branch","line":59,"loc":{"start":{"line":59,"column":29},"end":{"line":59,"column":41}},"locations":[{"start":{"line":59,"column":29},"end":{"line":59,"column":41}}]},"25":{"type":"branch","line":61,"loc":{"start":{"line":61,"column":10},"end":{"line":65,"column":18}},"locations":[{"start":{"line":61,"column":10},"end":{"line":65,"column":18}}]},"26":{"type":"branch","line":66,"loc":{"start":{"line":66,"column":10},"end":{"line":66,"column":23}},"locations":[{"start":{"line":66,"column":10},"end":{"line":66,"column":23}}]},"27":{"type":"branch","line":67,"loc":{"start":{"line":67,"column":10},"end":{"line":71,"column":18}},"locations":[{"start":{"line":67,"column":10},"end":{"line":71,"column":18}}]},"28":{"type":"branch","line":72,"loc":{"start":{"line":72,"column":10},"end":{"line":76,"column":18}},"locations":[{"start":{"line":72,"column":10},"end":{"line":76,"column":18}}]},"29":{"type":"branch","line":77,"loc":{"start":{"line":77,"column":10},"end":{"line":81,"column":18}},"locations":[{"start":{"line":77,"column":10},"end":{"line":81,"column":18}}]},"30":{"type":"branch","line":82,"loc":{"start":{"line":82,"column":10},"end":{"line":83,"column":18}},"locations":[{"start":{"line":82,"column":10},"end":{"line":83,"column":18}}]},"31":{"type":"branch","line":86,"loc":{"start":{"line":86,"column":6},"end":{"line":88,"column":37}},"locations":[{"start":{"line":86,"column":6},"end":{"line":88,"column":37}}]},"32":{"type":"branch","line":88,"loc":{"start":{"line":88,"column":37},"end":{"line":114,"column":36}},"locations":[{"start":{"line":88,"column":37},"end":{"line":114,"column":36}}]},"33":{"type":"branch","line":91,"loc":{"start":{"line":91,"column":10},"end":{"line":94,"column":18}},"locations":[{"start":{"line":91,"column":10},"end":{"line":94,"column":18}}]},"34":{"type":"branch","line":95,"loc":{"start":{"line":95,"column":10},"end":{"line":95,"column":23}},"locations":[{"start":{"line":95,"column":10},"end":{"line":95,"column":23}}]},"35":{"type":"branch","line":96,"loc":{"start":{"line":96,"column":10},"end":{"line":99,"column":18}},"locations":[{"start":{"line":96,"column":10},"end":{"line":99,"column":18}}]},"36":{"type":"branch","line":100,"loc":{"start":{"line":100,"column":10},"end":{"line":103,"column":18}},"locations":[{"start":{"line":100,"column":10},"end":{"line":103,"column":18}}]},"37":{"type":"branch","line":104,"loc":{"start":{"line":104,"column":10},"end":{"line":107,"column":18}},"locations":[{"start":{"line":104,"column":10},"end":{"line":107,"column":18}}]},"38":{"type":"branch","line":108,"loc":{"start":{"line":108,"column":10},"end":{"line":109,"column":18}},"locations":[{"start":{"line":108,"column":10},"end":{"line":109,"column":18}}]},"39":{"type":"branch","line":114,"loc":{"start":{"line":114,"column":36},"end":{"line":142,"column":7}},"locations":[{"start":{"line":114,"column":36},"end":{"line":142,"column":7}}]},"40":{"type":"branch","line":116,"loc":{"start":{"line":116,"column":29},"end":{"line":116,"column":41}},"locations":[{"start":{"line":116,"column":29},"end":{"line":116,"column":41}}]},"41":{"type":"branch","line":119,"loc":{"start":{"line":119,"column":21},"end":{"line":124,"column":9}},"locations":[{"start":{"line":119,"column":21},"end":{"line":124,"column":9}}]},"42":{"type":"branch","line":126,"loc":{"start":{"line":126,"column":10},"end":{"line":128,"column":18}},"locations":[{"start":{"line":126,"column":10},"end":{"line":128,"column":18}}]},"43":{"type":"branch","line":132,"loc":{"start":{"line":132,"column":10},"end":{"line":134,"column":18}},"locations":[{"start":{"line":132,"column":10},"end":{"line":134,"column":18}}]},"44":{"type":"branch","line":135,"loc":{"start":{"line":135,"column":10},"end":{"line":137,"column":18}},"locations":[{"start":{"line":135,"column":10},"end":{"line":137,"column":18}}]},"45":{"type":"branch","line":138,"loc":{"start":{"line":138,"column":10},"end":{"line":139,"column":18}},"locations":[{"start":{"line":138,"column":10},"end":{"line":139,"column":18}}]},"46":{"type":"branch","line":142,"loc":{"start":{"line":142,"column":6},"end":{"line":144,"column":38}},"locations":[{"start":{"line":142,"column":6},"end":{"line":144,"column":38}}]},"47":{"type":"branch","line":144,"loc":{"start":{"line":144,"column":38},"end":{"line":162,"column":7}},"locations":[{"start":{"line":144,"column":38},"end":{"line":162,"column":7}}]},"48":{"type":"branch","line":148,"loc":{"start":{"line":148,"column":8},"end":{"line":150,"column":9}},"locations":[{"start":{"line":148,"column":8},"end":{"line":150,"column":9}}]},"49":{"type":"branch","line":165,"loc":{"start":{"line":165,"column":11},"end":{"line":165,"column":69}},"locations":[{"start":{"line":165,"column":11},"end":{"line":165,"column":69}}]},"50":{"type":"branch","line":168,"loc":{"start":{"line":168,"column":24},"end":{"line":192,"column":4}},"locations":[{"start":{"line":168,"column":24},"end":{"line":192,"column":4}}]},"51":{"type":"branch","line":177,"loc":{"start":{"line":177,"column":41},"end":{"line":177,"column":71}},"locations":[{"start":{"line":177,"column":41},"end":{"line":177,"column":71}}]},"52":{"type":"branch","line":178,"loc":{"start":{"line":178,"column":17},"end":{"line":178,"column":24}},"locations":[{"start":{"line":178,"column":17},"end":{"line":178,"column":24}}]},"53":{"type":"branch","line":185,"loc":{"start":{"line":185,"column":31},"end":{"line":185,"column":67}},"locations":[{"start":{"line":185,"column":31},"end":{"line":185,"column":67}}]},"54":{"type":"branch","line":187,"loc":{"start":{"line":187,"column":31},"end":{"line":187,"column":67}},"locations":[{"start":{"line":187,"column":31},"end":{"line":187,"column":67}}]},"55":{"type":"branch","line":188,"loc":{"start":{"line":188,"column":30},"end":{"line":188,"column":65}},"locations":[{"start":{"line":188,"column":30},"end":{"line":188,"column":65}}]},"56":{"type":"branch","line":169,"loc":{"start":{"line":169,"column":27},"end":{"line":176,"column":6}},"locations":[{"start":{"line":169,"column":27},"end":{"line":176,"column":6}}]},"57":{"type":"branch","line":170,"loc":{"start":{"line":170,"column":17},"end":{"line":170,"column":30}},"locations":[{"start":{"line":170,"column":17},"end":{"line":170,"column":30}}]},"58":{"type":"branch","line":171,"loc":{"start":{"line":171,"column":30},"end":{"line":171,"column":48}},"locations":[{"start":{"line":171,"column":30},"end":{"line":171,"column":48}}]},"59":{"type":"branch","line":172,"loc":{"start":{"line":172,"column":47},"end":{"line":172,"column":62}},"locations":[{"start":{"line":172,"column":47},"end":{"line":172,"column":62}}]},"60":{"type":"branch","line":173,"loc":{"start":{"line":173,"column":28},"end":{"line":173,"column":46}},"locations":[{"start":{"line":173,"column":28},"end":{"line":173,"column":46}}]},"61":{"type":"branch","line":174,"loc":{"start":{"line":174,"column":27},"end":{"line":174,"column":44}},"locations":[{"start":{"line":174,"column":27},"end":{"line":174,"column":44}}]},"62":{"type":"branch","line":179,"loc":{"start":{"line":179,"column":19},"end":{"line":184,"column":6}},"locations":[{"start":{"line":179,"column":19},"end":{"line":184,"column":6}}]},"63":{"type":"branch","line":180,"loc":{"start":{"line":180,"column":24},"end":{"line":180,"column":37}},"locations":[{"start":{"line":180,"column":24},"end":{"line":180,"column":37}}]},"64":{"type":"branch","line":181,"loc":{"start":{"line":181,"column":29},"end":{"line":181,"column":96}},"locations":[{"start":{"line":181,"column":29},"end":{"line":181,"column":96}}]},"65":{"type":"branch","line":186,"loc":{"start":{"line":186,"column":37},"end":{"line":186,"column":59}},"locations":[{"start":{"line":186,"column":37},"end":{"line":186,"column":59}}]},"66":{"type":"branch","line":205,"loc":{"start":{"line":205,"column":12},"end":{"line":242,"column":5}},"locations":[{"start":{"line":205,"column":12},"end":{"line":242,"column":5}}]},"67":{"type":"branch","line":206,"loc":{"start":{"line":206,"column":20},"end":{"line":239,"column":6}},"locations":[{"start":{"line":206,"column":20},"end":{"line":239,"column":6}}]},"68":{"type":"branch","line":207,"loc":{"start":{"line":207,"column":23},"end":{"line":207,"column":36}},"locations":[{"start":{"line":207,"column":23},"end":{"line":207,"column":36}}]},"69":{"type":"branch","line":208,"loc":{"start":{"line":208,"column":35},"end":{"line":208,"column":42}},"locations":[{"start":{"line":208,"column":35},"end":{"line":208,"column":42}}]},"70":{"type":"branch","line":208,"loc":{"start":{"line":208,"column":35},"end":{"line":209,"column":37}},"locations":[{"start":{"line":208,"column":35},"end":{"line":209,"column":37}}]},"71":{"type":"branch","line":209,"loc":{"start":{"line":209,"column":37},"end":{"line":231,"column":7}},"locations":[{"start":{"line":209,"column":37},"end":{"line":231,"column":7}}]},"72":{"type":"branch","line":210,"loc":{"start":{"line":210,"column":30},"end":{"line":210,"column":43}},"locations":[{"start":{"line":210,"column":30},"end":{"line":210,"column":43}}]},"73":{"type":"branch","line":211,"loc":{"start":{"line":211,"column":34},"end":{"line":214,"column":19}},"locations":[{"start":{"line":211,"column":34},"end":{"line":214,"column":19}}]},"74":{"type":"branch","line":214,"loc":{"start":{"line":214,"column":29},"end":{"line":214,"column":66}},"locations":[{"start":{"line":214,"column":29},"end":{"line":214,"column":66}}]},"75":{"type":"branch","line":214,"loc":{"start":{"line":214,"column":50},"end":{"line":214,"column":85}},"locations":[{"start":{"line":214,"column":50},"end":{"line":214,"column":85}}]},"76":{"type":"branch","line":217,"loc":{"start":{"line":217,"column":8},"end":{"line":223,"column":9}},"locations":[{"start":{"line":217,"column":8},"end":{"line":223,"column":9}}]},"77":{"type":"branch","line":231,"loc":{"start":{"line":231,"column":6},"end":{"line":232,"column":36}},"locations":[{"start":{"line":231,"column":6},"end":{"line":232,"column":36}}]},"78":{"type":"branch","line":232,"loc":{"start":{"line":232,"column":36},"end":{"line":235,"column":7}},"locations":[{"start":{"line":232,"column":36},"end":{"line":235,"column":7}}]},"79":{"type":"branch","line":235,"loc":{"start":{"line":235,"column":6},"end":{"line":236,"column":40}},"locations":[{"start":{"line":235,"column":6},"end":{"line":236,"column":40}}]},"80":{"type":"branch","line":236,"loc":{"start":{"line":236,"column":28},"end":{"line":236,"column":67}},"locations":[{"start":{"line":236,"column":28},"end":{"line":236,"column":67}}]},"81":{"type":"branch","line":236,"loc":{"start":{"line":236,"column":67},"end":{"line":238,"column":7}},"locations":[{"start":{"line":236,"column":67},"end":{"line":238,"column":7}}]},"82":{"type":"branch","line":241,"loc":{"start":{"line":241,"column":11},"end":{"line":241,"column":69}},"locations":[{"start":{"line":241,"column":11},"end":{"line":241,"column":69}}]},"83":{"type":"branch","line":285,"loc":{"start":{"line":285,"column":22},"end":{"line":285,"column":57}},"locations":[{"start":{"line":285,"column":22},"end":{"line":285,"column":57}}]},"84":{"type":"branch","line":296,"loc":{"start":{"line":296,"column":22},"end":{"line":296,"column":54}},"locations":[{"start":{"line":296,"column":22},"end":{"line":296,"column":54}}]},"85":{"type":"branch","line":307,"loc":{"start":{"line":307,"column":22},"end":{"line":307,"column":57}},"locations":[{"start":{"line":307,"column":22},"end":{"line":307,"column":57}}]},"86":{"type":"branch","line":318,"loc":{"start":{"line":318,"column":22},"end":{"line":318,"column":56}},"locations":[{"start":{"line":318,"column":22},"end":{"line":318,"column":56}}]}},"b":{"0":[195],"1":[0],"2":[0],"3":[13],"4":[21],"5":[174],"6":[25],"7":[4],"8":[21],"9":[12],"10":[11],"11":[12],"12":[7],"13":[1],"14":[19],"15":[35],"16":[12],"17":[0],"18":[0],"19":[4],"20":[8],"21":[0],"22":[8],"23":[2],"24":[0],"25":[1],"26":[0],"27":[1],"28":[0],"29":[0],"30":[0],"31":[6],"32":[3],"33":[0],"34":[1],"35":[1],"36":[1],"37":[1],"38":[0],"39":[1],"40":[0],"41":[0],"42":[0],"43":[0],"44":[0],"45":[0],"46":[2],"47":[1],"48":[0],"49":[35],"50":[2],"51":[0],"52":[0],"53":[0],"54":[0],"55":[0],"56":[2],"57":[0],"58":[0],"59":[0],"60":[0],"61":[0],"62":[2],"63":[0],"64":[0],"65":[2],"66":[35],"67":[12],"68":[0],"69":[8],"70":[4],"71":[1],"72":[0],"73":[0],"74":[0],"75":[0],"76":[0],"77":[3],"78":[1],"79":[2],"80":[0],"81":[2],"82":[35],"83":[29],"84":[28],"85":[28],"86":[27]},"fnMap":{"0":{"name":"Signup","decl":{"start":{"line":6,"column":0},"end":{"line":333,"column":1}},"loc":{"start":{"line":6,"column":0},"end":{"line":333,"column":1}},"line":6},"1":{"name":"onSubmit","decl":{"start":{"line":22,"column":19},"end":{"line":43,"column":4}},"loc":{"start":{"line":22,"column":19},"end":{"line":43,"column":4}},"line":22},"2":{"name":"onVoice","decl":{"start":{"line":46,"column":20},"end":{"line":163,"column":6}},"loc":{"start":{"line":46,"column":20},"end":{"line":163,"column":6}},"line":46},"3":{"name":"preventDefault","decl":{"start":{"line":149,"column":37},"end":{"line":149,"column":46}},"loc":{"start":{"line":149,"column":37},"end":{"line":149,"column":46}},"line":149},"4":{"name":"applySpelling","decl":{"start":{"line":168,"column":24},"end":{"line":192,"column":4}},"loc":{"start":{"line":168,"column":24},"end":{"line":192,"column":4}},"line":168},"5":{"name":"normalizeField","decl":{"start":{"line":169,"column":27},"end":{"line":176,"column":6}},"loc":{"start":{"line":169,"column":27},"end":{"line":176,"column":6}},"line":169},"6":{"name":"update","decl":{"start":{"line":179,"column":19},"end":{"line":184,"column":6}},"loc":{"start":{"line":179,"column":19},"end":{"line":184,"column":6}},"line":179},"7":{"name":"onSpell","decl":{"start":{"line":206,"column":20},"end":{"line":239,"column":6}},"loc":{"start":{"line":206,"column":20},"end":{"line":239,"column":6}},"line":206},"8":{"name":"onClick","decl":{"start":{"line":255,"column":21},"end":{"line":255,"column":54}},"loc":{"start":{"line":255,"column":21},"end":{"line":255,"column":54}},"line":255},"9":{"name":"onChange","decl":{"start":{"line":285,"column":22},"end":{"line":285,"column":57}},"loc":{"start":{"line":285,"column":22},"end":{"line":285,"column":57}},"line":285},"10":{"name":"onChange","decl":{"start":{"line":296,"column":22},"end":{"line":296,"column":54}},"loc":{"start":{"line":296,"column":22},"end":{"line":296,"column":54}},"line":296},"11":{"name":"onChange","decl":{"start":{"line":307,"column":22},"end":{"line":307,"column":57}},"loc":{"start":{"line":307,"column":22},"end":{"line":307,"column":57}},"line":307},"12":{"name":"onChange","decl":{"start":{"line":318,"column":22},"end":{"line":318,"column":56}},"loc":{"start":{"line":318,"column":22},"end":{"line":318,"column":56}},"line":318}},"f":{"0":195,"1":25,"2":12,"3":0,"4":2,"5":2,"6":2,"7":12,"8":0,"9":29,"10":28,"11":28,"12":27}}
}
